Log file open, 06/13/20 13:35:55
LogInit: Display: Running engine for game: pinball_Trunesh
LogPlatformFile: Not using cached read wrapper
LogTaskGraph: Started task graph with 5 named threads and 23 total threads with 3 sets of task threads.
LogStats: Stats thread started at 1.998879
LogD3D11RHI: Loaded GFSDK_Aftermath_Lib.x64.dll
LogICUInternationalization: ICU TimeZone Detection - Raw Offset: +5:30, Platform Override: ''
LogPluginManager: Mounting plugin Paper2D
LogPluginManager: Mounting plugin AISupport
LogPluginManager: Mounting plugin LightPropagationVolume
LogPluginManager: Mounting plugin CameraShakePreviewer
LogPluginManager: Mounting plugin ActorLayerUtilities
LogPluginManager: Mounting plugin AnimationSharing
LogPluginManager: Mounting plugin CLionSourceCodeAccess
LogPluginManager: Mounting plugin CodeLiteSourceCodeAccess
LogPluginManager: Mounting plugin GitSourceControl
LogPluginManager: Mounting plugin KDevelopSourceCodeAccess
LogPluginManager: Mounting plugin NullSourceCodeAccess
LogPluginManager: Mounting plugin PerforceSourceControl
LogPluginManager: Mounting plugin PlasticSourceControl
LogPluginManager: Mounting plugin RiderSourceCodeAccess
LogPluginManager: Mounting plugin SubversionSourceControl
LogPluginManager: Mounting plugin UObjectPlugin
LogPluginManager: Mounting plugin VisualStudioCodeSourceCodeAccess
LogPluginManager: Mounting plugin VisualStudioSourceCodeAccess
LogPluginManager: Mounting plugin XCodeSourceCodeAccess
LogPluginManager: Mounting plugin AssetManagerEditor
LogPluginManager: Mounting plugin CryptoKeys
LogPluginManager: Mounting plugin CurveEditorTools
LogPluginManager: Mounting plugin DataValidation
LogPluginManager: Mounting plugin EditorScriptingUtilities
LogPluginManager: Mounting plugin FacialAnimation
LogPluginManager: Mounting plugin GameplayTagsEditor
LogPluginManager: Mounting plugin GeometryMode
LogPluginManager: Mounting plugin MacGraphicsSwitching
LogPluginManager: Mounting plugin MaterialAnalyzer
LogPluginManager: Mounting plugin MobileLauncherProfileWizard
LogPluginManager: Mounting plugin PluginBrowser
LogPluginManager: Mounting plugin SpeedTreeImporter
LogPluginManager: Mounting plugin DatasmithContent
LogPluginManager: Mounting plugin VariantManagerContent
LogPluginManager: Mounting plugin AlembicImporter
LogPluginManager: Mounting plugin AutomationUtils
LogPluginManager: Mounting plugin BackChannel
LogPluginManager: Mounting plugin ChaosCloth
LogPluginManager: Mounting plugin ChaosClothEditor
LogPluginManager: Mounting plugin ChaosEditor
LogPluginManager: Mounting plugin ChaosNiagara
LogPluginManager: Mounting plugin ChaosSolverPlugin
LogPluginManager: Mounting plugin CharacterAI
LogPluginManager: Mounting plugin GeometryCache
LogPluginManager: Mounting plugin GeometryCollectionPlugin
LogPluginManager: Mounting plugin GeometryProcessing
LogPluginManager: Mounting plugin PlanarCut
LogPluginManager: Mounting plugin PlatformCrypto
LogPluginManager: Mounting plugin ProxyLODPlugin
LogPluginManager: Mounting plugin SkeletalReduction
LogPluginManager: Mounting plugin Niagara
LogPluginManager: Mounting plugin MagicLeap
LogPluginManager: Mounting plugin MagicLeapLightEstimation
LogPluginManager: Mounting plugin MagicLeapMedia
LogPluginManager: Mounting plugin MagicLeapPassableWorld
LogPluginManager: Mounting plugin MLSDK
LogPluginManager: Mounting plugin AndroidMedia
LogPluginManager: Mounting plugin AvfMedia
LogPluginManager: Mounting plugin ImgMedia
LogPluginManager: Mounting plugin MediaCompositing
LogPluginManager: Mounting plugin MediaPlayerEditor
LogPluginManager: Mounting plugin WebMMedia
LogPluginManager: Mounting plugin WmfMedia
LogPluginManager: Mounting plugin MeshPainting
LogPluginManager: Mounting plugin TcpMessaging
LogPluginManager: Mounting plugin UdpMessaging
LogPluginManager: Mounting plugin ActorSequence
LogPluginManager: Mounting plugin LevelSequenceEditor
LogPluginManager: Mounting plugin MatineeToLevelSequence
LogPluginManager: Mounting plugin MovieRenderPipeline
LogPluginManager: Mounting plugin TemplateSequence
LogPluginManager: Mounting plugin NetcodeUnitTest
LogPluginManager: Mounting plugin NUTUnrealEngine4
LogPluginManager: Mounting plugin OnlineSubsystemGooglePlay
LogPluginManager: Mounting plugin OnlineSubsystemIOS
LogPluginManager: Mounting plugin OnlineSubsystem
LogPluginManager: Mounting plugin OnlineSubsystemNull
LogPluginManager: Mounting plugin OnlineSubsystemUtils
LogPluginManager: Mounting plugin LauncherChunkInstaller
LogPluginManager: Mounting plugin AndroidDeviceProfileSelector
LogPluginManager: Mounting plugin AndroidMoviePlayer
LogPluginManager: Mounting plugin AndroidPermission
LogPluginManager: Mounting plugin AppleImageUtils
LogPluginManager: Mounting plugin AppleMoviePlayer
LogPluginManager: Mounting plugin ArchVisCharacter
LogPluginManager: Mounting plugin AssetTags
LogPluginManager: Mounting plugin AudioCapture
LogPluginManager: Mounting plugin CableComponent
LogPluginManager: Mounting plugin CustomMeshComponent
LogPluginManager: Mounting plugin EditableMesh
LogPluginManager: Mounting plugin ExampleDeviceProfileSelector
LogPluginManager: Mounting plugin GoogleCloudMessaging
LogPluginManager: Mounting plugin GooglePAD
LogPluginManager: Mounting plugin IOSDeviceProfileSelector
LogPluginManager: Mounting plugin LinuxDeviceProfileSelector
LogPluginManager: Mounting plugin LocationServicesBPLibrary
LogPluginManager: Mounting plugin MobilePatchingUtils
LogPluginManager: Mounting plugin OculusVR
LogPluginManager: Mounting plugin PhysXVehicles
LogPluginManager: Mounting plugin PostSplashScreen
LogPluginManager: Mounting plugin ProceduralMeshComponent
LogPluginManager: Mounting plugin RuntimePhysXCooking
LogPluginManager: Mounting plugin SignificanceManager
LogPluginManager: Mounting plugin SoundFields
LogPluginManager: Mounting plugin SteamVR
LogPluginManager: Mounting plugin Synthesis
LogPluginManager: Mounting plugin WebMMoviePlayer
LogPluginManager: Mounting plugin WindowsMoviePlayer
LogPluginManager: Mounting plugin ScreenshotTools
LogInit: Using libcurl 7.55.1-DEV
LogInit:  - built for x86_64-pc-win32
LogInit:  - supports SSL with OpenSSL/1.1.1
LogInit:  - supports HTTP deflate (compression) using libz 1.2.8
LogInit:  - other features:
LogInit:      CURL_VERSION_SSL
LogInit:      CURL_VERSION_LIBZ
LogInit:      CURL_VERSION_IPV6
LogInit:      CURL_VERSION_ASYNCHDNS
LogInit:      CURL_VERSION_LARGEFILE
LogInit:      CURL_VERSION_IDN
LogInit:  CurlRequestOptions (configurable via config and command line):
LogInit:  - bVerifyPeer = true  - Libcurl will verify peer certificate
LogInit:  - bUseHttpProxy = false  - Libcurl will NOT use HTTP proxy
LogInit:  - bDontReuseConnections = false  - Libcurl will reuse connections
LogInit:  - MaxHostConnections = 16  - Libcurl will limit the number of connections to a host
LogInit:  - LocalHostAddr = Default
LogInit:  - BufferSize = 65536
LogOnline: OSS: Creating online subsystem instance for: NULL
LogInit: WinSock: version 1.1 (2.2), MaxSocks=32767, MaxUdp=65467
LogOnline: OSS: TryLoadSubsystemAndSetDefault: Loaded subsystem for module [NULL]
LogInit: Build: ++UE4+Release-4.25-CL-13594126
LogInit: Engine Version: 4.25.1-13594126+++UE4+Release-4.25
LogInit: Compatible Engine Version: 4.25.0-13144385+++UE4+Release-4.25
LogInit: Net CL: 13144385
LogInit: OS: Windows 10 (Release 1909) (), CPU: Intel(R) Core(TM) i5-8300H CPU @ 2.30GHz, GPU: Intel(R) UHD Graphics 630
LogInit: Compiled (64-bit): Jun  2 2020 02:10:36
LogInit: Compiled with Visual C++: 19.24.28315.00
LogInit: Build Configuration: Development
LogInit: Branch Name: ++UE4+Release-4.25
LogInit: Command Line: 
LogInit: Base Directory: D:/UE_4.25/Engine/Binaries/Win64/
LogInit: Allocator: TBB
LogInit: Installed Engine Build: 1
LogDevObjectVersion: Number of dev versions registered: 26
LogDevObjectVersion:   Dev-Blueprints (B0D832E4-1F89-4F0D-ACCF-7EB736FD4AA2): 10
LogDevObjectVersion:   Dev-Build (E1C64328-A22C-4D53-A36C-8E866417BD8C): 0
LogDevObjectVersion:   Dev-Core (375EC13C-06E4-48FB-B500-84F0262A717E): 4
LogDevObjectVersion:   Dev-Editor (E4B068ED-F494-42E9-A231-DA0B2E46BB41): 38
LogDevObjectVersion:   Dev-Framework (CFFC743F-43B0-4480-9391-14DF171D2073): 37
LogDevObjectVersion:   Dev-Mobile (B02B49B5-BB20-44E9-A304-32B752E40360): 2
LogDevObjectVersion:   Dev-Networking (A4E4105C-59A1-49B5-A7C5-40C4547EDFEE): 0
LogDevObjectVersion:   Dev-Online (39C831C9-5AE6-47DC-9A44-9C173E1C8E7C): 0
LogDevObjectVersion:   Dev-Physics (78F01B33-EBEA-4F98-B9B4-84EACCB95AA2): 4
LogDevObjectVersion:   Dev-Platform (6631380F-2D4D-43E0-8009-CF276956A95A): 0
LogDevObjectVersion:   Dev-Rendering (12F88B9F-8875-4AFC-A67C-D90C383ABD29): 43
LogDevObjectVersion:   Dev-Sequencer (7B5AE74C-D270-4C10-A958-57980B212A5A): 12
LogDevObjectVersion:   Dev-VR (D7296918-1DD6-4BDD-9DE2-64A83CC13884): 3
LogDevObjectVersion:   Dev-LoadTimes (C2A15278-BFE7-4AFE-6C17-90FF531DF755): 1
LogDevObjectVersion:   Private-Geometry (6EACA3D4-40EC-4CC1-B786-8BED09428FC5): 3
LogDevObjectVersion:   Dev-AnimPhys (29E575DD-E0A3-4627-9D10-D276232CDCEA): 17
LogDevObjectVersion:   Dev-Anim (AF43A65D-7FD3-4947-9873-3E8ED9C1BB05): 7
LogDevObjectVersion:   Dev-ReflectionCapture (6B266CEC-1EC7-4B8F-A30B-E4D90942FC07): 1
LogDevObjectVersion:   Dev-Automation (0DF73D61-A23F-47EA-B727-89E90C41499A): 1
LogDevObjectVersion:   FortniteMain (601D1886-AC64-4F84-AA16-D3DE0DEAC7D6): 31
LogDevObjectVersion:   Dev-Enterprise (9DFFBCD6-494F-0158-E221-12823C92A888): 10
LogDevObjectVersion:   Dev-Niagara (F2AED0AC-9AFE-416F-8664-AA7FFA26D6FC): 1
LogDevObjectVersion:   Dev-Destruction (174F1F0B-B4C6-45A5-B13F-2EE8D0FB917D): 10
LogDevObjectVersion:   Dev-Physics-Ext (35F94A83-E258-406C-A318-09F59610247C): 37
LogDevObjectVersion:   Dev-PhysicsMaterial-Chaos (B68FC16E-8B1B-42E2-B453-215C058844FE): 1
LogDevObjectVersion:   Dev-CineCamera (B2E18506-4273-CFC2-A54E-F4BB758BBA07): 1
LogInit: Presizing for max 25165824 objects, including 0 objects not considered by GC, pre-allocating 0 bytes for permanent pool.
LogConfig: Applying CVar settings from Section [/Script/Engine.StreamingSettings] File [D:/Testing Unrealengine/My own repository copy unreal engine trunesh/UnrealEngine_Trunesh/pinball_Trunesh/Saved/Config/Windows/Engine.ini]
LogConfig: Setting CVar [[s.MinBulkDataSizeForAsyncLoading:131072]]
LogConfig: Setting CVar [[s.AsyncLoadingThreadEnabled:0]]
LogConfig: Setting CVar [[s.EventDrivenLoaderEnabled:1]]
LogConfig: Setting CVar [[s.WarnIfTimeLimitExceeded:0]]
LogConfig: Setting CVar [[s.TimeLimitExceededMultiplier:1.5]]
LogConfig: Setting CVar [[s.TimeLimitExceededMinTime:0.005]]
LogConfig: Setting CVar [[s.UseBackgroundLevelStreaming:1]]
LogConfig: Setting CVar [[s.PriorityAsyncLoadingExtraTime:15.0]]
LogConfig: Setting CVar [[s.LevelStreamingActorsUpdateTimeLimit:5.0]]
LogConfig: Setting CVar [[s.PriorityLevelStreamingActorsUpdateExtraTime:5.0]]
LogConfig: Setting CVar [[s.LevelStreamingComponentsRegistrationGranularity:10]]
LogConfig: Setting CVar [[s.UnregisterComponentsTimeLimit:1.0]]
LogConfig: Setting CVar [[s.LevelStreamingComponentsUnregistrationGranularity:5]]
LogConfig: Setting CVar [[s.FlushStreamingOnExit:1]]
LogInit: Object subsystem initialized
LogConfig: Setting CVar [[con.DebugEarlyDefault:1]]
LogConfig: Setting CVar [[r.setres:1280x720]]
[2020.06.13-08.05.55:917][  0]LogConfig: Setting CVar [[r.VSync:0]]
[2020.06.13-08.05.55:917][  0]LogConfig: Setting CVar [[r.RHICmdBypass:0]]
[2020.06.13-08.05.55:917][  0]LogConfig: Applying CVar settings from Section [/Script/Engine.RendererSettings] File [D:/Testing Unrealengine/My own repository copy unreal engine trunesh/UnrealEngine_Trunesh/pinball_Trunesh/Saved/Config/Windows/Engine.ini]
[2020.06.13-08.05.55:917][  0]LogConfig: Setting CVar [[r.GPUCrashDebugging:0]]
[2020.06.13-08.05.55:917][  0]LogConfig: Applying CVar settings from Section [/Script/Engine.RendererOverrideSettings] File [D:/Testing Unrealengine/My own repository copy unreal engine trunesh/UnrealEngine_Trunesh/pinball_Trunesh/Saved/Config/Windows/Engine.ini]
[2020.06.13-08.05.55:917][  0]LogConfig: Applying CVar settings from Section [/Script/Engine.StreamingSettings] File [D:/Testing Unrealengine/My own repository copy unreal engine trunesh/UnrealEngine_Trunesh/pinball_Trunesh/Saved/Config/Windows/Engine.ini]
[2020.06.13-08.05.55:917][  0]LogConfig: Setting CVar [[s.MinBulkDataSizeForAsyncLoading:131072]]
[2020.06.13-08.05.55:917][  0]LogConfig: Setting CVar [[s.AsyncLoadingThreadEnabled:0]]
[2020.06.13-08.05.55:917][  0]LogConfig: Setting CVar [[s.EventDrivenLoaderEnabled:1]]
[2020.06.13-08.05.55:917][  0]LogConfig: Setting CVar [[s.WarnIfTimeLimitExceeded:0]]
[2020.06.13-08.05.55:917][  0]LogConfig: Setting CVar [[s.TimeLimitExceededMultiplier:1.5]]
[2020.06.13-08.05.55:917][  0]LogConfig: Setting CVar [[s.TimeLimitExceededMinTime:0.005]]
[2020.06.13-08.05.55:917][  0]LogConfig: Setting CVar [[s.UseBackgroundLevelStreaming:1]]
[2020.06.13-08.05.55:917][  0]LogConfig: Setting CVar [[s.PriorityAsyncLoadingExtraTime:15.0]]
[2020.06.13-08.05.55:917][  0]LogConfig: Setting CVar [[s.LevelStreamingActorsUpdateTimeLimit:5.0]]
[2020.06.13-08.05.55:917][  0]LogConfig: Setting CVar [[s.PriorityLevelStreamingActorsUpdateExtraTime:5.0]]
[2020.06.13-08.05.55:917][  0]LogConfig: Setting CVar [[s.LevelStreamingComponentsRegistrationGranularity:10]]
[2020.06.13-08.05.55:917][  0]LogConfig: Setting CVar [[s.UnregisterComponentsTimeLimit:1.0]]
[2020.06.13-08.05.55:917][  0]LogConfig: Setting CVar [[s.LevelStreamingComponentsUnregistrationGranularity:5]]
[2020.06.13-08.05.55:917][  0]LogConfig: Setting CVar [[s.FlushStreamingOnExit:1]]
[2020.06.13-08.05.55:917][  0]LogConfig: Applying CVar settings from Section [/Script/Engine.GarbageCollectionSettings] File [D:/Testing Unrealengine/My own repository copy unreal engine trunesh/UnrealEngine_Trunesh/pinball_Trunesh/Saved/Config/Windows/Engine.ini]
[2020.06.13-08.05.55:917][  0]LogConfig: Setting CVar [[gc.MaxObjectsNotConsideredByGC:1]]
[2020.06.13-08.05.55:917][  0]LogConfig: Setting CVar [[gc.SizeOfPermanentObjectPool:0]]
[2020.06.13-08.05.55:917][  0]LogConfig: Setting CVar [[gc.FlushStreamingOnGC:0]]
[2020.06.13-08.05.55:917][  0]LogConfig: Setting CVar [[gc.NumRetriesBeforeForcingGC:10]]
[2020.06.13-08.05.55:917][  0]LogConfig: Setting CVar [[gc.AllowParallelGC:1]]
[2020.06.13-08.05.55:918][  0]LogConfig: Setting CVar [[gc.TimeBetweenPurgingPendingKillObjects:61.1]]
[2020.06.13-08.05.55:918][  0]LogConfig: Setting CVar [[gc.MaxObjectsInEditor:25165824]]
[2020.06.13-08.05.55:918][  0]LogConfig: Setting CVar [[gc.IncrementalBeginDestroyEnabled:1]]
[2020.06.13-08.05.55:918][  0]LogConfig: Setting CVar [[gc.CreateGCClusters:1]]
[2020.06.13-08.05.55:918][  0]LogConfig: Setting CVar [[gc.MinGCClusterSize:5]]
[2020.06.13-08.05.55:918][  0]LogConfig: Setting CVar [[gc.ActorClusteringEnabled:0]]
[2020.06.13-08.05.55:918][  0]LogConfig: Setting CVar [[gc.BlueprintClusteringEnabled:0]]
[2020.06.13-08.05.55:918][  0]LogConfig: Setting CVar [[gc.UseDisregardForGCOnDedicatedServers:0]]
[2020.06.13-08.05.55:918][  0]LogConfig: Applying CVar settings from Section [/Script/Engine.NetworkSettings] File [D:/Testing Unrealengine/My own repository copy unreal engine trunesh/UnrealEngine_Trunesh/pinball_Trunesh/Saved/Config/Windows/Engine.ini]
[2020.06.13-08.05.55:918][  0]LogConfig: Applying CVar settings from Section [/Script/UnrealEd.CookerSettings] File [D:/Testing Unrealengine/My own repository copy unreal engine trunesh/UnrealEngine_Trunesh/pinball_Trunesh/Saved/Config/Windows/Engine.ini]
[2020.06.13-08.05.55:921][  0]LogConfig: Applying CVar settings from Section [ViewDistanceQuality@3] File [D:/Testing Unrealengine/My own repository copy unreal engine trunesh/UnrealEngine_Trunesh/pinball_Trunesh/Saved/Config/Windows/Scalability.ini]
[2020.06.13-08.05.55:921][  0]LogConfig: Setting CVar [[r.SkeletalMeshLODBias:0]]
[2020.06.13-08.05.55:921][  0]LogConfig: Setting CVar [[r.ViewDistanceScale:1.0]]
[2020.06.13-08.05.55:921][  0]LogConfig: Applying CVar settings from Section [AntiAliasingQuality@3] File [D:/Testing Unrealengine/My own repository copy unreal engine trunesh/UnrealEngine_Trunesh/pinball_Trunesh/Saved/Config/Windows/Scalability.ini]
[2020.06.13-08.05.55:921][  0]LogConfig: Setting CVar [[r.PostProcessAAQuality:4]]
[2020.06.13-08.05.55:921][  0]LogConfig: Applying CVar settings from Section [ShadowQuality@3] File [D:/Testing Unrealengine/My own repository copy unreal engine trunesh/UnrealEngine_Trunesh/pinball_Trunesh/Saved/Config/Windows/Scalability.ini]
[2020.06.13-08.05.55:921][  0]LogConfig: Setting CVar [[r.LightFunctionQuality:1]]
[2020.06.13-08.05.55:921][  0]LogConfig: Setting CVar [[r.ShadowQuality:5]]
[2020.06.13-08.05.55:921][  0]LogConfig: Setting CVar [[r.Shadow.CSM.MaxCascades:10]]
[2020.06.13-08.05.55:921][  0]LogConfig: Setting CVar [[r.Shadow.MaxResolution:2048]]
[2020.06.13-08.05.55:921][  0]LogConfig: Setting CVar [[r.Shadow.MaxCSMResolution:2048]]
[2020.06.13-08.05.55:921][  0]LogConfig: Setting CVar [[r.Shadow.RadiusThreshold:0.01]]
[2020.06.13-08.05.55:921][  0]LogConfig: Setting CVar [[r.Shadow.DistanceScale:1.0]]
[2020.06.13-08.05.55:921][  0]LogConfig: Setting CVar [[r.Shadow.CSM.TransitionScale:1.0]]
[2020.06.13-08.05.55:921][  0]LogConfig: Setting CVar [[r.Shadow.PreShadowResolutionFactor:1.0]]
[2020.06.13-08.05.55:921][  0]LogConfig: Setting CVar [[r.DistanceFieldShadowing:1]]
[2020.06.13-08.05.55:921][  0]LogConfig: Setting CVar [[r.DistanceFieldAO:1]]
[2020.06.13-08.05.55:921][  0]LogConfig: Setting CVar [[r.AOQuality:2]]
[2020.06.13-08.05.55:921][  0]LogConfig: Setting CVar [[r.VolumetricFog:1]]
[2020.06.13-08.05.55:921][  0]LogConfig: Setting CVar [[r.VolumetricFog.GridPixelSize:8]]
[2020.06.13-08.05.55:921][  0]LogConfig: Setting CVar [[r.VolumetricFog.GridSizeZ:128]]
[2020.06.13-08.05.55:921][  0]LogConfig: Setting CVar [[r.VolumetricFog.HistoryMissSupersampleCount:4]]
[2020.06.13-08.05.55:921][  0]LogConfig: Setting CVar [[r.LightMaxDrawDistanceScale:1]]
[2020.06.13-08.05.55:921][  0]LogConfig: Setting CVar [[r.CapsuleShadows:1]]
[2020.06.13-08.05.55:921][  0]LogConfig: Applying CVar settings from Section [PostProcessQuality@3] File [D:/Testing Unrealengine/My own repository copy unreal engine trunesh/UnrealEngine_Trunesh/pinball_Trunesh/Saved/Config/Windows/Scalability.ini]
[2020.06.13-08.05.55:921][  0]LogConfig: Setting CVar [[r.MotionBlurQuality:4]]
[2020.06.13-08.05.55:921][  0]LogConfig: Setting CVar [[r.AmbientOcclusionMipLevelFactor:0.4]]
[2020.06.13-08.05.55:921][  0]LogConfig: Setting CVar [[r.AmbientOcclusionMaxQuality:100]]
[2020.06.13-08.05.55:921][  0]LogConfig: Setting CVar [[r.AmbientOcclusionLevels:-1]]
[2020.06.13-08.05.55:921][  0]LogConfig: Setting CVar [[r.AmbientOcclusionRadiusScale:1.0]]
[2020.06.13-08.05.55:921][  0]LogConfig: Setting CVar [[r.DepthOfFieldQuality:2]]
[2020.06.13-08.05.55:921][  0]LogConfig: Setting CVar [[r.RenderTargetPoolMin:400]]
[2020.06.13-08.05.55:921][  0]LogConfig: Setting CVar [[r.LensFlareQuality:2]]
[2020.06.13-08.05.55:921][  0]LogConfig: Setting CVar [[r.SceneColorFringeQuality:1]]
[2020.06.13-08.05.55:921][  0]LogConfig: Setting CVar [[r.EyeAdaptationQuality:2]]
[2020.06.13-08.05.55:921][  0]LogConfig: Setting CVar [[r.BloomQuality:5]]
[2020.06.13-08.05.55:921][  0]LogConfig: Setting CVar [[r.FastBlurThreshold:100]]
[2020.06.13-08.05.55:921][  0]LogConfig: Setting CVar [[r.Upscale.Quality:3]]
[2020.06.13-08.05.55:922][  0]LogConfig: Setting CVar [[r.Tonemapper.GrainQuantization:1]]
[2020.06.13-08.05.55:922][  0]LogConfig: Setting CVar [[r.LightShaftQuality:1]]
[2020.06.13-08.05.55:922][  0]LogConfig: Setting CVar [[r.Filter.SizeScale:1]]
[2020.06.13-08.05.55:922][  0]LogConfig: Setting CVar [[r.Tonemapper.Quality:5]]
[2020.06.13-08.05.55:922][  0]LogConfig: Setting CVar [[r.DOF.Gather.AccumulatorQuality:1        ; higher gathering accumulator quality]]
[2020.06.13-08.05.55:922][  0]LogConfig: Setting CVar [[r.DOF.Gather.PostfilterMethod:1          ; Median3x3 postfilering method]]
[2020.06.13-08.05.55:922][  0]LogConfig: Setting CVar [[r.DOF.Gather.EnableBokehSettings:0       ; no bokeh simulation when gathering]]
[2020.06.13-08.05.55:922][  0]LogConfig: Setting CVar [[r.DOF.Gather.RingCount:4                 ; medium number of samples when gathering]]
[2020.06.13-08.05.55:922][  0]LogConfig: Setting CVar [[r.DOF.Scatter.ForegroundCompositing:1    ; additive foreground scattering]]
[2020.06.13-08.05.55:922][  0]LogConfig: Setting CVar [[r.DOF.Scatter.BackgroundCompositing:2    ; additive background scattering]]
[2020.06.13-08.05.55:922][  0]LogConfig: Setting CVar [[r.DOF.Scatter.EnableBokehSettings:1      ; bokeh simulation when scattering]]
[2020.06.13-08.05.55:922][  0]LogConfig: Setting CVar [[r.DOF.Scatter.MaxSpriteRatio:0.1         ; only a maximum of 10% of scattered bokeh]]
[2020.06.13-08.05.55:922][  0]LogConfig: Setting CVar [[r.DOF.Recombine.Quality:1                ; cheap slight out of focus]]
[2020.06.13-08.05.55:922][  0]LogConfig: Setting CVar [[r.DOF.Recombine.EnableBokehSettings:0    ; no bokeh simulation on slight out of focus]]
[2020.06.13-08.05.55:922][  0]LogConfig: Setting CVar [[r.DOF.TemporalAAQuality:1                ; more stable temporal accumulation]]
[2020.06.13-08.05.55:922][  0]LogConfig: Setting CVar [[r.DOF.Kernel.MaxForegroundRadius:0.025]]
[2020.06.13-08.05.55:922][  0]LogConfig: Setting CVar [[r.DOF.Kernel.MaxBackgroundRadius:0.025]]
[2020.06.13-08.05.55:922][  0]LogConfig: Applying CVar settings from Section [TextureQuality@3] File [D:/Testing Unrealengine/My own repository copy unreal engine trunesh/UnrealEngine_Trunesh/pinball_Trunesh/Saved/Config/Windows/Scalability.ini]
[2020.06.13-08.05.55:922][  0]LogConfig: Setting CVar [[r.Streaming.MipBias:0]]
[2020.06.13-08.05.55:922][  0]LogConfig: Setting CVar [[r.Streaming.AmortizeCPUToGPUCopy:0]]
[2020.06.13-08.05.55:922][  0]LogConfig: Setting CVar [[r.Streaming.MaxNumTexturesToStreamPerFrame:0]]
[2020.06.13-08.05.55:922][  0]LogConfig: Setting CVar [[r.Streaming.Boost:1]]
[2020.06.13-08.05.55:922][  0]LogConfig: Setting CVar [[r.MaxAnisotropy:8]]
[2020.06.13-08.05.55:922][  0]LogConfig: Setting CVar [[r.VT.MaxAnisotropy:8]]
[2020.06.13-08.05.55:922][  0]LogConfig: Setting CVar [[r.Streaming.LimitPoolSizeToVRAM:0]]
[2020.06.13-08.05.55:922][  0]LogConfig: Setting CVar [[r.Streaming.PoolSize:1000]]
[2020.06.13-08.05.55:922][  0]LogConfig: Setting CVar [[r.Streaming.MaxEffectiveScreenSize:0]]
[2020.06.13-08.05.55:922][  0]LogConfig: Applying CVar settings from Section [EffectsQuality@3] File [D:/Testing Unrealengine/My own repository copy unreal engine trunesh/UnrealEngine_Trunesh/pinball_Trunesh/Saved/Config/Windows/Scalability.ini]
[2020.06.13-08.05.55:922][  0]LogConfig: Setting CVar [[r.TranslucencyLightingVolumeDim:64]]
[2020.06.13-08.05.55:922][  0]LogConfig: Setting CVar [[r.RefractionQuality:2]]
[2020.06.13-08.05.55:922][  0]LogConfig: Setting CVar [[r.SSR.Quality:3]]
[2020.06.13-08.05.55:922][  0]LogConfig: Setting CVar [[r.SSR.HalfResSceneColor:0]]
[2020.06.13-08.05.55:922][  0]LogConfig: Setting CVar [[r.SceneColorFormat:4]]
[2020.06.13-08.05.55:922][  0]LogConfig: Setting CVar [[r.DetailMode:2]]
[2020.06.13-08.05.55:922][  0]LogConfig: Setting CVar [[r.TranslucencyVolumeBlur:1]]
[2020.06.13-08.05.55:922][  0]LogConfig: Setting CVar [[r.MaterialQualityLevel:1 ; High quality]]
[2020.06.13-08.05.55:922][  0]LogConfig: Setting CVar [[r.SSS.Scale:1]]
[2020.06.13-08.05.55:922][  0]LogConfig: Setting CVar [[r.SSS.SampleSet:2]]
[2020.06.13-08.05.55:922][  0]LogConfig: Setting CVar [[r.SSS.Quality:1]]
[2020.06.13-08.05.55:922][  0]LogConfig: Setting CVar [[r.SSS.HalfRes:0]]
[2020.06.13-08.05.55:922][  0]LogConfig: Setting CVar [[r.SSGI.Quality:3]]
[2020.06.13-08.05.55:922][  0]LogConfig: Setting CVar [[r.EmitterSpawnRateScale:1.0]]
[2020.06.13-08.05.55:922][  0]LogConfig: Setting CVar [[r.ParticleLightQuality:2]]
[2020.06.13-08.05.55:922][  0]LogConfig: Setting CVar [[r.SkyAtmosphere.AerialPerspectiveLUT.FastApplyOnOpaque:1 ; Always have FastSkyLUT 1 in this case to avoid wrong sky]]
[2020.06.13-08.05.55:922][  0]LogConfig: Setting CVar [[r.SkyAtmosphere.AerialPerspectiveLUT.SampleCountPerSlice:1]]
[2020.06.13-08.05.55:922][  0]LogConfig: Setting CVar [[r.SkyAtmosphere.AerialPerspectiveLUT.DepthResolution:16.0]]
[2020.06.13-08.05.55:922][  0]LogConfig: Setting CVar [[r.SkyAtmosphere.FastSkyLUT:1]]
[2020.06.13-08.05.55:922][  0]LogConfig: Setting CVar [[r.SkyAtmosphere.FastSkyLUT.SampleCountMin:4.0]]
[2020.06.13-08.05.55:922][  0]LogConfig: Setting CVar [[r.SkyAtmosphere.FastSkyLUT.SampleCountMax:32.0]]
[2020.06.13-08.05.55:922][  0]LogConfig: Setting CVar [[r.SkyAtmosphere.SampleCountMin:4.0]]
[2020.06.13-08.05.55:922][  0]LogConfig: Setting CVar [[r.SkyAtmosphere.SampleCountMax:32.0]]
[2020.06.13-08.05.55:923][  0]LogConfig: Setting CVar [[r.SkyAtmosphere.TransmittanceLUT.UseSmallFormat:0]]
[2020.06.13-08.05.55:923][  0]LogConfig: Setting CVar [[r.SkyAtmosphere.TransmittanceLUT.SampleCount:10.0]]
[2020.06.13-08.05.55:923][  0]LogConfig: Setting CVar [[r.SkyAtmosphere.MultiScatteringLUT.SampleCount:15.0]]
[2020.06.13-08.05.55:923][  0]LogConfig: Applying CVar settings from Section [FoliageQuality@3] File [D:/Testing Unrealengine/My own repository copy unreal engine trunesh/UnrealEngine_Trunesh/pinball_Trunesh/Saved/Config/Windows/Scalability.ini]
[2020.06.13-08.05.55:923][  0]LogConfig: Setting CVar [[foliage.DensityScale:1.0]]
[2020.06.13-08.05.55:923][  0]LogConfig: Setting CVar [[grass.DensityScale:1.0]]
[2020.06.13-08.05.55:923][  0]LogConfig: Applying CVar settings from Section [ShadingQuality@3] File [D:/Testing Unrealengine/My own repository copy unreal engine trunesh/UnrealEngine_Trunesh/pinball_Trunesh/Saved/Config/Windows/Scalability.ini]
[2020.06.13-08.05.55:923][  0]LogConfig: Setting CVar [[r.HairStrands.SkyLighting.SampleCount:16]]
[2020.06.13-08.05.55:923][  0]LogConfig: Setting CVar [[r.HairStrands.SkyLighting.JitterIntegration:0]]
[2020.06.13-08.05.55:923][  0]LogConfig: Setting CVar [[r.HairStrands.SkyAO.SampleCount:16]]
[2020.06.13-08.05.55:923][  0]LogConfig: Setting CVar [[r.HairStrands.DeepShadow.SuperSampling:0]]
[2020.06.13-08.05.55:923][  0]LogConfig: Setting CVar [[r.HairStrands.VisibilityPPLL:0]]
[2020.06.13-08.05.55:923][  0]LogConfig: Setting CVar [[r.HairStrands.RasterizationScale:0.5]]
[2020.06.13-08.05.55:923][  0]LogConfig: Setting CVar [[r.HairStrands.VelocityRasterizationScale:1]]
[2020.06.13-08.05.55:923][  0]LogInit: Selected Device Profile: [Windows]
[2020.06.13-08.05.55:923][  0]LogInit: Applying CVar settings loaded from the selected device profile: [Windows]
[2020.06.13-08.05.55:923][  0]LogHAL: Display: Platform has ~ 8 GB [8424574976 / 8589934592 / 8], which maps to Default [LargestMinGB=32, LargerMinGB=12, DefaultMinGB=8, SmallerMinGB=6, SmallestMinGB=0)
[2020.06.13-08.05.55:923][  0]LogInit: Going up to parent DeviceProfile []
[2020.06.13-08.05.55:923][  0]LogConfig: Applying CVar settings from Section [ViewDistanceQuality@3] File [D:/Testing Unrealengine/My own repository copy unreal engine trunesh/UnrealEngine_Trunesh/pinball_Trunesh/Saved/Config/Windows/Scalability.ini]
[2020.06.13-08.05.55:923][  0]LogConfig: Setting CVar [[r.SkeletalMeshLODBias:0]]
[2020.06.13-08.05.55:923][  0]LogConfig: Setting CVar [[r.ViewDistanceScale:1.0]]
[2020.06.13-08.05.55:923][  0]LogConfig: Applying CVar settings from Section [AntiAliasingQuality@3] File [D:/Testing Unrealengine/My own repository copy unreal engine trunesh/UnrealEngine_Trunesh/pinball_Trunesh/Saved/Config/Windows/Scalability.ini]
[2020.06.13-08.05.55:923][  0]LogConfig: Setting CVar [[r.PostProcessAAQuality:4]]
[2020.06.13-08.05.55:923][  0]LogConfig: Applying CVar settings from Section [ShadowQuality@3] File [D:/Testing Unrealengine/My own repository copy unreal engine trunesh/UnrealEngine_Trunesh/pinball_Trunesh/Saved/Config/Windows/Scalability.ini]
[2020.06.13-08.05.55:923][  0]LogConfig: Setting CVar [[r.LightFunctionQuality:1]]
[2020.06.13-08.05.55:923][  0]LogConfig: Setting CVar [[r.ShadowQuality:5]]
[2020.06.13-08.05.55:923][  0]LogConfig: Setting CVar [[r.Shadow.CSM.MaxCascades:10]]
[2020.06.13-08.05.55:923][  0]LogConfig: Setting CVar [[r.Shadow.MaxResolution:2048]]
[2020.06.13-08.05.55:923][  0]LogConfig: Setting CVar [[r.Shadow.MaxCSMResolution:2048]]
[2020.06.13-08.05.55:923][  0]LogConfig: Setting CVar [[r.Shadow.RadiusThreshold:0.01]]
[2020.06.13-08.05.55:923][  0]LogConfig: Setting CVar [[r.Shadow.DistanceScale:1.0]]
[2020.06.13-08.05.55:923][  0]LogConfig: Setting CVar [[r.Shadow.CSM.TransitionScale:1.0]]
[2020.06.13-08.05.55:923][  0]LogConfig: Setting CVar [[r.Shadow.PreShadowResolutionFactor:1.0]]
[2020.06.13-08.05.55:923][  0]LogConfig: Setting CVar [[r.DistanceFieldShadowing:1]]
[2020.06.13-08.05.55:923][  0]LogConfig: Setting CVar [[r.DistanceFieldAO:1]]
[2020.06.13-08.05.55:923][  0]LogConfig: Setting CVar [[r.AOQuality:2]]
[2020.06.13-08.05.55:923][  0]LogConfig: Setting CVar [[r.VolumetricFog:1]]
[2020.06.13-08.05.55:923][  0]LogConfig: Setting CVar [[r.VolumetricFog.GridPixelSize:8]]
[2020.06.13-08.05.55:923][  0]LogConfig: Setting CVar [[r.VolumetricFog.GridSizeZ:128]]
[2020.06.13-08.05.55:923][  0]LogConfig: Setting CVar [[r.VolumetricFog.HistoryMissSupersampleCount:4]]
[2020.06.13-08.05.55:923][  0]LogConfig: Setting CVar [[r.LightMaxDrawDistanceScale:1]]
[2020.06.13-08.05.55:923][  0]LogConfig: Setting CVar [[r.CapsuleShadows:1]]
[2020.06.13-08.05.55:923][  0]LogConfig: Applying CVar settings from Section [PostProcessQuality@3] File [D:/Testing Unrealengine/My own repository copy unreal engine trunesh/UnrealEngine_Trunesh/pinball_Trunesh/Saved/Config/Windows/Scalability.ini]
[2020.06.13-08.05.55:924][  0]LogConfig: Setting CVar [[r.MotionBlurQuality:4]]
[2020.06.13-08.05.55:924][  0]LogConfig: Setting CVar [[r.AmbientOcclusionMipLevelFactor:0.4]]
[2020.06.13-08.05.55:924][  0]LogConfig: Setting CVar [[r.AmbientOcclusionMaxQuality:100]]
[2020.06.13-08.05.55:924][  0]LogConfig: Setting CVar [[r.AmbientOcclusionLevels:-1]]
[2020.06.13-08.05.55:924][  0]LogConfig: Setting CVar [[r.AmbientOcclusionRadiusScale:1.0]]
[2020.06.13-08.05.55:924][  0]LogConfig: Setting CVar [[r.DepthOfFieldQuality:2]]
[2020.06.13-08.05.55:924][  0]LogConfig: Setting CVar [[r.RenderTargetPoolMin:400]]
[2020.06.13-08.05.55:924][  0]LogConfig: Setting CVar [[r.LensFlareQuality:2]]
[2020.06.13-08.05.55:924][  0]LogConfig: Setting CVar [[r.SceneColorFringeQuality:1]]
[2020.06.13-08.05.55:924][  0]LogConfig: Setting CVar [[r.EyeAdaptationQuality:2]]
[2020.06.13-08.05.55:924][  0]LogConfig: Setting CVar [[r.BloomQuality:5]]
[2020.06.13-08.05.55:924][  0]LogConfig: Setting CVar [[r.FastBlurThreshold:100]]
[2020.06.13-08.05.55:924][  0]LogConfig: Setting CVar [[r.Upscale.Quality:3]]
[2020.06.13-08.05.55:924][  0]LogConfig: Setting CVar [[r.Tonemapper.GrainQuantization:1]]
[2020.06.13-08.05.55:924][  0]LogConfig: Setting CVar [[r.LightShaftQuality:1]]
[2020.06.13-08.05.55:924][  0]LogConfig: Setting CVar [[r.Filter.SizeScale:1]]
[2020.06.13-08.05.55:924][  0]LogConfig: Setting CVar [[r.Tonemapper.Quality:5]]
[2020.06.13-08.05.55:924][  0]LogConfig: Setting CVar [[r.DOF.Gather.AccumulatorQuality:1        ; higher gathering accumulator quality]]
[2020.06.13-08.05.55:924][  0]LogConfig: Setting CVar [[r.DOF.Gather.PostfilterMethod:1          ; Median3x3 postfilering method]]
[2020.06.13-08.05.55:924][  0]LogConfig: Setting CVar [[r.DOF.Gather.EnableBokehSettings:0       ; no bokeh simulation when gathering]]
[2020.06.13-08.05.55:924][  0]LogConfig: Setting CVar [[r.DOF.Gather.RingCount:4                 ; medium number of samples when gathering]]
[2020.06.13-08.05.55:924][  0]LogConfig: Setting CVar [[r.DOF.Scatter.ForegroundCompositing:1    ; additive foreground scattering]]
[2020.06.13-08.05.55:924][  0]LogConfig: Setting CVar [[r.DOF.Scatter.BackgroundCompositing:2    ; additive background scattering]]
[2020.06.13-08.05.55:924][  0]LogConfig: Setting CVar [[r.DOF.Scatter.EnableBokehSettings:1      ; bokeh simulation when scattering]]
[2020.06.13-08.05.55:924][  0]LogConfig: Setting CVar [[r.DOF.Scatter.MaxSpriteRatio:0.1         ; only a maximum of 10% of scattered bokeh]]
[2020.06.13-08.05.55:924][  0]LogConfig: Setting CVar [[r.DOF.Recombine.Quality:1                ; cheap slight out of focus]]
[2020.06.13-08.05.55:924][  0]LogConfig: Setting CVar [[r.DOF.Recombine.EnableBokehSettings:0    ; no bokeh simulation on slight out of focus]]
[2020.06.13-08.05.55:924][  0]LogConfig: Setting CVar [[r.DOF.TemporalAAQuality:1                ; more stable temporal accumulation]]
[2020.06.13-08.05.55:924][  0]LogConfig: Setting CVar [[r.DOF.Kernel.MaxForegroundRadius:0.025]]
[2020.06.13-08.05.55:924][  0]LogConfig: Setting CVar [[r.DOF.Kernel.MaxBackgroundRadius:0.025]]
[2020.06.13-08.05.55:924][  0]LogConfig: Applying CVar settings from Section [TextureQuality@3] File [D:/Testing Unrealengine/My own repository copy unreal engine trunesh/UnrealEngine_Trunesh/pinball_Trunesh/Saved/Config/Windows/Scalability.ini]
[2020.06.13-08.05.55:924][  0]LogConfig: Setting CVar [[r.Streaming.MipBias:0]]
[2020.06.13-08.05.55:924][  0]LogConfig: Setting CVar [[r.Streaming.AmortizeCPUToGPUCopy:0]]
[2020.06.13-08.05.55:924][  0]LogConfig: Setting CVar [[r.Streaming.MaxNumTexturesToStreamPerFrame:0]]
[2020.06.13-08.05.55:924][  0]LogConfig: Setting CVar [[r.Streaming.Boost:1]]
[2020.06.13-08.05.55:924][  0]LogConfig: Setting CVar [[r.MaxAnisotropy:8]]
[2020.06.13-08.05.55:924][  0]LogConfig: Setting CVar [[r.VT.MaxAnisotropy:8]]
[2020.06.13-08.05.55:924][  0]LogConfig: Setting CVar [[r.Streaming.LimitPoolSizeToVRAM:0]]
[2020.06.13-08.05.55:924][  0]LogConfig: Setting CVar [[r.Streaming.PoolSize:1000]]
[2020.06.13-08.05.55:924][  0]LogConfig: Setting CVar [[r.Streaming.MaxEffectiveScreenSize:0]]
[2020.06.13-08.05.55:924][  0]LogConfig: Applying CVar settings from Section [EffectsQuality@3] File [D:/Testing Unrealengine/My own repository copy unreal engine trunesh/UnrealEngine_Trunesh/pinball_Trunesh/Saved/Config/Windows/Scalability.ini]
[2020.06.13-08.05.55:924][  0]LogConfig: Setting CVar [[r.TranslucencyLightingVolumeDim:64]]
[2020.06.13-08.05.55:924][  0]LogConfig: Setting CVar [[r.RefractionQuality:2]]
[2020.06.13-08.05.55:924][  0]LogConfig: Setting CVar [[r.SSR.Quality:3]]
[2020.06.13-08.05.55:924][  0]LogConfig: Setting CVar [[r.SSR.HalfResSceneColor:0]]
[2020.06.13-08.05.55:924][  0]LogConfig: Setting CVar [[r.SceneColorFormat:4]]
[2020.06.13-08.05.55:924][  0]LogConfig: Setting CVar [[r.DetailMode:2]]
[2020.06.13-08.05.55:924][  0]LogConfig: Setting CVar [[r.TranslucencyVolumeBlur:1]]
[2020.06.13-08.05.55:924][  0]LogConfig: Setting CVar [[r.MaterialQualityLevel:1 ; High quality]]
[2020.06.13-08.05.55:924][  0]LogConfig: Setting CVar [[r.SSS.Scale:1]]
[2020.06.13-08.05.55:924][  0]LogConfig: Setting CVar [[r.SSS.SampleSet:2]]
[2020.06.13-08.05.55:924][  0]LogConfig: Setting CVar [[r.SSS.Quality:1]]
[2020.06.13-08.05.55:925][  0]LogConfig: Setting CVar [[r.SSS.HalfRes:0]]
[2020.06.13-08.05.55:925][  0]LogConfig: Setting CVar [[r.SSGI.Quality:3]]
[2020.06.13-08.05.55:925][  0]LogConfig: Setting CVar [[r.EmitterSpawnRateScale:1.0]]
[2020.06.13-08.05.55:925][  0]LogConfig: Setting CVar [[r.ParticleLightQuality:2]]
[2020.06.13-08.05.55:925][  0]LogConfig: Setting CVar [[r.SkyAtmosphere.AerialPerspectiveLUT.FastApplyOnOpaque:1 ; Always have FastSkyLUT 1 in this case to avoid wrong sky]]
[2020.06.13-08.05.55:925][  0]LogConfig: Setting CVar [[r.SkyAtmosphere.AerialPerspectiveLUT.SampleCountPerSlice:1]]
[2020.06.13-08.05.55:925][  0]LogConfig: Setting CVar [[r.SkyAtmosphere.AerialPerspectiveLUT.DepthResolution:16.0]]
[2020.06.13-08.05.55:925][  0]LogConfig: Setting CVar [[r.SkyAtmosphere.FastSkyLUT:1]]
[2020.06.13-08.05.55:925][  0]LogConfig: Setting CVar [[r.SkyAtmosphere.FastSkyLUT.SampleCountMin:4.0]]
[2020.06.13-08.05.55:925][  0]LogConfig: Setting CVar [[r.SkyAtmosphere.FastSkyLUT.SampleCountMax:32.0]]
[2020.06.13-08.05.55:925][  0]LogConfig: Setting CVar [[r.SkyAtmosphere.SampleCountMin:4.0]]
[2020.06.13-08.05.55:925][  0]LogConfig: Setting CVar [[r.SkyAtmosphere.SampleCountMax:32.0]]
[2020.06.13-08.05.55:925][  0]LogConfig: Setting CVar [[r.SkyAtmosphere.TransmittanceLUT.UseSmallFormat:0]]
[2020.06.13-08.05.55:925][  0]LogConfig: Setting CVar [[r.SkyAtmosphere.TransmittanceLUT.SampleCount:10.0]]
[2020.06.13-08.05.55:925][  0]LogConfig: Setting CVar [[r.SkyAtmosphere.MultiScatteringLUT.SampleCount:15.0]]
[2020.06.13-08.05.55:925][  0]LogConfig: Applying CVar settings from Section [FoliageQuality@3] File [D:/Testing Unrealengine/My own repository copy unreal engine trunesh/UnrealEngine_Trunesh/pinball_Trunesh/Saved/Config/Windows/Scalability.ini]
[2020.06.13-08.05.55:925][  0]LogConfig: Setting CVar [[foliage.DensityScale:1.0]]
[2020.06.13-08.05.55:925][  0]LogConfig: Setting CVar [[grass.DensityScale:1.0]]
[2020.06.13-08.05.55:925][  0]LogConfig: Applying CVar settings from Section [ShadingQuality@3] File [D:/Testing Unrealengine/My own repository copy unreal engine trunesh/UnrealEngine_Trunesh/pinball_Trunesh/Saved/Config/Windows/Scalability.ini]
[2020.06.13-08.05.55:925][  0]LogConfig: Setting CVar [[r.HairStrands.SkyLighting.SampleCount:16]]
[2020.06.13-08.05.55:925][  0]LogConfig: Setting CVar [[r.HairStrands.SkyLighting.JitterIntegration:0]]
[2020.06.13-08.05.55:925][  0]LogConfig: Setting CVar [[r.HairStrands.SkyAO.SampleCount:16]]
[2020.06.13-08.05.55:925][  0]LogConfig: Setting CVar [[r.HairStrands.DeepShadow.SuperSampling:0]]
[2020.06.13-08.05.55:925][  0]LogConfig: Setting CVar [[r.HairStrands.VisibilityPPLL:0]]
[2020.06.13-08.05.55:925][  0]LogConfig: Setting CVar [[r.HairStrands.RasterizationScale:0.5]]
[2020.06.13-08.05.55:925][  0]LogConfig: Setting CVar [[r.HairStrands.VelocityRasterizationScale:1]]
[2020.06.13-08.05.55:925][  0]LogConfig: Applying CVar settings from Section [Startup] File [../../../Engine/Config/ConsoleVariables.ini]
[2020.06.13-08.05.55:925][  0]LogConfig: Setting CVar [[net.UseAdaptiveNetUpdateFrequency:0]]
[2020.06.13-08.05.55:925][  0]LogConfig: Setting CVar [[p.chaos.AllowCreatePhysxBodies:1]]
[2020.06.13-08.05.55:925][  0]LogConfig: Setting CVar [[fx.SkipVectorVMBackendOptimizations:1]]
[2020.06.13-08.05.55:925][  0]LogConfig: Applying CVar settings from Section [ConsoleVariables] File [D:/Testing Unrealengine/My own repository copy unreal engine trunesh/UnrealEngine_Trunesh/pinball_Trunesh/Saved/Config/Windows/Engine.ini]
[2020.06.13-08.05.55:926][  0]LogInit: Computer: DESKTOP-7QVL6SO
[2020.06.13-08.05.55:926][  0]LogInit: User: Karunesh
[2020.06.13-08.05.55:926][  0]LogInit: CPU Page size=4096, Cores=4
[2020.06.13-08.05.55:926][  0]LogInit: High frequency timer resolution =10.000000 MHz
[2020.06.13-08.05.55:926][  0]LogMemory: Memory total: Physical=7.8GB (8GB approx)
[2020.06.13-08.05.55:926][  0]LogMemory: Platform Memory Stats for Windows
[2020.06.13-08.05.55:926][  0]LogMemory: Process Physical Memory: 115.13 MB used, 115.14 MB peak
[2020.06.13-08.05.55:926][  0]LogMemory: Process Virtual Memory: 96.51 MB used, 96.51 MB peak
[2020.06.13-08.05.55:926][  0]LogMemory: Physical Memory: 3448.57 MB used,  4585.73 MB free, 8034.30 MB total
[2020.06.13-08.05.55:926][  0]LogMemory: Virtual Memory: 5144.14 MB used,  134212584.00 MB free, 134217728.00 MB total
[2020.06.13-08.05.55:932][  0]LogWindows: WindowsPlatformFeatures enabled
[2020.06.13-08.05.55:976][  0]LogInit: Physics initialised using underlying interface: PhysX
[2020.06.13-08.05.55:977][  0]LogInit: Using OS detected language (en-US).
[2020.06.13-08.05.55:977][  0]LogInit: Using OS detected locale (en-US).
[2020.06.13-08.05.55:981][  0]LogTextLocalizationManager: No specific localization for 'en-US' exists, so the 'en' localization will be used.
[2020.06.13-08.05.56:207][  0]LogInit: Setting process to per monitor DPI aware
[2020.06.13-08.05.56:243][  0]LogSlate: New Slate User Created.  User Index 0, Is Virtual User: 0
[2020.06.13-08.05.56:243][  0]LogSlate: Slate User Registered.  User Index 0, Is Virtual User: 0
[2020.06.13-08.05.56:491][  0]LogHMD: Failed to initialize OpenVR with code 110
[2020.06.13-08.05.56:491][  0]LogD3D11RHI: D3D11 min allowed feature level: 11_0
[2020.06.13-08.05.56:491][  0]LogD3D11RHI: D3D11 max allowed feature level: 11_0
[2020.06.13-08.05.56:491][  0]LogD3D11RHI: D3D11 adapters:
[2020.06.13-08.05.56:585][  0]LogD3D11RHI:    0. 'NVIDIA GeForce GTX 1050 Ti' (Feature Level 11_0)
[2020.06.13-08.05.56:585][  0]LogD3D11RHI:       4018/0/4017 MB DedicatedVideo/DedicatedSystem/SharedSystem, Outputs:1, VendorId:0x10de
[2020.06.13-08.05.56:622][  0]LogD3D11RHI:    1. 'Intel(R) UHD Graphics 630' (Feature Level 11_0)
[2020.06.13-08.05.56:622][  0]LogD3D11RHI:       128/0/4017 MB DedicatedVideo/DedicatedSystem/SharedSystem, Outputs:0, VendorId:0x8086
[2020.06.13-08.05.56:625][  0]LogD3D11RHI:    2. 'Microsoft Basic Render Driver' (Feature Level 11_0)
[2020.06.13-08.05.56:625][  0]LogD3D11RHI:       0/0/4017 MB DedicatedVideo/DedicatedSystem/SharedSystem, Outputs:0, VendorId:0x1414
[2020.06.13-08.05.56:625][  0]LogD3D11RHI: Chosen D3D11 Adapter: 0
[2020.06.13-08.05.56:646][  0]LogD3D11RHI: Creating new Direct3DDevice
[2020.06.13-08.05.56:646][  0]LogD3D11RHI:     GPU DeviceId: 0x1c8c (for the marketing name, search the web for "GPU Device Id")
[2020.06.13-08.05.56:646][  0]LogWindows: EnumDisplayDevices:
[2020.06.13-08.05.56:646][  0]LogWindows:    0. 'Intel(R) UHD Graphics 630' (P:1 D:1)
[2020.06.13-08.05.56:647][  0]LogWindows:    1. 'Intel(R) UHD Graphics 630' (P:0 D:0)
[2020.06.13-08.05.56:647][  0]LogWindows:    2. 'Intel(R) UHD Graphics 630' (P:0 D:0)
[2020.06.13-08.05.56:647][  0]LogWindows:    3. 'NVIDIA GeForce GTX 1050 Ti' (P:0 D:0)
[2020.06.13-08.05.56:647][  0]LogWindows: DebugString: PrimaryIsNotTheChoosenAdapter PrimaryIsNotTheChoosenAdapter PrimaryIsNotTheChoosenAdapter 
[2020.06.13-08.05.56:647][  0]LogD3D11RHI:     Adapter Name: NVIDIA GeForce GTX 1050 Ti
[2020.06.13-08.05.56:647][  0]LogD3D11RHI:   Driver Version: 446.14 (internal:26.21.14.4614, unified:446.14)
[2020.06.13-08.05.56:647][  0]LogD3D11RHI:      Driver Date: 5-15-2020
[2020.06.13-08.05.56:648][  0]LogRHI: Texture pool is 2812 MB (70% of 4018 MB)
[2020.06.13-08.05.56:707][  0]LogD3D11RHI: RHI has support for 64 bit atomics
[2020.06.13-08.05.56:710][  0]LogD3D11RHI: [Aftermath] Enabled and primed
[2020.06.13-08.05.56:710][  0]LogD3D11RHI: Async texture creation enabled
[2020.06.13-08.05.56:710][  0]LogD3D11RHI: Array index from any shader is supported
[2020.06.13-08.05.56:741][  0]LogD3D11RHI: GPU Timing Frequency: 1000.000000 (Debug: 2 1)
[2020.06.13-08.05.57:159][  0]LogTargetPlatformManager: Display: Loaded TargetPlatform 'AllDesktop'
[2020.06.13-08.05.57:189][  0]LogTargetPlatformManager: Display: Loaded TargetPlatform 'Android'
[2020.06.13-08.05.57:189][  0]LogTargetPlatformManager: Display: Loaded TargetPlatform 'Android_ASTC'
[2020.06.13-08.05.57:189][  0]LogTargetPlatformManager: Display: Loaded TargetPlatform 'Android_DXT'
[2020.06.13-08.05.57:189][  0]LogTargetPlatformManager: Display: Loaded TargetPlatform 'Android_ETC2'
[2020.06.13-08.05.57:189][  0]LogTargetPlatformManager: Display: Loaded TargetPlatform 'AndroidClient'
[2020.06.13-08.05.57:189][  0]LogTargetPlatformManager: Display: Loaded TargetPlatform 'Android_ASTCClient'
[2020.06.13-08.05.57:189][  0]LogTargetPlatformManager: Display: Loaded TargetPlatform 'Android_DXTClient'
[2020.06.13-08.05.57:189][  0]LogTargetPlatformManager: Display: Loaded TargetPlatform 'Android_ETC2Client'
[2020.06.13-08.05.57:190][  0]LogTargetPlatformManager: Display: Loaded TargetPlatform 'Android_Multi'
[2020.06.13-08.05.57:190][  0]LogTargetPlatformManager: Display: Loaded TargetPlatform 'Android_MultiClient'
[2020.06.13-08.05.57:223][  0]LogTargetPlatformManager: Display: Loaded TargetPlatform 'IOSClient'
[2020.06.13-08.05.57:223][  0]LogTargetPlatformManager: Display: Loaded TargetPlatform 'IOS'
[2020.06.13-08.05.57:237][  0]LogTargetPlatformManager: Display: Loaded TargetPlatform 'Linux'
[2020.06.13-08.05.57:251][  0]LogTargetPlatformManager: Display: Loaded TargetPlatform 'LinuxNoEditor'
[2020.06.13-08.05.57:264][  0]LogTargetPlatformManager: Display: Loaded TargetPlatform 'LinuxClient'
[2020.06.13-08.05.57:279][  0]LogTargetPlatformManager: Display: Loaded TargetPlatform 'LinuxServer'
[2020.06.13-08.05.57:292][  0]LogTargetPlatformManager: Display: Loaded TargetPlatform 'LinuxAArch64NoEditor'
[2020.06.13-08.05.57:305][  0]LogTargetPlatformManager: Display: Loaded TargetPlatform 'LinuxAArch64Client'
[2020.06.13-08.05.57:318][  0]LogTargetPlatformManager: Display: Loaded TargetPlatform 'LinuxAArch64Server'
[2020.06.13-08.05.57:356][  0]LogTargetPlatformManager: Display: Loaded TargetPlatform 'Lumin'
[2020.06.13-08.05.57:356][  0]LogTargetPlatformManager: Display: Loaded TargetPlatform 'LuminClient'
[2020.06.13-08.05.57:379][  0]LogTargetPlatformManager: Display: Loaded TargetPlatform 'TVOSClient'
[2020.06.13-08.05.57:379][  0]LogTargetPlatformManager: Display: Loaded TargetPlatform 'TVOS'
[2020.06.13-08.05.57:392][  0]LogTargetPlatformManager: Display: Loaded TargetPlatform 'WindowsNoEditor'
[2020.06.13-08.05.57:406][  0]LogTargetPlatformManager: Display: Loaded TargetPlatform 'Windows'
[2020.06.13-08.05.57:420][  0]LogTargetPlatformManager: Display: Loaded TargetPlatform 'WindowsClient'
[2020.06.13-08.05.57:433][  0]LogTargetPlatformManager: Display: Loaded TargetPlatform 'WindowsServer'
[2020.06.13-08.05.57:433][  0]LogTargetPlatformManager: Display: Building Assets For Windows
[2020.06.13-08.05.57:444][  0]LogAudioDebug: Display: Lib vorbis DLL was dynamically loaded.
[2020.06.13-08.05.57:523][  0]LogShaderCompilers: Guid format shader working directory is -66 characters bigger than the processId version (../../../../Testing Unrealengine/My own repository copy unreal engine trunesh/UnrealEngine_Trunesh/pinball_Trunesh/Intermediate/Shaders/WorkingDirectory/17784/).
[2020.06.13-08.05.57:523][  0]LogShaderCompilers: Cleaned the shader compiler working directory 'C:/Users/Karunesh/AppData/Local/Temp/UnrealShaderWorkingDir/51929C9A44BA7DBE8CF8BFA1C51CF11D/'.
[2020.06.13-08.05.57:524][  0]LogXGEController: Cannot use XGE Controller as Incredibuild is not installed on this machine.
[2020.06.13-08.05.57:524][  0]LogShaderCompilers: Cannot use XGE Shader Compiler as Incredibuild is not installed on this machine.
[2020.06.13-08.05.57:524][  0]LogShaderCompilers: Display: Using Local Shader Compiler.
[2020.06.13-08.05.58:744][  0]LogDerivedDataCache: Display: Max Cache Size: 512 MB
[2020.06.13-08.05.58:815][  0]LogDerivedDataCache: Loaded boot cache 0.07s 75MB C:/Users/Karunesh/AppData/Local/UnrealEngine/4.25/DerivedDataCache/Boot.ddc.
[2020.06.13-08.05.58:815][  0]LogDerivedDataCache: Display: Loaded Boot cache: C:/Users/Karunesh/AppData/Local/UnrealEngine/4.25/DerivedDataCache/Boot.ddc
[2020.06.13-08.05.58:816][  0]LogDerivedDataCache: FDerivedDataBackendGraph:  Pak pak cache file ../../../../Testing Unrealengine/My own repository copy unreal engine trunesh/UnrealEngine_Trunesh/pinball_Trunesh/DerivedDataCache/DDC.ddp not found, will not use a pak cache.
[2020.06.13-08.05.58:816][  0]LogDerivedDataCache: Unable to find inner node Pak for hierarchical cache Hierarchy.
[2020.06.13-08.05.58:816][  0]LogDerivedDataCache: FDerivedDataBackendGraph:  CompressedPak pak cache file ../../../../Testing Unrealengine/My own repository copy unreal engine trunesh/UnrealEngine_Trunesh/pinball_Trunesh/DerivedDataCache/Compressed.ddp not found, will not use a pak cache.
[2020.06.13-08.05.58:816][  0]LogDerivedDataCache: Unable to find inner node CompressedPak for hierarchical cache Hierarchy.
[2020.06.13-08.05.58:832][  0]LogDerivedDataCache: Display: Pak cache opened for reading ../../../Engine/DerivedDataCache/Compressed.ddp.
[2020.06.13-08.05.58:833][  0]LogDerivedDataCache: FDerivedDataBackendGraph:  EnterprisePak pak cache file ../../../Enterprise/DerivedDataCache/Compressed.ddp not found, will not use a pak cache.
[2020.06.13-08.05.58:833][  0]LogDerivedDataCache: Unable to find inner node EnterprisePak for hierarchical cache Hierarchy.
[2020.06.13-08.05.58:834][  0]LogDerivedDataCache: Using Local data cache path C:/Users/Karunesh/AppData/Local/UnrealEngine/Common/DerivedDataCache: Writable
[2020.06.13-08.05.58:834][  0]LogDerivedDataCache: Shared data cache path not found in *engine.ini, will not use an Shared cache.
[2020.06.13-08.05.58:834][  0]LogDerivedDataCache: Unable to find inner node Shared for hierarchical cache Hierarchy.
[2020.06.13-08.05.58:921][  0]LogSlate: Using FreeType 2.10.0
[2020.06.13-08.05.58:922][  0]LogSlate: SlateFontServices - WITH_FREETYPE: 1, WITH_HARFBUZZ: 1
[2020.06.13-08.05.58:958][  0]LogAssetRegistry: FAssetRegistry took 0.0035 seconds to start up
[2020.06.13-08.05.59:309][  0]LogInit: Selected Device Profile: [Windows]
[2020.06.13-08.05.59:483][  0]LogMeshReduction: Using QuadricMeshReduction for automatic static mesh reduction
[2020.06.13-08.05.59:483][  0]LogMeshReduction: Using SimplygonMeshReduction for automatic skeletal mesh reduction
[2020.06.13-08.05.59:483][  0]LogMeshReduction: Using ProxyLODMeshReduction for automatic mesh merging
[2020.06.13-08.05.59:484][  0]LogMeshReduction: No distributed automatic mesh merging module available
[2020.06.13-08.05.59:484][  0]LogMeshMerging: No distributed automatic mesh merging module available
[2020.06.13-08.05.59:505][  0]LogNetVersion: pinball_Trunesh 1.0.0, NetCL: 13144385, EngineNetVer: 14, GameNetVer: 0 (Checksum: 4184778678)
[2020.06.13-08.06.00:140][  0]LogAISub: UAISubsystem::UAISubsystem AISubsystem (000002DBA6BC7880), frame # 0
[2020.06.13-08.06.00:140][  0]LogAISub: UAISubsystem::UAISubsystem AIPerceptionSystem (000002DBA6BD25C0), frame # 0
[2020.06.13-08.06.00:142][  0]LogAISub: UAISubsystem::UAISubsystem EnvQueryManager (000002DBA5C4C800), frame # 0
[2020.06.13-08.06.00:191][  0]LogPackageLocalizationCache: Processed 19 localized package path(s) for 1 prioritized culture(s) in 0.041196 seconds
[2020.06.13-08.06.00:198][  0]LogUObjectArray: 15917 objects as part of root set at end of initial load.
[2020.06.13-08.06.00:198][  0]LogUObjectAllocator: 3965568 out of 0 bytes used by permanent object pool.
[2020.06.13-08.06.00:198][  0]LogUObjectArray: CloseDisregardForGC: 0/0 objects in disregard for GC pool
[2020.06.13-08.06.00:660][  0]LogTcpMessaging: Initializing TcpMessaging bridge
[2020.06.13-08.06.00:666][  0]LogUdpMessaging: Initializing bridge on interface 0.0.0.0:0 to multicast group 230.0.0.1:6666.
[2020.06.13-08.06.00:766][  0]SourceControl: Source control is disabled
[2020.06.13-08.06.00:766][  0]SourceControl: Source control is disabled
[2020.06.13-08.06.00:770][  0]SourceControl: Source control is disabled
[2020.06.13-08.06.00:774][  0]SourceControl: Source control is disabled
[2020.06.13-08.06.00:784][  0]SourceControl: Source control is disabled
[2020.06.13-08.06.01:096][  0]LogAndroidPermission: UAndroidPermissionCallbackProxy::GetInstance
[2020.06.13-08.06.01:122][  0]LogAudioCaptureCore: Display: No Audio Capture implementations found. Audio input will be silent.
[2020.06.13-08.06.01:122][  0]LogAudioCaptureCore: Display: No Audio Capture implementations found. Audio input will be silent.
[2020.06.13-08.06.01:188][  0]LogOcInput: OculusInput pre-init called
[2020.06.13-08.06.01:202][  0]LogWindows: Failed to load 'OVRPlugin.dll' (GetLastError=126)
[2020.06.13-08.06.01:202][  0]LogWindows: File 'OVRPlugin.dll' does not exist
[2020.06.13-08.06.01:289][  0]LogEngine: Initializing Engine...
[2020.06.13-08.06.01:291][  0]LogHMD: Failed to initialize OpenVR with code 110
[2020.06.13-08.06.01:308][  0]LogMagicLeap: Warning: VR disabled because ZI is not enabled.  To enable, in the editor, Edit -> Project Settings -> Plugins -> Magic Leap Plugin -> Enable Zero Iteration
[2020.06.13-08.06.01:309][  0]LogStats: UGameplayTagsManager::InitializeManager -  0.000 s
[2020.06.13-08.06.01:475][  0]LogInit: Initializing FReadOnlyCVARCache
[2020.06.13-08.06.01:485][  0]LogAIModule: Creating AISystem for world Untitled
[2020.06.13-08.06.01:485][  0]LogAISub: UAISubsystem::UAISubsystem EnvQueryManager (000002DBA9D5DC00), frame # 0
[2020.06.13-08.06.01:485][  0]LogAISub: UAISubsystem::UAISubsystem AIPerceptionSystem (000002DBA9D9C900), frame # 0
[2020.06.13-08.06.01:507][  0]LogAudioMixer: Display: Audio Mixer Platform Settings:
[2020.06.13-08.06.01:507][  0]LogAudioMixer: Display: 	Sample Rate:						  48000
[2020.06.13-08.06.01:507][  0]LogAudioMixer: Display: 	Callback Buffer Frame Size Requested: 1024
[2020.06.13-08.06.01:507][  0]LogAudioMixer: Display: 	Callback Buffer Frame Size To Use:	  1024
[2020.06.13-08.06.01:507][  0]LogAudioMixer: Display: 	Number of buffers to queue:			  2
[2020.06.13-08.06.01:507][  0]LogAudioMixer: Display: 	Max Channels (voices):				  32
[2020.06.13-08.06.01:507][  0]LogAudioMixer: Display: 	Number of Async Source Workers:		  0
[2020.06.13-08.06.01:507][  0]LogAudio: Display: AudioDevice MaxSources: 32
[2020.06.13-08.06.01:508][  0]LogAudio: Display: Using built-in audio occlusion.
[2020.06.13-08.06.01:508][  0]LogAudioMixer: Display: Initializing audio mixer.
[2020.06.13-08.06.01:519][  0]LogAudioMixer: Display: 0: FrontLeft
[2020.06.13-08.06.01:519][  0]LogAudioMixer: Display: 1: FrontRight
[2020.06.13-08.06.01:616][  0]LogAudioMixer: Display: Using Audio Device Speakers (Realtek High Definition Audio)
[2020.06.13-08.06.01:619][  0]LogAudioMixer: Display: Initializing Sound Submixes...
[2020.06.13-08.06.01:622][  0]LogAudioMixer: Display: Creating Master Submix 'MasterSubmixDefault'
[2020.06.13-08.06.01:622][  0]LogAudioMixer: Display: Creating Master Submix 'MasterReverbSubmixDefault'
[2020.06.13-08.06.01:623][  0]LogAudioMixer: Display: Creating Master Submix 'MasterEQSubmixDefault'
[2020.06.13-08.06.01:624][  0]LogInit: FAudioDevice initialized.
[2020.06.13-08.06.01:625][  0]LogNetVersion: Set ProjectVersion to 1.0.0.0. Version Checksum will be recalculated on next use.
[2020.06.13-08.06.01:778][  0]LogDerivedDataCache: Saved boot cache 0.15s 75MB C:/Users/Karunesh/AppData/Local/UnrealEngine/4.25/DerivedDataCache/Boot.ddc.
[2020.06.13-08.06.01:782][  0]LogInit: Texture streaming: Enabled
[2020.06.13-08.06.01:804][  0]LogEngineSessionManager: EngineSessionManager initialized
[2020.06.13-08.06.01:804][  0]LogEditorSessionSummary: Verbose: Initializing EditorSessionSummaryWriter for editor session tracking
[2020.06.13-08.06.01:810][  0]LogEditorSessionSummary: EditorSessionSummaryWriter initialized
[2020.06.13-08.06.01:898][  0]LogInit: Transaction tracking system initialized
[2020.06.13-08.06.01:926][  0]BlueprintLog: New page: Editor Load
[2020.06.13-08.06.02:016][  0]LocalizationService: Localization service is disabled
[2020.06.13-08.06.02:223][  0]LogCook: Display: Max memory allowance for cook 16384mb min free memory 0mb
[2020.06.13-08.06.02:223][  0]LogCook: Display: Mobile HDR setting 1
[2020.06.13-08.06.02:269][  0]LogFileCache: Scanning file cache for directory 'D:/Testing Unrealengine/My own repository copy unreal engine trunesh/UnrealEngine_Trunesh/pinball_Trunesh/Content/' took 0.00s
[2020.06.13-08.06.02:269][  0]LogLinker: Warning: Failed to load '/Engine/BasicShapes/Cube': Can't find file.
[2020.06.13-08.06.02:269][  0]LogLinker: Warning: Failed to load '/Engine/BasicShapes/Cube': Can't find file.
[2020.06.13-08.06.02:269][  0]LogUObjectGlobals: Warning: Failed to find object 'StaticMesh /Engine/BasicShapes/Cube.Cube'
[2020.06.13-08.06.02:703][  0]SourceControl: Source control is disabled
[2020.06.13-08.06.02:703][  0]LogUnrealEdMisc: Loading editor; pre map load, took 10.413
[2020.06.13-08.06.02:703][  0]Cmd: MAP LOAD FILE="../../../Engine/Content/Maps/Templates/Template_Default.umap" TEMPLATE=1 SHOWPROGRESS=1 FEATURELEVEL=3
[2020.06.13-08.06.02:704][  0]LightingResults: New page: Lighting Build
[2020.06.13-08.06.02:704][  0]LogWorld: UWorld::CleanupWorld for Untitled, bSessionEnded=true, bCleanupResources=true
[2020.06.13-08.06.02:704][  0]LogSlate: InvalidateAllWidgets triggered.  All widgets were invalidated
[2020.06.13-08.06.02:705][  0]MapCheck: New page: Map Check
[2020.06.13-08.06.02:705][  0]LightingResults: New page: Lighting Build
[2020.06.13-08.06.02:719][  0]LogAISub: UAISubsystem::~UAISubsystem EnvQueryManager (000002DBA9D5DC00), frame # 0
[2020.06.13-08.06.02:719][  0]LogAISub: UAISubsystem::~UAISubsystem AIPerceptionSystem (000002DBA9D9C900), frame # 0
[2020.06.13-08.06.02:720][  0]LogUObjectHash: Compacting FUObjectHashTables data took   0.98ms
[2020.06.13-08.06.02:816][  0]LogAIModule: Creating AISystem for world Untitled_1
[2020.06.13-08.06.02:817][  0]LogAISub: UAISubsystem::UAISubsystem EnvQueryManager (000002DB9B69FE00), frame # 0
[2020.06.13-08.06.02:817][  0]LogAISub: UAISubsystem::UAISubsystem AIPerceptionSystem (000002DB9B771800), frame # 0
[2020.06.13-08.06.02:821][  0]LogEditorServer: Finished looking for orphan Actors (0.000 secs)
[2020.06.13-08.06.02:837][  0]LogUObjectHash: Compacting FUObjectHashTables data took   1.16ms
[2020.06.13-08.06.02:837][  0]Cmd: MAP CHECKDEP NOCLEARLOG
[2020.06.13-08.06.02:838][  0]MapCheck: Map check complete: 0 Error(s), 0 Warning(s), took 0.21ms to complete.
[2020.06.13-08.06.02:838][  0]LogFileHelpers: Loading map 'Template_Default' took 0.134
[2020.06.13-08.06.02:840][  0]LogUnrealEdMisc: Total Editor Startup Time, took 10.549
[2020.06.13-08.06.03:231][  0]LogSlate: Updating window title bar state: overlay mode, drag disabled, window buttons hidden, title bar hidden
[2020.06.13-08.06.03:242][  0]LogSlate: Updating window title bar state: overlay mode, drag disabled, window buttons hidden, title bar hidden
[2020.06.13-08.06.03:252][  0]LogSlate: Updating window title bar state: overlay mode, drag disabled, window buttons hidden, title bar hidden
[2020.06.13-08.06.03:262][  0]LogSlate: Updating window title bar state: overlay mode, drag disabled, window buttons hidden, title bar hidden
[2020.06.13-08.06.03:272][  0]LogCollectionManager: Loaded 0 collections in 0.001268 seconds
[2020.06.13-08.06.03:379][  0]LogFileCache: Scanning file cache for directory 'D:/Testing Unrealengine/My own repository copy unreal engine trunesh/UnrealEngine_Trunesh/pinball_Trunesh/Saved/Collections/' took 0.00s
[2020.06.13-08.06.03:379][  0]LogFileCache: Scanning file cache for directory 'D:/Testing Unrealengine/My own repository copy unreal engine trunesh/UnrealEngine_Trunesh/pinball_Trunesh/Content/Developers/Karunesh/Collections/' took 0.00s
[2020.06.13-08.06.03:379][  0]LogFileCache: Scanning file cache for directory 'D:/Testing Unrealengine/My own repository copy unreal engine trunesh/UnrealEngine_Trunesh/pinball_Trunesh/Content/Collections/' took 0.00s
[2020.06.13-08.06.03:379][  0]LogContentBrowser: Native class hierarchy populated in 0.0469 seconds. Added 3427 classes and 821 folders.
[2020.06.13-08.06.03:441][  0]LogContentBrowser: Native class hierarchy updated for 'WidgetCarousel' in 0.0004 seconds. Added 0 classes and 0 folders.
[2020.06.13-08.06.04:510][  0]LogContentBrowser: Native class hierarchy updated for 'AddContentDialog' in 0.0004 seconds. Added 0 classes and 0 folders.
[2020.06.13-08.06.04:523][  0]LogContentBrowser: Native class hierarchy updated for 'SceneOutliner' in 0.0004 seconds. Added 2 classes and 0 folders.
[2020.06.13-08.06.04:779][  0]LogSlate: Took 0.000243 seconds to synchronously load lazily loaded font '../../../Engine/Content/Slate/Fonts/Roboto-Regular.ttf' (155K)
[2020.06.13-08.06.04:782][  0]LogSlate: Took 0.000208 seconds to synchronously load lazily loaded font '../../../Engine/Content/Slate/Fonts/Roboto-Bold.ttf' (160K)
[2020.06.13-08.06.04:821][  0]LogSlate: Took 0.032987 seconds to synchronously load lazily loaded font '../../../Engine/Content/Editor/Slate/Fonts/FontAwesome.ttf' (139K)
[2020.06.13-08.06.05:031][  0]LogRenderer: Reallocating scene render targets to support 1168x560 Format 10 NumSamples 1 (Frame:1).
[2020.06.13-08.06.05:205][  0]LogContentBrowser: Native class hierarchy updated for 'HierarchicalLODOutliner' in 0.0004 seconds. Added 0 classes and 0 folders.
[2020.06.13-08.06.05:205][  0]LogLoad: (Engine Initialization) Total time: 12.91 seconds
[2020.06.13-08.06.05:205][  0]LogLoad: (Engine Initialization) Total Blueprint compile time: 0.00 seconds
[2020.06.13-08.06.05:274][  0]LogContentStreaming: Texture pool size now 1000 MB
[2020.06.13-08.06.05:358][  0]LogSlate: Took 0.014627 seconds to synchronously load lazily loaded font '../../../Engine/Content/Slate/Fonts/Roboto-Light.ttf' (167K)
[2020.06.13-08.06.05:415][  1]LogAssetRegistry: Asset discovery search completed in 6.4583 seconds
[2020.06.13-08.06.05:420][  1]LogCollectionManager: Fixed up redirectors for 0 collections in 0.000003 seconds (updated 0 objects)
[2020.06.13-08.06.44:600][312]LogSlate: Took 0.000180 seconds to synchronously load lazily loaded font '../../../Engine/Content/Slate/Fonts/Roboto-Light.ttf' (167K)
[2020.06.13-08.06.44:849][312]LogAssetEditorSubsystem: Opening Asset editor for World /Game/Pinball_Trunesh.Pinball_Trunesh
[2020.06.13-08.06.44:867][312]LogUObjectHash: Compacting FUObjectHashTables data took   1.24ms
[2020.06.13-08.06.44:869][312]LightingResults: New page: Lighting Build
[2020.06.13-08.06.44:869][312]LoadErrors: New page: Loading map: Pinball_Trunesh.umap
[2020.06.13-08.06.44:870][312]LogWorld: UWorld::CleanupWorld for Untitled_1, bSessionEnded=true, bCleanupResources=true
[2020.06.13-08.06.44:870][312]LogSlate: InvalidateAllWidgets triggered.  All widgets were invalidated
[2020.06.13-08.06.44:870][312]MapCheck: New page: Map Check
[2020.06.13-08.06.44:870][312]LightingResults: New page: Lighting Build
[2020.06.13-08.06.44:885][312]LogAISub: UAISubsystem::~UAISubsystem EnvQueryManager (000002DB9B69FE00), frame # 2312
[2020.06.13-08.06.44:885][312]LogAISub: UAISubsystem::~UAISubsystem AIPerceptionSystem (000002DB9B771800), frame # 2312
[2020.06.13-08.06.44:886][312]LogUObjectHash: Compacting FUObjectHashTables data took   0.94ms
[2020.06.13-08.06.45:024][312]LogEditorServer: Finished looking for orphan Actors (0.000 secs)
[2020.06.13-08.06.45:024][312]LogAIModule: Creating AISystem for world Pinball_Trunesh
[2020.06.13-08.06.45:024][312]LogAISub: UAISubsystem::UAISubsystem EnvQueryManager (000002DBD568EE00), frame # 2312
[2020.06.13-08.06.45:024][312]LogAISub: UAISubsystem::UAISubsystem AIPerceptionSystem (000002DBC8679300), frame # 2312
[2020.06.13-08.06.45:041][312]LogUObjectHash: Compacting FUObjectHashTables data took   0.89ms
[2020.06.13-08.06.45:070][312]Cmd: MAP CHECKDEP NOCLEARLOG
[2020.06.13-08.06.45:072][312]MapCheck: Map check complete: 0 Error(s), 0 Warning(s), took 1.501ms to complete.
[2020.06.13-08.06.45:072][312]LogFileHelpers: Loading map 'Pinball_Trunesh' took 0.202
[2020.06.13-08.06.46:517][383]LogTemp: Repeating last play command: Simulate
[2020.06.13-08.06.46:536][383]LogPlayLevel: PlayLevel: No blueprints needed recompiling
[2020.06.13-08.06.46:536][383]PIE: New page: SIE session: Pinball_Trunesh (Jun 13, 2020, 7:06:46 PM)
[2020.06.13-08.06.46:538][383]LogOnline: OSS: Creating online subsystem instance for: NULL
[2020.06.13-08.06.46:539][383]LogOnline: OSS: TryLoadSubsystemAndSetDefault: Loaded subsystem for module [NULL]
[2020.06.13-08.06.46:539][383]LogPlayLevel: Creating play world package: /Game/UEDPIE_0_Pinball_Trunesh
[2020.06.13-08.06.46:550][383]LogPlayLevel: PIE: StaticDuplicateObject took: (0.011151s)
[2020.06.13-08.06.46:552][383]LogAIModule: Creating AISystem for world Pinball_Trunesh
[2020.06.13-08.06.46:552][383]LogAISub: UAISubsystem::UAISubsystem EnvQueryManager (000002DBC825A000), frame # 2383
[2020.06.13-08.06.46:552][383]LogAISub: UAISubsystem::UAISubsystem AIPerceptionSystem (000002DBC87CDE40), frame # 2383
[2020.06.13-08.06.46:552][383]LogPlayLevel: PIE: World Init took: (0.001480s)
[2020.06.13-08.06.46:552][383]LogPlayLevel: PIE: Created PIE world by copying editor world from /Game/Pinball_Trunesh.Pinball_Trunesh to /Game/UEDPIE_0_Pinball_Trunesh.Pinball_Trunesh (0.012821s)
[2020.06.13-08.06.46:566][383]LogUObjectHash: Compacting FUObjectHashTables data took   0.83ms
[2020.06.13-08.06.46:567][383]LogAudioMixer: Display: Audio Mixer Platform Settings:
[2020.06.13-08.06.46:567][383]LogAudioMixer: Display: 	Sample Rate:						  48000
[2020.06.13-08.06.46:567][383]LogAudioMixer: Display: 	Callback Buffer Frame Size Requested: 1024
[2020.06.13-08.06.46:567][383]LogAudioMixer: Display: 	Callback Buffer Frame Size To Use:	  1024
[2020.06.13-08.06.46:567][383]LogAudioMixer: Display: 	Number of buffers to queue:			  2
[2020.06.13-08.06.46:567][383]LogAudioMixer: Display: 	Max Channels (voices):				  32
[2020.06.13-08.06.46:567][383]LogAudioMixer: Display: 	Number of Async Source Workers:		  0
[2020.06.13-08.06.46:567][383]LogAudio: Display: AudioDevice MaxSources: 32
[2020.06.13-08.06.46:568][383]LogAudio: Display: Using built-in audio occlusion.
[2020.06.13-08.06.46:568][383]LogAudioMixer: Display: Initializing audio mixer.
[2020.06.13-08.06.46:570][383]LogAudioMixer: Display: 0: FrontLeft
[2020.06.13-08.06.46:570][383]LogAudioMixer: Display: 1: FrontRight
[2020.06.13-08.06.46:603][383]LogAudioMixer: Display: Using Audio Device Speakers (Realtek High Definition Audio)
[2020.06.13-08.06.46:603][383]LogAudioMixer: Display: Initializing Sound Submixes...
[2020.06.13-08.06.46:603][383]LogAudioMixer: Display: Creating Master Submix 'MasterSubmixDefault'
[2020.06.13-08.06.46:603][383]LogAudioMixer: Display: Creating Master Submix 'MasterReverbSubmixDefault'
[2020.06.13-08.06.46:604][383]LogAudioMixer: Display: Creating Master Submix 'MasterEQSubmixDefault'
[2020.06.13-08.06.46:627][383]LogInit: FAudioDevice initialized.
[2020.06.13-08.06.46:636][383]LogLoad: Game class is 'PinBallGamemode_C'
[2020.06.13-08.06.46:640][383]LogWorld: Bringing World /Game/UEDPIE_0_Pinball_Trunesh.Pinball_Trunesh up for play (max tick rate 60) at 2020.06.13-13.36.46
[2020.06.13-08.06.46:640][383]LogWorld: Bringing up level for play took: 0.002106
[2020.06.13-08.06.46:641][383]LogOnline: OSS: Creating online subsystem instance for: :Context_1
[2020.06.13-08.06.46:666][383]LogContentBrowser: Native class hierarchy updated for 'MovieSceneCapture' in 0.0005 seconds. Added 20 classes and 0 folders.
[2020.06.13-08.06.46:667][383]PIE: Server logged in
[2020.06.13-08.06.46:669][383]PIE: Play in editor total start time 0.135 seconds.
[2020.06.13-08.06.47:972][445]LogEditorViewport: Clicking on Actor (LMB): BP_Flippers_C (BP_Flippers)
[2020.06.13-08.06.49:186][514]LogEditorViewport: Clicking on Actor (context menu): BP_Flippers_C (BP_Flippers2)
[2020.06.13-08.06.52:248][692]LogSlate: Updating window title bar state: overlay mode, drag disabled, window buttons hidden, title bar hidden
[2020.06.13-08.06.52:248][692]LogWorld: BeginTearingDown for /Game/UEDPIE_0_Pinball_Trunesh
[2020.06.13-08.06.52:248][692]LogWorld: UWorld::CleanupWorld for Pinball_Trunesh, bSessionEnded=true, bCleanupResources=true
[2020.06.13-08.06.52:249][692]LogSlate: InvalidateAllWidgets triggered.  All widgets were invalidated
[2020.06.13-08.06.52:261][692]LogPlayLevel: Display: Shutting down PIE online subsystems
[2020.06.13-08.06.52:262][692]LogSlate: InvalidateAllWidgets triggered.  All widgets were invalidated
[2020.06.13-08.06.52:276][692]LogSlate: Updating window title bar state: overlay mode, drag disabled, window buttons hidden, title bar hidden
[2020.06.13-08.06.52:305][692]LogAISub: UAISubsystem::~UAISubsystem AIPerceptionSystem (000002DBC87CDE40), frame # 2692
[2020.06.13-08.06.52:305][692]LogAISub: UAISubsystem::~UAISubsystem EnvQueryManager (000002DBC825A000), frame # 2692
[2020.06.13-08.06.52:306][692]LogUObjectHash: Compacting FUObjectHashTables data took   0.91ms
[2020.06.13-08.06.52:338][693]LogPlayLevel: Display: Destroying online subsystem :Context_1
[2020.06.13-08.06.56:938][958]LogTemp: Repeating last play command: Simulate
[2020.06.13-08.06.56:955][958]LogPlayLevel: PlayLevel: No blueprints needed recompiling
[2020.06.13-08.06.56:955][958]PIE: New page: SIE session: Pinball_Trunesh (Jun 13, 2020, 7:06:56 PM)
[2020.06.13-08.06.56:955][958]LogPlayLevel: Creating play world package: /Game/UEDPIE_0_Pinball_Trunesh
[2020.06.13-08.06.56:967][958]LogPlayLevel: PIE: StaticDuplicateObject took: (0.011498s)
[2020.06.13-08.06.56:968][958]LogAIModule: Creating AISystem for world Pinball_Trunesh
[2020.06.13-08.06.56:968][958]LogAISub: UAISubsystem::UAISubsystem EnvQueryManager (000002DBD4DAFE00), frame # 2958
[2020.06.13-08.06.56:968][958]LogAISub: UAISubsystem::UAISubsystem AIPerceptionSystem (000002DBC87CFB00), frame # 2958
[2020.06.13-08.06.56:968][958]LogPlayLevel: PIE: World Init took: (0.001546s)
[2020.06.13-08.06.56:968][958]LogPlayLevel: PIE: Created PIE world by copying editor world from /Game/Pinball_Trunesh.Pinball_Trunesh to /Game/UEDPIE_0_Pinball_Trunesh.Pinball_Trunesh (0.013240s)
[2020.06.13-08.06.56:982][958]LogUObjectHash: Compacting FUObjectHashTables data took   0.84ms
[2020.06.13-08.06.56:984][958]LogAudioMixer: Display: Audio Mixer Platform Settings:
[2020.06.13-08.06.56:984][958]LogAudioMixer: Display: 	Sample Rate:						  48000
[2020.06.13-08.06.56:984][958]LogAudioMixer: Display: 	Callback Buffer Frame Size Requested: 1024
[2020.06.13-08.06.56:984][958]LogAudioMixer: Display: 	Callback Buffer Frame Size To Use:	  1024
[2020.06.13-08.06.56:984][958]LogAudioMixer: Display: 	Number of buffers to queue:			  2
[2020.06.13-08.06.56:984][958]LogAudioMixer: Display: 	Max Channels (voices):				  32
[2020.06.13-08.06.56:984][958]LogAudioMixer: Display: 	Number of Async Source Workers:		  0
[2020.06.13-08.06.56:984][958]LogAudio: Display: AudioDevice MaxSources: 32
[2020.06.13-08.06.56:984][958]LogAudio: Display: Using built-in audio occlusion.
[2020.06.13-08.06.56:984][958]LogAudioMixer: Display: Initializing audio mixer.
[2020.06.13-08.06.56:987][958]LogAudioMixer: Display: 0: FrontLeft
[2020.06.13-08.06.56:987][958]LogAudioMixer: Display: 1: FrontRight
[2020.06.13-08.06.57:016][958]LogAudioMixer: Display: Using Audio Device Speakers (Realtek High Definition Audio)
[2020.06.13-08.06.57:016][958]LogAudioMixer: Display: Initializing Sound Submixes...
[2020.06.13-08.06.57:016][958]LogAudioMixer: Display: Creating Master Submix 'MasterSubmixDefault'
[2020.06.13-08.06.57:016][958]LogAudioMixer: Display: Creating Master Submix 'MasterReverbSubmixDefault'
[2020.06.13-08.06.57:016][958]LogAudioMixer: Display: Creating Master Submix 'MasterEQSubmixDefault'
[2020.06.13-08.06.57:039][958]LogInit: FAudioDevice initialized.
[2020.06.13-08.06.57:051][958]LogLoad: Game class is 'PinBallGamemode_C'
[2020.06.13-08.06.57:054][958]LogWorld: Bringing World /Game/UEDPIE_0_Pinball_Trunesh.Pinball_Trunesh up for play (max tick rate 60) at 2020.06.13-13.36.57
[2020.06.13-08.06.57:055][958]LogWorld: Bringing up level for play took: 0.001947
[2020.06.13-08.06.57:055][958]LogOnline: OSS: Creating online subsystem instance for: :Context_2
[2020.06.13-08.06.57:058][958]PIE: Server logged in
[2020.06.13-08.06.57:059][958]PIE: Play in editor total start time 0.106 seconds.
[2020.06.13-08.07.06:388][498]LogSlate: Updating window title bar state: overlay mode, drag disabled, window buttons hidden, title bar hidden
[2020.06.13-08.07.06:388][498]LogWorld: BeginTearingDown for /Game/UEDPIE_0_Pinball_Trunesh
[2020.06.13-08.07.06:388][498]LogWorld: UWorld::CleanupWorld for Pinball_Trunesh, bSessionEnded=true, bCleanupResources=true
[2020.06.13-08.07.06:389][498]LogSlate: InvalidateAllWidgets triggered.  All widgets were invalidated
[2020.06.13-08.07.06:400][498]LogPlayLevel: Display: Shutting down PIE online subsystems
[2020.06.13-08.07.06:402][498]LogSlate: InvalidateAllWidgets triggered.  All widgets were invalidated
[2020.06.13-08.07.06:416][498]LogSlate: Updating window title bar state: overlay mode, drag disabled, window buttons hidden, title bar hidden
[2020.06.13-08.07.06:445][498]LogAISub: UAISubsystem::~UAISubsystem AIPerceptionSystem (000002DBC87CFB00), frame # 3498
[2020.06.13-08.07.06:445][498]LogAISub: UAISubsystem::~UAISubsystem EnvQueryManager (000002DBD4DAFE00), frame # 3498
[2020.06.13-08.07.06:446][498]LogUObjectHash: Compacting FUObjectHashTables data took   0.90ms
[2020.06.13-08.07.06:484][499]LogPlayLevel: Display: Destroying online subsystem :Context_2
[2020.06.13-08.07.09:516][667]LogAssetEditorSubsystem: Opening Asset editor for World /Game/Pinball_Trunesh.Pinball_Trunesh
[2020.06.13-08.07.09:531][667]LogUObjectHash: Compacting FUObjectHashTables data took   0.89ms
[2020.06.13-08.07.09:532][667]LightingResults: New page: Lighting Build
[2020.06.13-08.07.09:532][667]LoadErrors: New page: Loading map: Pinball_Trunesh.umap
[2020.06.13-08.07.09:533][667]LogWorld: UWorld::CleanupWorld for Pinball_Trunesh, bSessionEnded=true, bCleanupResources=true
[2020.06.13-08.07.09:533][667]LogSlate: InvalidateAllWidgets triggered.  All widgets were invalidated
[2020.06.13-08.07.09:533][667]MapCheck: New page: Map Check
[2020.06.13-08.07.09:533][667]LightingResults: New page: Lighting Build
[2020.06.13-08.07.09:548][667]LogAISub: UAISubsystem::~UAISubsystem AIPerceptionSystem (000002DBC8679300), frame # 3667
[2020.06.13-08.07.09:548][667]LogAISub: UAISubsystem::~UAISubsystem EnvQueryManager (000002DBD568EE00), frame # 3667
[2020.06.13-08.07.09:550][667]LogUObjectHash: Compacting FUObjectHashTables data took   0.99ms
[2020.06.13-08.07.09:568][667]LogAIModule: Creating AISystem for world Pinball_Trunesh
[2020.06.13-08.07.09:568][667]LogAISub: UAISubsystem::UAISubsystem EnvQueryManager (000002DBC831B600), frame # 3667
[2020.06.13-08.07.09:568][667]LogAISub: UAISubsystem::UAISubsystem AIPerceptionSystem (000002DBC83B3B00), frame # 3667
[2020.06.13-08.07.09:673][667]LogEditorServer: Finished looking for orphan Actors (0.000 secs)
[2020.06.13-08.07.09:691][667]LogUObjectHash: Compacting FUObjectHashTables data took   0.96ms
[2020.06.13-08.07.09:720][667]Cmd: MAP CHECKDEP NOCLEARLOG
[2020.06.13-08.07.09:722][667]MapCheck: Map check complete: 0 Error(s), 0 Warning(s), took 1.381ms to complete.
[2020.06.13-08.07.09:722][667]LogFileHelpers: Loading map 'Pinball_Trunesh' took 0.190
[2020.06.13-08.07.42:806][602]LogUObjectHash: Compacting FUObjectHashTables data took   0.34ms
[2020.06.13-08.07.42:855][602]LogSavePackage: Moving '../../../../Testing Unrealengine/My own repository copy unreal engine trunesh/UnrealEngine_Trunesh/pinball_Trunesh/Saved/Pinball_Trunesh56FC989247F03BC7E387068CF46447F3.tmp' to '../../../../Testing Unrealengine/My own repository copy unreal engine trunesh/UnrealEngine_Trunesh/pinball_Trunesh/Content/Pinball_Trunesh.umap'
[2020.06.13-08.07.42:907][602]LogSavePackage: Moving '../../../../Testing Unrealengine/My own repository copy unreal engine trunesh/UnrealEngine_Trunesh/pinball_Trunesh/Saved/Pinball_Trunesh_BuiltDataFA281D8C44C01C79CB9444AA980FB050.tmp' to '../../../../Testing Unrealengine/My own repository copy unreal engine trunesh/UnrealEngine_Trunesh/pinball_Trunesh/Content/Pinball_Trunesh_BuiltData.uasset'
[2020.06.13-08.07.42:927][602]AssetCheck: New page: Asset Save: multiple assets
[2020.06.13-08.07.42:927][602]LogContentValidation: Display: Validating World /Game/Pinball_Trunesh.Pinball_Trunesh
[2020.06.13-08.07.42:927][602]LogContentValidation: Display: Validating MapBuildDataRegistry /Game/Pinball_Trunesh_BuiltData.Pinball_Trunesh_BuiltData
[2020.06.13-08.07.43:782][649]LogTemp: Repeating last play command: Simulate
[2020.06.13-08.07.43:808][649]LogPlayLevel: PlayLevel: No blueprints needed recompiling
[2020.06.13-08.07.43:808][649]PIE: New page: SIE session: Pinball_Trunesh (Jun 13, 2020, 7:07:43 PM)
[2020.06.13-08.07.43:808][649]LogPlayLevel: Creating play world package: /Game/UEDPIE_0_Pinball_Trunesh
[2020.06.13-08.07.43:820][649]LogPlayLevel: PIE: StaticDuplicateObject took: (0.011033s)
[2020.06.13-08.07.43:821][649]LogAIModule: Creating AISystem for world Pinball_Trunesh
[2020.06.13-08.07.43:821][649]LogAISub: UAISubsystem::UAISubsystem EnvQueryManager (000002DBA994E000), frame # 5649
[2020.06.13-08.07.43:821][649]LogAISub: UAISubsystem::UAISubsystem AIPerceptionSystem (000002DBB5636340), frame # 5649
[2020.06.13-08.07.43:821][649]LogPlayLevel: PIE: World Init took: (0.001624s)
[2020.06.13-08.07.43:821][649]LogPlayLevel: PIE: Created PIE world by copying editor world from /Game/Pinball_Trunesh.Pinball_Trunesh to /Game/UEDPIE_0_Pinball_Trunesh.Pinball_Trunesh (0.012838s)
[2020.06.13-08.07.43:836][649]LogUObjectHash: Compacting FUObjectHashTables data took   0.84ms
[2020.06.13-08.07.43:837][649]LogAudioMixer: Display: Audio Mixer Platform Settings:
[2020.06.13-08.07.43:837][649]LogAudioMixer: Display: 	Sample Rate:						  48000
[2020.06.13-08.07.43:837][649]LogAudioMixer: Display: 	Callback Buffer Frame Size Requested: 1024
[2020.06.13-08.07.43:837][649]LogAudioMixer: Display: 	Callback Buffer Frame Size To Use:	  1024
[2020.06.13-08.07.43:837][649]LogAudioMixer: Display: 	Number of buffers to queue:			  2
[2020.06.13-08.07.43:837][649]LogAudioMixer: Display: 	Max Channels (voices):				  32
[2020.06.13-08.07.43:837][649]LogAudioMixer: Display: 	Number of Async Source Workers:		  0
[2020.06.13-08.07.43:837][649]LogAudio: Display: AudioDevice MaxSources: 32
[2020.06.13-08.07.43:837][649]LogAudio: Display: Using built-in audio occlusion.
[2020.06.13-08.07.43:837][649]LogAudioMixer: Display: Initializing audio mixer.
[2020.06.13-08.07.43:840][649]LogAudioMixer: Display: 0: FrontLeft
[2020.06.13-08.07.43:840][649]LogAudioMixer: Display: 1: FrontRight
[2020.06.13-08.07.43:868][649]LogAudioMixer: Display: Using Audio Device Speakers (Realtek High Definition Audio)
[2020.06.13-08.07.43:869][649]LogAudioMixer: Display: Initializing Sound Submixes...
[2020.06.13-08.07.43:869][649]LogAudioMixer: Display: Creating Master Submix 'MasterSubmixDefault'
[2020.06.13-08.07.43:869][649]LogAudioMixer: Display: Creating Master Submix 'MasterReverbSubmixDefault'
[2020.06.13-08.07.43:869][649]LogAudioMixer: Display: Creating Master Submix 'MasterEQSubmixDefault'
[2020.06.13-08.07.43:891][649]LogInit: FAudioDevice initialized.
[2020.06.13-08.07.43:900][649]LogLoad: Game class is 'PinBallGamemode_C'
[2020.06.13-08.07.43:903][649]LogWorld: Bringing World /Game/UEDPIE_0_Pinball_Trunesh.Pinball_Trunesh up for play (max tick rate 60) at 2020.06.13-13.37.43
[2020.06.13-08.07.43:904][649]LogWorld: Bringing up level for play took: 0.001986
[2020.06.13-08.07.43:904][649]LogOnline: OSS: Creating online subsystem instance for: :Context_3
[2020.06.13-08.07.43:907][649]PIE: Server logged in
[2020.06.13-08.07.43:908][649]PIE: Play in editor total start time 0.102 seconds.
[2020.06.13-08.07.51:278][ 53]LogSlate: Updating window title bar state: overlay mode, drag disabled, window buttons hidden, title bar hidden
[2020.06.13-08.07.51:278][ 53]LogWorld: BeginTearingDown for /Game/UEDPIE_0_Pinball_Trunesh
[2020.06.13-08.07.51:278][ 53]LogWorld: UWorld::CleanupWorld for Pinball_Trunesh, bSessionEnded=true, bCleanupResources=true
[2020.06.13-08.07.51:279][ 53]LogSlate: InvalidateAllWidgets triggered.  All widgets were invalidated
[2020.06.13-08.07.51:289][ 53]LogPlayLevel: Display: Shutting down PIE online subsystems
[2020.06.13-08.07.51:289][ 53]LogSlate: InvalidateAllWidgets triggered.  All widgets were invalidated
[2020.06.13-08.07.51:304][ 53]LogSlate: Updating window title bar state: overlay mode, drag disabled, window buttons hidden, title bar hidden
[2020.06.13-08.07.51:332][ 53]LogAISub: UAISubsystem::~UAISubsystem AIPerceptionSystem (000002DBB5636340), frame # 6053
[2020.06.13-08.07.51:332][ 53]LogAISub: UAISubsystem::~UAISubsystem EnvQueryManager (000002DBA994E000), frame # 6053
[2020.06.13-08.07.51:334][ 53]LogUObjectHash: Compacting FUObjectHashTables data took   0.93ms
[2020.06.13-08.07.51:363][ 54]LogPlayLevel: Display: Destroying online subsystem :Context_3
[2020.06.13-08.08.11:110][204]LogUObjectHash: Compacting FUObjectHashTables data took   0.81ms
[2020.06.13-08.08.12:895][204]LogSlate: Window 'Save Content' being destroyed
[2020.06.13-08.08.12:990][204]LogSavePackage: Moving '../../../../Testing Unrealengine/My own repository copy unreal engine trunesh/UnrealEngine_Trunesh/pinball_Trunesh/Saved/PinBallGamemode455BD14745DE9B324D3D1A81DE0AAA03.tmp' to '../../../../Testing Unrealengine/My own repository copy unreal engine trunesh/UnrealEngine_Trunesh/pinball_Trunesh/Content/Blueprints/PinBallGamemode.uasset'
[2020.06.13-08.08.13:042][205]AssetCheck: New page: Asset Save: PinBallGamemode
[2020.06.13-08.08.13:042][205]LogContentValidation: Display: Validating Blueprint /Game/Blueprints/PinBallGamemode.PinBallGamemode
[2020.06.13-08.11.33:499][266]LogSlate: Window 'Project Settings' being destroyed
[2020.06.13-08.11.33:505][266]LogSlate: Window 'Project Settings' being destroyed
[2020.06.13-08.11.37:694][509]LogUObjectHash: Compacting FUObjectHashTables data took   0.99ms
