Log file open, 07/04/20 23:27:03
LogInit: Display: Running engine for game: pinball_Trunesh
LogPlatformFile: Not using cached read wrapper
LogTaskGraph: Started task graph with 5 named threads and 23 total threads with 3 sets of task threads.
LogStats: Stats thread started at 0.901114
LogD3D11RHI: Loaded GFSDK_Aftermath_Lib.x64.dll
LogICUInternationalization: ICU TimeZone Detection - Raw Offset: +5:30, Platform Override: ''
LogPluginManager: Mounting plugin Paper2D
LogPluginManager: Mounting plugin AISupport
LogPluginManager: Mounting plugin LightPropagationVolume
LogPluginManager: Mounting plugin CameraShakePreviewer
LogPluginManager: Mounting plugin ActorLayerUtilities
LogPluginManager: Mounting plugin AnimationSharing
LogPluginManager: Mounting plugin CLionSourceCodeAccess
LogPluginManager: Mounting plugin CodeLiteSourceCodeAccess
LogPluginManager: Mounting plugin GitSourceControl
LogPluginManager: Mounting plugin KDevelopSourceCodeAccess
LogPluginManager: Mounting plugin NullSourceCodeAccess
LogPluginManager: Mounting plugin PerforceSourceControl
LogPluginManager: Mounting plugin PlasticSourceControl
LogPluginManager: Mounting plugin RiderSourceCodeAccess
LogPluginManager: Mounting plugin SubversionSourceControl
LogPluginManager: Mounting plugin UObjectPlugin
LogPluginManager: Mounting plugin VisualStudioCodeSourceCodeAccess
LogPluginManager: Mounting plugin VisualStudioSourceCodeAccess
LogPluginManager: Mounting plugin XCodeSourceCodeAccess
LogPluginManager: Mounting plugin AssetManagerEditor
LogPluginManager: Mounting plugin CryptoKeys
LogPluginManager: Mounting plugin CurveEditorTools
LogPluginManager: Mounting plugin DataValidation
LogPluginManager: Mounting plugin EditorScriptingUtilities
LogPluginManager: Mounting plugin FacialAnimation
LogPluginManager: Mounting plugin GameplayTagsEditor
LogPluginManager: Mounting plugin GeometryMode
LogPluginManager: Mounting plugin MacGraphicsSwitching
LogPluginManager: Mounting plugin MaterialAnalyzer
LogPluginManager: Mounting plugin MobileLauncherProfileWizard
LogPluginManager: Mounting plugin PluginBrowser
LogPluginManager: Mounting plugin SpeedTreeImporter
LogPluginManager: Mounting plugin DatasmithContent
LogPluginManager: Mounting plugin VariantManagerContent
LogPluginManager: Mounting plugin AlembicImporter
LogPluginManager: Mounting plugin AutomationUtils
LogPluginManager: Mounting plugin BackChannel
LogPluginManager: Mounting plugin ChaosCloth
LogPluginManager: Mounting plugin ChaosClothEditor
LogPluginManager: Mounting plugin ChaosEditor
LogPluginManager: Mounting plugin ChaosNiagara
LogPluginManager: Mounting plugin ChaosSolverPlugin
LogPluginManager: Mounting plugin CharacterAI
LogPluginManager: Mounting plugin GeometryCache
LogPluginManager: Mounting plugin GeometryCollectionPlugin
LogPluginManager: Mounting plugin GeometryProcessing
LogPluginManager: Mounting plugin PlanarCut
LogPluginManager: Mounting plugin PlatformCrypto
LogPluginManager: Mounting plugin ProxyLODPlugin
LogPluginManager: Mounting plugin SkeletalReduction
LogPluginManager: Mounting plugin Niagara
LogPluginManager: Mounting plugin MagicLeap
LogPluginManager: Mounting plugin MagicLeapLightEstimation
LogPluginManager: Mounting plugin MagicLeapMedia
LogPluginManager: Mounting plugin MagicLeapPassableWorld
LogPluginManager: Mounting plugin MLSDK
LogPluginManager: Mounting plugin AndroidMedia
LogPluginManager: Mounting plugin AvfMedia
LogPluginManager: Mounting plugin ImgMedia
LogPluginManager: Mounting plugin MediaCompositing
LogPluginManager: Mounting plugin MediaPlayerEditor
LogPluginManager: Mounting plugin WebMMedia
LogPluginManager: Mounting plugin WmfMedia
LogPluginManager: Mounting plugin MeshPainting
LogPluginManager: Mounting plugin TcpMessaging
LogPluginManager: Mounting plugin UdpMessaging
LogPluginManager: Mounting plugin ActorSequence
LogPluginManager: Mounting plugin LevelSequenceEditor
LogPluginManager: Mounting plugin MatineeToLevelSequence
LogPluginManager: Mounting plugin MovieRenderPipeline
LogPluginManager: Mounting plugin TemplateSequence
LogPluginManager: Mounting plugin NetcodeUnitTest
LogPluginManager: Mounting plugin NUTUnrealEngine4
LogPluginManager: Mounting plugin OnlineSubsystemGooglePlay
LogPluginManager: Mounting plugin OnlineSubsystemIOS
LogPluginManager: Mounting plugin OnlineSubsystem
LogPluginManager: Mounting plugin OnlineSubsystemNull
LogPluginManager: Mounting plugin OnlineSubsystemUtils
LogPluginManager: Mounting plugin LauncherChunkInstaller
LogPluginManager: Mounting plugin AndroidDeviceProfileSelector
LogPluginManager: Mounting plugin AndroidMoviePlayer
LogPluginManager: Mounting plugin AndroidPermission
LogPluginManager: Mounting plugin AppleImageUtils
LogPluginManager: Mounting plugin AppleMoviePlayer
LogPluginManager: Mounting plugin ArchVisCharacter
LogPluginManager: Mounting plugin AssetTags
LogPluginManager: Mounting plugin AudioCapture
LogPluginManager: Mounting plugin CableComponent
LogPluginManager: Mounting plugin CustomMeshComponent
LogPluginManager: Mounting plugin EditableMesh
LogPluginManager: Mounting plugin ExampleDeviceProfileSelector
LogPluginManager: Mounting plugin GoogleCloudMessaging
LogPluginManager: Mounting plugin GooglePAD
LogPluginManager: Mounting plugin IOSDeviceProfileSelector
LogPluginManager: Mounting plugin LinuxDeviceProfileSelector
LogPluginManager: Mounting plugin LocationServicesBPLibrary
LogPluginManager: Mounting plugin MobilePatchingUtils
LogPluginManager: Mounting plugin OculusVR
LogPluginManager: Mounting plugin PhysXVehicles
LogPluginManager: Mounting plugin PostSplashScreen
LogPluginManager: Mounting plugin ProceduralMeshComponent
LogPluginManager: Mounting plugin RuntimePhysXCooking
LogPluginManager: Mounting plugin SignificanceManager
LogPluginManager: Mounting plugin SoundFields
LogPluginManager: Mounting plugin SteamVR
LogPluginManager: Mounting plugin Synthesis
LogPluginManager: Mounting plugin WebMMoviePlayer
LogPluginManager: Mounting plugin WindowsMoviePlayer
LogPluginManager: Mounting plugin ScreenshotTools
LogInit: Using libcurl 7.55.1-DEV
LogInit:  - built for x86_64-pc-win32
LogInit:  - supports SSL with OpenSSL/1.1.1
LogInit:  - supports HTTP deflate (compression) using libz 1.2.8
LogInit:  - other features:
LogInit:      CURL_VERSION_SSL
LogInit:      CURL_VERSION_LIBZ
LogInit:      CURL_VERSION_IPV6
LogInit:      CURL_VERSION_ASYNCHDNS
LogInit:      CURL_VERSION_LARGEFILE
LogInit:      CURL_VERSION_IDN
LogInit:  CurlRequestOptions (configurable via config and command line):
LogInit:  - bVerifyPeer = true  - Libcurl will verify peer certificate
LogInit:  - bUseHttpProxy = false  - Libcurl will NOT use HTTP proxy
LogInit:  - bDontReuseConnections = false  - Libcurl will reuse connections
LogInit:  - MaxHostConnections = 16  - Libcurl will limit the number of connections to a host
LogInit:  - LocalHostAddr = Default
LogInit:  - BufferSize = 65536
LogOnline: OSS: Creating online subsystem instance for: NULL
LogInit: WinSock: version 1.1 (2.2), MaxSocks=32767, MaxUdp=65467
LogOnline: OSS: TryLoadSubsystemAndSetDefault: Loaded subsystem for module [NULL]
LogInit: Build: ++UE4+Release-4.25-CL-13594126
LogInit: Engine Version: 4.25.1-13594126+++UE4+Release-4.25
LogInit: Compatible Engine Version: 4.25.0-13144385+++UE4+Release-4.25
LogInit: Net CL: 13144385
LogInit: OS: Windows 10 (Release 2004) (), CPU: Intel(R) Core(TM) i5-8300H CPU @ 2.30GHz, GPU: Intel(R) UHD Graphics 630
LogInit: Compiled (64-bit): Jun  2 2020 02:10:36
LogInit: Compiled with Visual C++: 19.24.28315.00
LogInit: Build Configuration: Development
LogInit: Branch Name: ++UE4+Release-4.25
LogInit: Command Line: 
LogInit: Base Directory: D:/UE_4.25/Engine/Binaries/Win64/
LogInit: Allocator: TBB
LogInit: Installed Engine Build: 1
LogDevObjectVersion: Number of dev versions registered: 26
LogDevObjectVersion:   Dev-Blueprints (B0D832E4-1F89-4F0D-ACCF-7EB736FD4AA2): 10
LogDevObjectVersion:   Dev-Build (E1C64328-A22C-4D53-A36C-8E866417BD8C): 0
LogDevObjectVersion:   Dev-Core (375EC13C-06E4-48FB-B500-84F0262A717E): 4
LogDevObjectVersion:   Dev-Editor (E4B068ED-F494-42E9-A231-DA0B2E46BB41): 38
LogDevObjectVersion:   Dev-Framework (CFFC743F-43B0-4480-9391-14DF171D2073): 37
LogDevObjectVersion:   Dev-Mobile (B02B49B5-BB20-44E9-A304-32B752E40360): 2
LogDevObjectVersion:   Dev-Networking (A4E4105C-59A1-49B5-A7C5-40C4547EDFEE): 0
LogDevObjectVersion:   Dev-Online (39C831C9-5AE6-47DC-9A44-9C173E1C8E7C): 0
LogDevObjectVersion:   Dev-Physics (78F01B33-EBEA-4F98-B9B4-84EACCB95AA2): 4
LogDevObjectVersion:   Dev-Platform (6631380F-2D4D-43E0-8009-CF276956A95A): 0
LogDevObjectVersion:   Dev-Rendering (12F88B9F-8875-4AFC-A67C-D90C383ABD29): 43
LogDevObjectVersion:   Dev-Sequencer (7B5AE74C-D270-4C10-A958-57980B212A5A): 12
LogDevObjectVersion:   Dev-VR (D7296918-1DD6-4BDD-9DE2-64A83CC13884): 3
LogDevObjectVersion:   Dev-LoadTimes (C2A15278-BFE7-4AFE-6C17-90FF531DF755): 1
LogDevObjectVersion:   Private-Geometry (6EACA3D4-40EC-4CC1-B786-8BED09428FC5): 3
LogDevObjectVersion:   Dev-AnimPhys (29E575DD-E0A3-4627-9D10-D276232CDCEA): 17
LogDevObjectVersion:   Dev-Anim (AF43A65D-7FD3-4947-9873-3E8ED9C1BB05): 7
LogDevObjectVersion:   Dev-ReflectionCapture (6B266CEC-1EC7-4B8F-A30B-E4D90942FC07): 1
LogDevObjectVersion:   Dev-Automation (0DF73D61-A23F-47EA-B727-89E90C41499A): 1
LogDevObjectVersion:   FortniteMain (601D1886-AC64-4F84-AA16-D3DE0DEAC7D6): 31
LogDevObjectVersion:   Dev-Enterprise (9DFFBCD6-494F-0158-E221-12823C92A888): 10
LogDevObjectVersion:   Dev-Niagara (F2AED0AC-9AFE-416F-8664-AA7FFA26D6FC): 1
LogDevObjectVersion:   Dev-Destruction (174F1F0B-B4C6-45A5-B13F-2EE8D0FB917D): 10
LogDevObjectVersion:   Dev-Physics-Ext (35F94A83-E258-406C-A318-09F59610247C): 37
LogDevObjectVersion:   Dev-PhysicsMaterial-Chaos (B68FC16E-8B1B-42E2-B453-215C058844FE): 1
LogDevObjectVersion:   Dev-CineCamera (B2E18506-4273-CFC2-A54E-F4BB758BBA07): 1
LogInit: Presizing for max 25165824 objects, including 0 objects not considered by GC, pre-allocating 0 bytes for permanent pool.
LogConfig: Applying CVar settings from Section [/Script/Engine.StreamingSettings] File [D:/Testing Unrealengine/MY FINAL UNREAL ENGINE PROJECT/UnrealEngine_Trunesh/pinball_Trunesh/Saved/Config/Windows/Engine.ini]
LogConfig: Setting CVar [[s.MinBulkDataSizeForAsyncLoading:131072]]
LogConfig: Setting CVar [[s.AsyncLoadingThreadEnabled:0]]
LogConfig: Setting CVar [[s.EventDrivenLoaderEnabled:1]]
LogConfig: Setting CVar [[s.WarnIfTimeLimitExceeded:0]]
LogConfig: Setting CVar [[s.TimeLimitExceededMultiplier:1.5]]
LogConfig: Setting CVar [[s.TimeLimitExceededMinTime:0.005]]
LogConfig: Setting CVar [[s.UseBackgroundLevelStreaming:1]]
LogConfig: Setting CVar [[s.PriorityAsyncLoadingExtraTime:15.0]]
LogConfig: Setting CVar [[s.LevelStreamingActorsUpdateTimeLimit:5.0]]
LogConfig: Setting CVar [[s.PriorityLevelStreamingActorsUpdateExtraTime:5.0]]
LogConfig: Setting CVar [[s.LevelStreamingComponentsRegistrationGranularity:10]]
LogConfig: Setting CVar [[s.UnregisterComponentsTimeLimit:1.0]]
LogConfig: Setting CVar [[s.LevelStreamingComponentsUnregistrationGranularity:5]]
LogConfig: Setting CVar [[s.FlushStreamingOnExit:1]]
LogInit: Object subsystem initialized
LogConfig: Setting CVar [[con.DebugEarlyDefault:1]]
LogConfig: Setting CVar [[r.setres:1280x720]]
[2020.07.04-17.57.04:254][  0]LogConfig: Setting CVar [[r.VSync:0]]
[2020.07.04-17.57.04:254][  0]LogConfig: Setting CVar [[r.RHICmdBypass:0]]
[2020.07.04-17.57.04:254][  0]LogConfig: Applying CVar settings from Section [/Script/Engine.RendererSettings] File [D:/Testing Unrealengine/MY FINAL UNREAL ENGINE PROJECT/UnrealEngine_Trunesh/pinball_Trunesh/Saved/Config/Windows/Engine.ini]
[2020.07.04-17.57.04:254][  0]LogConfig: Setting CVar [[r.GPUCrashDebugging:0]]
[2020.07.04-17.57.04:254][  0]LogConfig: Setting CVar [[r.DBuffer:1]]
[2020.07.04-17.57.04:254][  0]LogConfig: Applying CVar settings from Section [/Script/Engine.RendererOverrideSettings] File [D:/Testing Unrealengine/MY FINAL UNREAL ENGINE PROJECT/UnrealEngine_Trunesh/pinball_Trunesh/Saved/Config/Windows/Engine.ini]
[2020.07.04-17.57.04:254][  0]LogConfig: Applying CVar settings from Section [/Script/Engine.StreamingSettings] File [D:/Testing Unrealengine/MY FINAL UNREAL ENGINE PROJECT/UnrealEngine_Trunesh/pinball_Trunesh/Saved/Config/Windows/Engine.ini]
[2020.07.04-17.57.04:254][  0]LogConfig: Setting CVar [[s.MinBulkDataSizeForAsyncLoading:131072]]
[2020.07.04-17.57.04:254][  0]LogConfig: Setting CVar [[s.AsyncLoadingThreadEnabled:0]]
[2020.07.04-17.57.04:254][  0]LogConfig: Setting CVar [[s.EventDrivenLoaderEnabled:1]]
[2020.07.04-17.57.04:254][  0]LogConfig: Setting CVar [[s.WarnIfTimeLimitExceeded:0]]
[2020.07.04-17.57.04:254][  0]LogConfig: Setting CVar [[s.TimeLimitExceededMultiplier:1.5]]
[2020.07.04-17.57.04:254][  0]LogConfig: Setting CVar [[s.TimeLimitExceededMinTime:0.005]]
[2020.07.04-17.57.04:254][  0]LogConfig: Setting CVar [[s.UseBackgroundLevelStreaming:1]]
[2020.07.04-17.57.04:254][  0]LogConfig: Setting CVar [[s.PriorityAsyncLoadingExtraTime:15.0]]
[2020.07.04-17.57.04:254][  0]LogConfig: Setting CVar [[s.LevelStreamingActorsUpdateTimeLimit:5.0]]
[2020.07.04-17.57.04:255][  0]LogConfig: Setting CVar [[s.PriorityLevelStreamingActorsUpdateExtraTime:5.0]]
[2020.07.04-17.57.04:255][  0]LogConfig: Setting CVar [[s.LevelStreamingComponentsRegistrationGranularity:10]]
[2020.07.04-17.57.04:255][  0]LogConfig: Setting CVar [[s.UnregisterComponentsTimeLimit:1.0]]
[2020.07.04-17.57.04:255][  0]LogConfig: Setting CVar [[s.LevelStreamingComponentsUnregistrationGranularity:5]]
[2020.07.04-17.57.04:255][  0]LogConfig: Setting CVar [[s.FlushStreamingOnExit:1]]
[2020.07.04-17.57.04:255][  0]LogConfig: Applying CVar settings from Section [/Script/Engine.GarbageCollectionSettings] File [D:/Testing Unrealengine/MY FINAL UNREAL ENGINE PROJECT/UnrealEngine_Trunesh/pinball_Trunesh/Saved/Config/Windows/Engine.ini]
[2020.07.04-17.57.04:255][  0]LogConfig: Setting CVar [[gc.MaxObjectsNotConsideredByGC:1]]
[2020.07.04-17.57.04:255][  0]LogConfig: Setting CVar [[gc.SizeOfPermanentObjectPool:0]]
[2020.07.04-17.57.04:255][  0]LogConfig: Setting CVar [[gc.FlushStreamingOnGC:0]]
[2020.07.04-17.57.04:255][  0]LogConfig: Setting CVar [[gc.NumRetriesBeforeForcingGC:10]]
[2020.07.04-17.57.04:255][  0]LogConfig: Setting CVar [[gc.AllowParallelGC:1]]
[2020.07.04-17.57.04:255][  0]LogConfig: Setting CVar [[gc.TimeBetweenPurgingPendingKillObjects:61.1]]
[2020.07.04-17.57.04:255][  0]LogConfig: Setting CVar [[gc.MaxObjectsInEditor:25165824]]
[2020.07.04-17.57.04:255][  0]LogConfig: Setting CVar [[gc.IncrementalBeginDestroyEnabled:1]]
[2020.07.04-17.57.04:255][  0]LogConfig: Setting CVar [[gc.CreateGCClusters:1]]
[2020.07.04-17.57.04:255][  0]LogConfig: Setting CVar [[gc.MinGCClusterSize:5]]
[2020.07.04-17.57.04:255][  0]LogConfig: Setting CVar [[gc.ActorClusteringEnabled:0]]
[2020.07.04-17.57.04:255][  0]LogConfig: Setting CVar [[gc.BlueprintClusteringEnabled:0]]
[2020.07.04-17.57.04:255][  0]LogConfig: Setting CVar [[gc.UseDisregardForGCOnDedicatedServers:0]]
[2020.07.04-17.57.04:255][  0]LogConfig: Applying CVar settings from Section [/Script/Engine.NetworkSettings] File [D:/Testing Unrealengine/MY FINAL UNREAL ENGINE PROJECT/UnrealEngine_Trunesh/pinball_Trunesh/Saved/Config/Windows/Engine.ini]
[2020.07.04-17.57.04:255][  0]LogConfig: Applying CVar settings from Section [/Script/UnrealEd.CookerSettings] File [D:/Testing Unrealengine/MY FINAL UNREAL ENGINE PROJECT/UnrealEngine_Trunesh/pinball_Trunesh/Saved/Config/Windows/Engine.ini]
[2020.07.04-17.57.04:258][  0]LogConfig: Applying CVar settings from Section [ViewDistanceQuality@3] File [D:/Testing Unrealengine/MY FINAL UNREAL ENGINE PROJECT/UnrealEngine_Trunesh/pinball_Trunesh/Saved/Config/Windows/Scalability.ini]
[2020.07.04-17.57.04:258][  0]LogConfig: Setting CVar [[r.SkeletalMeshLODBias:0]]
[2020.07.04-17.57.04:258][  0]LogConfig: Setting CVar [[r.ViewDistanceScale:1.0]]
[2020.07.04-17.57.04:258][  0]LogConfig: Applying CVar settings from Section [AntiAliasingQuality@3] File [D:/Testing Unrealengine/MY FINAL UNREAL ENGINE PROJECT/UnrealEngine_Trunesh/pinball_Trunesh/Saved/Config/Windows/Scalability.ini]
[2020.07.04-17.57.04:258][  0]LogConfig: Setting CVar [[r.PostProcessAAQuality:4]]
[2020.07.04-17.57.04:258][  0]LogConfig: Applying CVar settings from Section [ShadowQuality@3] File [D:/Testing Unrealengine/MY FINAL UNREAL ENGINE PROJECT/UnrealEngine_Trunesh/pinball_Trunesh/Saved/Config/Windows/Scalability.ini]
[2020.07.04-17.57.04:258][  0]LogConfig: Setting CVar [[r.LightFunctionQuality:1]]
[2020.07.04-17.57.04:258][  0]LogConfig: Setting CVar [[r.ShadowQuality:5]]
[2020.07.04-17.57.04:258][  0]LogConfig: Setting CVar [[r.Shadow.CSM.MaxCascades:10]]
[2020.07.04-17.57.04:258][  0]LogConfig: Setting CVar [[r.Shadow.MaxResolution:2048]]
[2020.07.04-17.57.04:258][  0]LogConfig: Setting CVar [[r.Shadow.MaxCSMResolution:2048]]
[2020.07.04-17.57.04:258][  0]LogConfig: Setting CVar [[r.Shadow.RadiusThreshold:0.01]]
[2020.07.04-17.57.04:258][  0]LogConfig: Setting CVar [[r.Shadow.DistanceScale:1.0]]
[2020.07.04-17.57.04:258][  0]LogConfig: Setting CVar [[r.Shadow.CSM.TransitionScale:1.0]]
[2020.07.04-17.57.04:258][  0]LogConfig: Setting CVar [[r.Shadow.PreShadowResolutionFactor:1.0]]
[2020.07.04-17.57.04:258][  0]LogConfig: Setting CVar [[r.DistanceFieldShadowing:1]]
[2020.07.04-17.57.04:258][  0]LogConfig: Setting CVar [[r.DistanceFieldAO:1]]
[2020.07.04-17.57.04:258][  0]LogConfig: Setting CVar [[r.AOQuality:2]]
[2020.07.04-17.57.04:258][  0]LogConfig: Setting CVar [[r.VolumetricFog:1]]
[2020.07.04-17.57.04:258][  0]LogConfig: Setting CVar [[r.VolumetricFog.GridPixelSize:8]]
[2020.07.04-17.57.04:258][  0]LogConfig: Setting CVar [[r.VolumetricFog.GridSizeZ:128]]
[2020.07.04-17.57.04:258][  0]LogConfig: Setting CVar [[r.VolumetricFog.HistoryMissSupersampleCount:4]]
[2020.07.04-17.57.04:258][  0]LogConfig: Setting CVar [[r.LightMaxDrawDistanceScale:1]]
[2020.07.04-17.57.04:259][  0]LogConfig: Setting CVar [[r.CapsuleShadows:1]]
[2020.07.04-17.57.04:259][  0]LogConfig: Applying CVar settings from Section [PostProcessQuality@3] File [D:/Testing Unrealengine/MY FINAL UNREAL ENGINE PROJECT/UnrealEngine_Trunesh/pinball_Trunesh/Saved/Config/Windows/Scalability.ini]
[2020.07.04-17.57.04:259][  0]LogConfig: Setting CVar [[r.MotionBlurQuality:4]]
[2020.07.04-17.57.04:259][  0]LogConfig: Setting CVar [[r.AmbientOcclusionMipLevelFactor:0.4]]
[2020.07.04-17.57.04:259][  0]LogConfig: Setting CVar [[r.AmbientOcclusionMaxQuality:100]]
[2020.07.04-17.57.04:259][  0]LogConfig: Setting CVar [[r.AmbientOcclusionLevels:-1]]
[2020.07.04-17.57.04:259][  0]LogConfig: Setting CVar [[r.AmbientOcclusionRadiusScale:1.0]]
[2020.07.04-17.57.04:259][  0]LogConfig: Setting CVar [[r.DepthOfFieldQuality:2]]
[2020.07.04-17.57.04:259][  0]LogConfig: Setting CVar [[r.RenderTargetPoolMin:400]]
[2020.07.04-17.57.04:259][  0]LogConfig: Setting CVar [[r.LensFlareQuality:2]]
[2020.07.04-17.57.04:259][  0]LogConfig: Setting CVar [[r.SceneColorFringeQuality:1]]
[2020.07.04-17.57.04:259][  0]LogConfig: Setting CVar [[r.EyeAdaptationQuality:2]]
[2020.07.04-17.57.04:259][  0]LogConfig: Setting CVar [[r.BloomQuality:5]]
[2020.07.04-17.57.04:259][  0]LogConfig: Setting CVar [[r.FastBlurThreshold:100]]
[2020.07.04-17.57.04:259][  0]LogConfig: Setting CVar [[r.Upscale.Quality:3]]
[2020.07.04-17.57.04:259][  0]LogConfig: Setting CVar [[r.Tonemapper.GrainQuantization:1]]
[2020.07.04-17.57.04:259][  0]LogConfig: Setting CVar [[r.LightShaftQuality:1]]
[2020.07.04-17.57.04:259][  0]LogConfig: Setting CVar [[r.Filter.SizeScale:1]]
[2020.07.04-17.57.04:259][  0]LogConfig: Setting CVar [[r.Tonemapper.Quality:5]]
[2020.07.04-17.57.04:259][  0]LogConfig: Setting CVar [[r.DOF.Gather.AccumulatorQuality:1        ; higher gathering accumulator quality]]
[2020.07.04-17.57.04:259][  0]LogConfig: Setting CVar [[r.DOF.Gather.PostfilterMethod:1          ; Median3x3 postfilering method]]
[2020.07.04-17.57.04:259][  0]LogConfig: Setting CVar [[r.DOF.Gather.EnableBokehSettings:0       ; no bokeh simulation when gathering]]
[2020.07.04-17.57.04:259][  0]LogConfig: Setting CVar [[r.DOF.Gather.RingCount:4                 ; medium number of samples when gathering]]
[2020.07.04-17.57.04:259][  0]LogConfig: Setting CVar [[r.DOF.Scatter.ForegroundCompositing:1    ; additive foreground scattering]]
[2020.07.04-17.57.04:259][  0]LogConfig: Setting CVar [[r.DOF.Scatter.BackgroundCompositing:2    ; additive background scattering]]
[2020.07.04-17.57.04:259][  0]LogConfig: Setting CVar [[r.DOF.Scatter.EnableBokehSettings:1      ; bokeh simulation when scattering]]
[2020.07.04-17.57.04:259][  0]LogConfig: Setting CVar [[r.DOF.Scatter.MaxSpriteRatio:0.1         ; only a maximum of 10% of scattered bokeh]]
[2020.07.04-17.57.04:259][  0]LogConfig: Setting CVar [[r.DOF.Recombine.Quality:1                ; cheap slight out of focus]]
[2020.07.04-17.57.04:259][  0]LogConfig: Setting CVar [[r.DOF.Recombine.EnableBokehSettings:0    ; no bokeh simulation on slight out of focus]]
[2020.07.04-17.57.04:259][  0]LogConfig: Setting CVar [[r.DOF.TemporalAAQuality:1                ; more stable temporal accumulation]]
[2020.07.04-17.57.04:259][  0]LogConfig: Setting CVar [[r.DOF.Kernel.MaxForegroundRadius:0.025]]
[2020.07.04-17.57.04:259][  0]LogConfig: Setting CVar [[r.DOF.Kernel.MaxBackgroundRadius:0.025]]
[2020.07.04-17.57.04:259][  0]LogConfig: Applying CVar settings from Section [TextureQuality@3] File [D:/Testing Unrealengine/MY FINAL UNREAL ENGINE PROJECT/UnrealEngine_Trunesh/pinball_Trunesh/Saved/Config/Windows/Scalability.ini]
[2020.07.04-17.57.04:259][  0]LogConfig: Setting CVar [[r.Streaming.MipBias:0]]
[2020.07.04-17.57.04:259][  0]LogConfig: Setting CVar [[r.Streaming.AmortizeCPUToGPUCopy:0]]
[2020.07.04-17.57.04:259][  0]LogConfig: Setting CVar [[r.Streaming.MaxNumTexturesToStreamPerFrame:0]]
[2020.07.04-17.57.04:259][  0]LogConfig: Setting CVar [[r.Streaming.Boost:1]]
[2020.07.04-17.57.04:259][  0]LogConfig: Setting CVar [[r.MaxAnisotropy:8]]
[2020.07.04-17.57.04:259][  0]LogConfig: Setting CVar [[r.VT.MaxAnisotropy:8]]
[2020.07.04-17.57.04:259][  0]LogConfig: Setting CVar [[r.Streaming.LimitPoolSizeToVRAM:0]]
[2020.07.04-17.57.04:259][  0]LogConfig: Setting CVar [[r.Streaming.PoolSize:1000]]
[2020.07.04-17.57.04:259][  0]LogConfig: Setting CVar [[r.Streaming.MaxEffectiveScreenSize:0]]
[2020.07.04-17.57.04:259][  0]LogConfig: Applying CVar settings from Section [EffectsQuality@3] File [D:/Testing Unrealengine/MY FINAL UNREAL ENGINE PROJECT/UnrealEngine_Trunesh/pinball_Trunesh/Saved/Config/Windows/Scalability.ini]
[2020.07.04-17.57.04:259][  0]LogConfig: Setting CVar [[r.TranslucencyLightingVolumeDim:64]]
[2020.07.04-17.57.04:259][  0]LogConfig: Setting CVar [[r.RefractionQuality:2]]
[2020.07.04-17.57.04:259][  0]LogConfig: Setting CVar [[r.SSR.Quality:3]]
[2020.07.04-17.57.04:259][  0]LogConfig: Setting CVar [[r.SSR.HalfResSceneColor:0]]
[2020.07.04-17.57.04:259][  0]LogConfig: Setting CVar [[r.SceneColorFormat:4]]
[2020.07.04-17.57.04:259][  0]LogConfig: Setting CVar [[r.DetailMode:2]]
[2020.07.04-17.57.04:259][  0]LogConfig: Setting CVar [[r.TranslucencyVolumeBlur:1]]
[2020.07.04-17.57.04:259][  0]LogConfig: Setting CVar [[r.MaterialQualityLevel:1 ; High quality]]
[2020.07.04-17.57.04:259][  0]LogConfig: Setting CVar [[r.SSS.Scale:1]]
[2020.07.04-17.57.04:259][  0]LogConfig: Setting CVar [[r.SSS.SampleSet:2]]
[2020.07.04-17.57.04:260][  0]LogConfig: Setting CVar [[r.SSS.Quality:1]]
[2020.07.04-17.57.04:260][  0]LogConfig: Setting CVar [[r.SSS.HalfRes:0]]
[2020.07.04-17.57.04:260][  0]LogConfig: Setting CVar [[r.SSGI.Quality:3]]
[2020.07.04-17.57.04:260][  0]LogConfig: Setting CVar [[r.EmitterSpawnRateScale:1.0]]
[2020.07.04-17.57.04:260][  0]LogConfig: Setting CVar [[r.ParticleLightQuality:2]]
[2020.07.04-17.57.04:260][  0]LogConfig: Setting CVar [[r.SkyAtmosphere.AerialPerspectiveLUT.FastApplyOnOpaque:1 ; Always have FastSkyLUT 1 in this case to avoid wrong sky]]
[2020.07.04-17.57.04:260][  0]LogConfig: Setting CVar [[r.SkyAtmosphere.AerialPerspectiveLUT.SampleCountPerSlice:1]]
[2020.07.04-17.57.04:260][  0]LogConfig: Setting CVar [[r.SkyAtmosphere.AerialPerspectiveLUT.DepthResolution:16.0]]
[2020.07.04-17.57.04:260][  0]LogConfig: Setting CVar [[r.SkyAtmosphere.FastSkyLUT:1]]
[2020.07.04-17.57.04:260][  0]LogConfig: Setting CVar [[r.SkyAtmosphere.FastSkyLUT.SampleCountMin:4.0]]
[2020.07.04-17.57.04:260][  0]LogConfig: Setting CVar [[r.SkyAtmosphere.FastSkyLUT.SampleCountMax:32.0]]
[2020.07.04-17.57.04:260][  0]LogConfig: Setting CVar [[r.SkyAtmosphere.SampleCountMin:4.0]]
[2020.07.04-17.57.04:260][  0]LogConfig: Setting CVar [[r.SkyAtmosphere.SampleCountMax:32.0]]
[2020.07.04-17.57.04:260][  0]LogConfig: Setting CVar [[r.SkyAtmosphere.TransmittanceLUT.UseSmallFormat:0]]
[2020.07.04-17.57.04:260][  0]LogConfig: Setting CVar [[r.SkyAtmosphere.TransmittanceLUT.SampleCount:10.0]]
[2020.07.04-17.57.04:260][  0]LogConfig: Setting CVar [[r.SkyAtmosphere.MultiScatteringLUT.SampleCount:15.0]]
[2020.07.04-17.57.04:260][  0]LogConfig: Applying CVar settings from Section [FoliageQuality@3] File [D:/Testing Unrealengine/MY FINAL UNREAL ENGINE PROJECT/UnrealEngine_Trunesh/pinball_Trunesh/Saved/Config/Windows/Scalability.ini]
[2020.07.04-17.57.04:260][  0]LogConfig: Setting CVar [[foliage.DensityScale:1.0]]
[2020.07.04-17.57.04:260][  0]LogConfig: Setting CVar [[grass.DensityScale:1.0]]
[2020.07.04-17.57.04:260][  0]LogConfig: Applying CVar settings from Section [ShadingQuality@3] File [D:/Testing Unrealengine/MY FINAL UNREAL ENGINE PROJECT/UnrealEngine_Trunesh/pinball_Trunesh/Saved/Config/Windows/Scalability.ini]
[2020.07.04-17.57.04:260][  0]LogConfig: Setting CVar [[r.HairStrands.SkyLighting.SampleCount:16]]
[2020.07.04-17.57.04:260][  0]LogConfig: Setting CVar [[r.HairStrands.SkyLighting.JitterIntegration:0]]
[2020.07.04-17.57.04:260][  0]LogConfig: Setting CVar [[r.HairStrands.SkyAO.SampleCount:16]]
[2020.07.04-17.57.04:260][  0]LogConfig: Setting CVar [[r.HairStrands.DeepShadow.SuperSampling:0]]
[2020.07.04-17.57.04:260][  0]LogConfig: Setting CVar [[r.HairStrands.VisibilityPPLL:0]]
[2020.07.04-17.57.04:260][  0]LogConfig: Setting CVar [[r.HairStrands.RasterizationScale:0.5]]
[2020.07.04-17.57.04:260][  0]LogConfig: Setting CVar [[r.HairStrands.VelocityRasterizationScale:1]]
[2020.07.04-17.57.04:260][  0]LogInit: Selected Device Profile: [Windows]
[2020.07.04-17.57.04:260][  0]LogInit: Applying CVar settings loaded from the selected device profile: [Windows]
[2020.07.04-17.57.04:260][  0]LogHAL: Display: Platform has ~ 8 GB [8424574976 / 8589934592 / 8], which maps to Default [LargestMinGB=32, LargerMinGB=12, DefaultMinGB=8, SmallerMinGB=6, SmallestMinGB=0)
[2020.07.04-17.57.04:260][  0]LogInit: Going up to parent DeviceProfile []
[2020.07.04-17.57.04:260][  0]LogConfig: Applying CVar settings from Section [ViewDistanceQuality@3] File [D:/Testing Unrealengine/MY FINAL UNREAL ENGINE PROJECT/UnrealEngine_Trunesh/pinball_Trunesh/Saved/Config/Windows/Scalability.ini]
[2020.07.04-17.57.04:260][  0]LogConfig: Setting CVar [[r.SkeletalMeshLODBias:0]]
[2020.07.04-17.57.04:260][  0]LogConfig: Setting CVar [[r.ViewDistanceScale:1.0]]
[2020.07.04-17.57.04:260][  0]LogConfig: Applying CVar settings from Section [AntiAliasingQuality@3] File [D:/Testing Unrealengine/MY FINAL UNREAL ENGINE PROJECT/UnrealEngine_Trunesh/pinball_Trunesh/Saved/Config/Windows/Scalability.ini]
[2020.07.04-17.57.04:260][  0]LogConfig: Setting CVar [[r.PostProcessAAQuality:4]]
[2020.07.04-17.57.04:260][  0]LogConfig: Applying CVar settings from Section [ShadowQuality@3] File [D:/Testing Unrealengine/MY FINAL UNREAL ENGINE PROJECT/UnrealEngine_Trunesh/pinball_Trunesh/Saved/Config/Windows/Scalability.ini]
[2020.07.04-17.57.04:260][  0]LogConfig: Setting CVar [[r.LightFunctionQuality:1]]
[2020.07.04-17.57.04:260][  0]LogConfig: Setting CVar [[r.ShadowQuality:5]]
[2020.07.04-17.57.04:260][  0]LogConfig: Setting CVar [[r.Shadow.CSM.MaxCascades:10]]
[2020.07.04-17.57.04:260][  0]LogConfig: Setting CVar [[r.Shadow.MaxResolution:2048]]
[2020.07.04-17.57.04:260][  0]LogConfig: Setting CVar [[r.Shadow.MaxCSMResolution:2048]]
[2020.07.04-17.57.04:260][  0]LogConfig: Setting CVar [[r.Shadow.RadiusThreshold:0.01]]
[2020.07.04-17.57.04:260][  0]LogConfig: Setting CVar [[r.Shadow.DistanceScale:1.0]]
[2020.07.04-17.57.04:260][  0]LogConfig: Setting CVar [[r.Shadow.CSM.TransitionScale:1.0]]
[2020.07.04-17.57.04:261][  0]LogConfig: Setting CVar [[r.Shadow.PreShadowResolutionFactor:1.0]]
[2020.07.04-17.57.04:261][  0]LogConfig: Setting CVar [[r.DistanceFieldShadowing:1]]
[2020.07.04-17.57.04:261][  0]LogConfig: Setting CVar [[r.DistanceFieldAO:1]]
[2020.07.04-17.57.04:261][  0]LogConfig: Setting CVar [[r.AOQuality:2]]
[2020.07.04-17.57.04:261][  0]LogConfig: Setting CVar [[r.VolumetricFog:1]]
[2020.07.04-17.57.04:261][  0]LogConfig: Setting CVar [[r.VolumetricFog.GridPixelSize:8]]
[2020.07.04-17.57.04:261][  0]LogConfig: Setting CVar [[r.VolumetricFog.GridSizeZ:128]]
[2020.07.04-17.57.04:261][  0]LogConfig: Setting CVar [[r.VolumetricFog.HistoryMissSupersampleCount:4]]
[2020.07.04-17.57.04:261][  0]LogConfig: Setting CVar [[r.LightMaxDrawDistanceScale:1]]
[2020.07.04-17.57.04:261][  0]LogConfig: Setting CVar [[r.CapsuleShadows:1]]
[2020.07.04-17.57.04:261][  0]LogConfig: Applying CVar settings from Section [PostProcessQuality@3] File [D:/Testing Unrealengine/MY FINAL UNREAL ENGINE PROJECT/UnrealEngine_Trunesh/pinball_Trunesh/Saved/Config/Windows/Scalability.ini]
[2020.07.04-17.57.04:261][  0]LogConfig: Setting CVar [[r.MotionBlurQuality:4]]
[2020.07.04-17.57.04:261][  0]LogConfig: Setting CVar [[r.AmbientOcclusionMipLevelFactor:0.4]]
[2020.07.04-17.57.04:261][  0]LogConfig: Setting CVar [[r.AmbientOcclusionMaxQuality:100]]
[2020.07.04-17.57.04:261][  0]LogConfig: Setting CVar [[r.AmbientOcclusionLevels:-1]]
[2020.07.04-17.57.04:261][  0]LogConfig: Setting CVar [[r.AmbientOcclusionRadiusScale:1.0]]
[2020.07.04-17.57.04:261][  0]LogConfig: Setting CVar [[r.DepthOfFieldQuality:2]]
[2020.07.04-17.57.04:261][  0]LogConfig: Setting CVar [[r.RenderTargetPoolMin:400]]
[2020.07.04-17.57.04:261][  0]LogConfig: Setting CVar [[r.LensFlareQuality:2]]
[2020.07.04-17.57.04:261][  0]LogConfig: Setting CVar [[r.SceneColorFringeQuality:1]]
[2020.07.04-17.57.04:261][  0]LogConfig: Setting CVar [[r.EyeAdaptationQuality:2]]
[2020.07.04-17.57.04:261][  0]LogConfig: Setting CVar [[r.BloomQuality:5]]
[2020.07.04-17.57.04:261][  0]LogConfig: Setting CVar [[r.FastBlurThreshold:100]]
[2020.07.04-17.57.04:261][  0]LogConfig: Setting CVar [[r.Upscale.Quality:3]]
[2020.07.04-17.57.04:261][  0]LogConfig: Setting CVar [[r.Tonemapper.GrainQuantization:1]]
[2020.07.04-17.57.04:261][  0]LogConfig: Setting CVar [[r.LightShaftQuality:1]]
[2020.07.04-17.57.04:261][  0]LogConfig: Setting CVar [[r.Filter.SizeScale:1]]
[2020.07.04-17.57.04:261][  0]LogConfig: Setting CVar [[r.Tonemapper.Quality:5]]
[2020.07.04-17.57.04:261][  0]LogConfig: Setting CVar [[r.DOF.Gather.AccumulatorQuality:1        ; higher gathering accumulator quality]]
[2020.07.04-17.57.04:261][  0]LogConfig: Setting CVar [[r.DOF.Gather.PostfilterMethod:1          ; Median3x3 postfilering method]]
[2020.07.04-17.57.04:261][  0]LogConfig: Setting CVar [[r.DOF.Gather.EnableBokehSettings:0       ; no bokeh simulation when gathering]]
[2020.07.04-17.57.04:261][  0]LogConfig: Setting CVar [[r.DOF.Gather.RingCount:4                 ; medium number of samples when gathering]]
[2020.07.04-17.57.04:261][  0]LogConfig: Setting CVar [[r.DOF.Scatter.ForegroundCompositing:1    ; additive foreground scattering]]
[2020.07.04-17.57.04:261][  0]LogConfig: Setting CVar [[r.DOF.Scatter.BackgroundCompositing:2    ; additive background scattering]]
[2020.07.04-17.57.04:261][  0]LogConfig: Setting CVar [[r.DOF.Scatter.EnableBokehSettings:1      ; bokeh simulation when scattering]]
[2020.07.04-17.57.04:261][  0]LogConfig: Setting CVar [[r.DOF.Scatter.MaxSpriteRatio:0.1         ; only a maximum of 10% of scattered bokeh]]
[2020.07.04-17.57.04:261][  0]LogConfig: Setting CVar [[r.DOF.Recombine.Quality:1                ; cheap slight out of focus]]
[2020.07.04-17.57.04:261][  0]LogConfig: Setting CVar [[r.DOF.Recombine.EnableBokehSettings:0    ; no bokeh simulation on slight out of focus]]
[2020.07.04-17.57.04:261][  0]LogConfig: Setting CVar [[r.DOF.TemporalAAQuality:1                ; more stable temporal accumulation]]
[2020.07.04-17.57.04:261][  0]LogConfig: Setting CVar [[r.DOF.Kernel.MaxForegroundRadius:0.025]]
[2020.07.04-17.57.04:261][  0]LogConfig: Setting CVar [[r.DOF.Kernel.MaxBackgroundRadius:0.025]]
[2020.07.04-17.57.04:261][  0]LogConfig: Applying CVar settings from Section [TextureQuality@3] File [D:/Testing Unrealengine/MY FINAL UNREAL ENGINE PROJECT/UnrealEngine_Trunesh/pinball_Trunesh/Saved/Config/Windows/Scalability.ini]
[2020.07.04-17.57.04:261][  0]LogConfig: Setting CVar [[r.Streaming.MipBias:0]]
[2020.07.04-17.57.04:261][  0]LogConfig: Setting CVar [[r.Streaming.AmortizeCPUToGPUCopy:0]]
[2020.07.04-17.57.04:261][  0]LogConfig: Setting CVar [[r.Streaming.MaxNumTexturesToStreamPerFrame:0]]
[2020.07.04-17.57.04:261][  0]LogConfig: Setting CVar [[r.Streaming.Boost:1]]
[2020.07.04-17.57.04:261][  0]LogConfig: Setting CVar [[r.MaxAnisotropy:8]]
[2020.07.04-17.57.04:261][  0]LogConfig: Setting CVar [[r.VT.MaxAnisotropy:8]]
[2020.07.04-17.57.04:261][  0]LogConfig: Setting CVar [[r.Streaming.LimitPoolSizeToVRAM:0]]
[2020.07.04-17.57.04:261][  0]LogConfig: Setting CVar [[r.Streaming.PoolSize:1000]]
[2020.07.04-17.57.04:261][  0]LogConfig: Setting CVar [[r.Streaming.MaxEffectiveScreenSize:0]]
[2020.07.04-17.57.04:261][  0]LogConfig: Applying CVar settings from Section [EffectsQuality@3] File [D:/Testing Unrealengine/MY FINAL UNREAL ENGINE PROJECT/UnrealEngine_Trunesh/pinball_Trunesh/Saved/Config/Windows/Scalability.ini]
[2020.07.04-17.57.04:261][  0]LogConfig: Setting CVar [[r.TranslucencyLightingVolumeDim:64]]
[2020.07.04-17.57.04:261][  0]LogConfig: Setting CVar [[r.RefractionQuality:2]]
[2020.07.04-17.57.04:261][  0]LogConfig: Setting CVar [[r.SSR.Quality:3]]
[2020.07.04-17.57.04:261][  0]LogConfig: Setting CVar [[r.SSR.HalfResSceneColor:0]]
[2020.07.04-17.57.04:262][  0]LogConfig: Setting CVar [[r.SceneColorFormat:4]]
[2020.07.04-17.57.04:262][  0]LogConfig: Setting CVar [[r.DetailMode:2]]
[2020.07.04-17.57.04:262][  0]LogConfig: Setting CVar [[r.TranslucencyVolumeBlur:1]]
[2020.07.04-17.57.04:262][  0]LogConfig: Setting CVar [[r.MaterialQualityLevel:1 ; High quality]]
[2020.07.04-17.57.04:262][  0]LogConfig: Setting CVar [[r.SSS.Scale:1]]
[2020.07.04-17.57.04:262][  0]LogConfig: Setting CVar [[r.SSS.SampleSet:2]]
[2020.07.04-17.57.04:262][  0]LogConfig: Setting CVar [[r.SSS.Quality:1]]
[2020.07.04-17.57.04:262][  0]LogConfig: Setting CVar [[r.SSS.HalfRes:0]]
[2020.07.04-17.57.04:262][  0]LogConfig: Setting CVar [[r.SSGI.Quality:3]]
[2020.07.04-17.57.04:262][  0]LogConfig: Setting CVar [[r.EmitterSpawnRateScale:1.0]]
[2020.07.04-17.57.04:262][  0]LogConfig: Setting CVar [[r.ParticleLightQuality:2]]
[2020.07.04-17.57.04:262][  0]LogConfig: Setting CVar [[r.SkyAtmosphere.AerialPerspectiveLUT.FastApplyOnOpaque:1 ; Always have FastSkyLUT 1 in this case to avoid wrong sky]]
[2020.07.04-17.57.04:262][  0]LogConfig: Setting CVar [[r.SkyAtmosphere.AerialPerspectiveLUT.SampleCountPerSlice:1]]
[2020.07.04-17.57.04:262][  0]LogConfig: Setting CVar [[r.SkyAtmosphere.AerialPerspectiveLUT.DepthResolution:16.0]]
[2020.07.04-17.57.04:262][  0]LogConfig: Setting CVar [[r.SkyAtmosphere.FastSkyLUT:1]]
[2020.07.04-17.57.04:262][  0]LogConfig: Setting CVar [[r.SkyAtmosphere.FastSkyLUT.SampleCountMin:4.0]]
[2020.07.04-17.57.04:262][  0]LogConfig: Setting CVar [[r.SkyAtmosphere.FastSkyLUT.SampleCountMax:32.0]]
[2020.07.04-17.57.04:262][  0]LogConfig: Setting CVar [[r.SkyAtmosphere.SampleCountMin:4.0]]
[2020.07.04-17.57.04:262][  0]LogConfig: Setting CVar [[r.SkyAtmosphere.SampleCountMax:32.0]]
[2020.07.04-17.57.04:262][  0]LogConfig: Setting CVar [[r.SkyAtmosphere.TransmittanceLUT.UseSmallFormat:0]]
[2020.07.04-17.57.04:262][  0]LogConfig: Setting CVar [[r.SkyAtmosphere.TransmittanceLUT.SampleCount:10.0]]
[2020.07.04-17.57.04:262][  0]LogConfig: Setting CVar [[r.SkyAtmosphere.MultiScatteringLUT.SampleCount:15.0]]
[2020.07.04-17.57.04:262][  0]LogConfig: Applying CVar settings from Section [FoliageQuality@3] File [D:/Testing Unrealengine/MY FINAL UNREAL ENGINE PROJECT/UnrealEngine_Trunesh/pinball_Trunesh/Saved/Config/Windows/Scalability.ini]
[2020.07.04-17.57.04:262][  0]LogConfig: Setting CVar [[foliage.DensityScale:1.0]]
[2020.07.04-17.57.04:262][  0]LogConfig: Setting CVar [[grass.DensityScale:1.0]]
[2020.07.04-17.57.04:262][  0]LogConfig: Applying CVar settings from Section [ShadingQuality@3] File [D:/Testing Unrealengine/MY FINAL UNREAL ENGINE PROJECT/UnrealEngine_Trunesh/pinball_Trunesh/Saved/Config/Windows/Scalability.ini]
[2020.07.04-17.57.04:262][  0]LogConfig: Setting CVar [[r.HairStrands.SkyLighting.SampleCount:16]]
[2020.07.04-17.57.04:262][  0]LogConfig: Setting CVar [[r.HairStrands.SkyLighting.JitterIntegration:0]]
[2020.07.04-17.57.04:262][  0]LogConfig: Setting CVar [[r.HairStrands.SkyAO.SampleCount:16]]
[2020.07.04-17.57.04:262][  0]LogConfig: Setting CVar [[r.HairStrands.DeepShadow.SuperSampling:0]]
[2020.07.04-17.57.04:262][  0]LogConfig: Setting CVar [[r.HairStrands.VisibilityPPLL:0]]
[2020.07.04-17.57.04:262][  0]LogConfig: Setting CVar [[r.HairStrands.RasterizationScale:0.5]]
[2020.07.04-17.57.04:262][  0]LogConfig: Setting CVar [[r.HairStrands.VelocityRasterizationScale:1]]
[2020.07.04-17.57.04:262][  0]LogConfig: Applying CVar settings from Section [Startup] File [../../../Engine/Config/ConsoleVariables.ini]
[2020.07.04-17.57.04:262][  0]LogConfig: Setting CVar [[net.UseAdaptiveNetUpdateFrequency:0]]
[2020.07.04-17.57.04:262][  0]LogConfig: Setting CVar [[p.chaos.AllowCreatePhysxBodies:1]]
[2020.07.04-17.57.04:262][  0]LogConfig: Setting CVar [[fx.SkipVectorVMBackendOptimizations:1]]
[2020.07.04-17.57.04:262][  0]LogConfig: Applying CVar settings from Section [ConsoleVariables] File [D:/Testing Unrealengine/MY FINAL UNREAL ENGINE PROJECT/UnrealEngine_Trunesh/pinball_Trunesh/Saved/Config/Windows/Engine.ini]
[2020.07.04-17.57.04:263][  0]LogInit: Computer: DESKTOP-7QVL6SO
[2020.07.04-17.57.04:263][  0]LogInit: User: Karunesh
[2020.07.04-17.57.04:263][  0]LogInit: CPU Page size=4096, Cores=4
[2020.07.04-17.57.04:263][  0]LogInit: High frequency timer resolution =10.000000 MHz
[2020.07.04-17.57.04:263][  0]LogMemory: Memory total: Physical=7.8GB (8GB approx)
[2020.07.04-17.57.04:263][  0]LogMemory: Platform Memory Stats for Windows
[2020.07.04-17.57.04:263][  0]LogMemory: Process Physical Memory: 116.75 MB used, 116.75 MB peak
[2020.07.04-17.57.04:263][  0]LogMemory: Process Virtual Memory: 110.64 MB used, 110.64 MB peak
[2020.07.04-17.57.04:263][  0]LogMemory: Physical Memory: 5013.75 MB used,  3020.55 MB free, 8034.30 MB total
[2020.07.04-17.57.04:263][  0]LogMemory: Virtual Memory: 5159.46 MB used,  134212568.00 MB free, 134217728.00 MB total
[2020.07.04-17.57.04:269][  0]LogWindows: WindowsPlatformFeatures enabled
[2020.07.04-17.57.04:317][  0]LogInit: Physics initialised using underlying interface: PhysX
[2020.07.04-17.57.04:318][  0]LogInit: Using OS detected language (en-US).
[2020.07.04-17.57.04:318][  0]LogInit: Using OS detected locale (en-US).
[2020.07.04-17.57.04:325][  0]LogTextLocalizationManager: No specific localization for 'en-US' exists, so the 'en' localization will be used.
[2020.07.04-17.57.04:575][  0]LogInit: Setting process to per monitor DPI aware
[2020.07.04-17.57.04:639][  0]LogSlate: New Slate User Created.  User Index 0, Is Virtual User: 0
[2020.07.04-17.57.04:639][  0]LogSlate: Slate User Registered.  User Index 0, Is Virtual User: 0
[2020.07.04-17.57.04:850][  0]LogHMD: Failed to initialize OpenVR with code 110
[2020.07.04-17.57.04:850][  0]LogD3D11RHI: D3D11 min allowed feature level: 11_0
[2020.07.04-17.57.04:850][  0]LogD3D11RHI: D3D11 max allowed feature level: 11_0
[2020.07.04-17.57.04:850][  0]LogD3D11RHI: D3D11 adapters:
[2020.07.04-17.57.04:986][  0]LogD3D11RHI:    0. 'NVIDIA GeForce GTX 1050 Ti' (Feature Level 11_0)
[2020.07.04-17.57.04:986][  0]LogD3D11RHI:       4018/0/4017 MB DedicatedVideo/DedicatedSystem/SharedSystem, Outputs:1, VendorId:0x10de
[2020.07.04-17.57.05:007][  0]LogD3D11RHI:    1. 'Intel(R) UHD Graphics 630' (Feature Level 11_0)
[2020.07.04-17.57.05:007][  0]LogD3D11RHI:       128/0/4017 MB DedicatedVideo/DedicatedSystem/SharedSystem, Outputs:0, VendorId:0x8086
[2020.07.04-17.57.05:010][  0]LogD3D11RHI:    2. 'Microsoft Basic Render Driver' (Feature Level 11_0)
[2020.07.04-17.57.05:010][  0]LogD3D11RHI:       0/0/4017 MB DedicatedVideo/DedicatedSystem/SharedSystem, Outputs:0, VendorId:0x1414
[2020.07.04-17.57.05:010][  0]LogD3D11RHI: Chosen D3D11 Adapter: 0
[2020.07.04-17.57.05:032][  0]LogD3D11RHI: Creating new Direct3DDevice
[2020.07.04-17.57.05:033][  0]LogD3D11RHI:     GPU DeviceId: 0x1c8c (for the marketing name, search the web for "GPU Device Id")
[2020.07.04-17.57.05:033][  0]LogWindows: EnumDisplayDevices:
[2020.07.04-17.57.05:033][  0]LogWindows:    0. 'Intel(R) UHD Graphics 630' (P:1 D:1)
[2020.07.04-17.57.05:033][  0]LogWindows:    1. 'Intel(R) UHD Graphics 630' (P:0 D:0)
[2020.07.04-17.57.05:034][  0]LogWindows:    2. 'Intel(R) UHD Graphics 630' (P:0 D:0)
[2020.07.04-17.57.05:034][  0]LogWindows:    3. 'NVIDIA GeForce GTX 1050 Ti' (P:0 D:0)
[2020.07.04-17.57.05:034][  0]LogWindows: DebugString: PrimaryIsNotTheChoosenAdapter PrimaryIsNotTheChoosenAdapter PrimaryIsNotTheChoosenAdapter 
[2020.07.04-17.57.05:034][  0]LogD3D11RHI:     Adapter Name: NVIDIA GeForce GTX 1050 Ti
[2020.07.04-17.57.05:034][  0]LogD3D11RHI:   Driver Version: 446.14 (internal:26.21.14.4614, unified:446.14)
[2020.07.04-17.57.05:034][  0]LogD3D11RHI:      Driver Date: 5-15-2020
[2020.07.04-17.57.05:034][  0]LogRHI: Texture pool is 2812 MB (70% of 4018 MB)
[2020.07.04-17.57.05:124][  0]LogD3D11RHI: RHI has support for 64 bit atomics
[2020.07.04-17.57.05:127][  0]LogD3D11RHI: [Aftermath] Enabled and primed
[2020.07.04-17.57.05:127][  0]LogD3D11RHI: Async texture creation enabled
[2020.07.04-17.57.05:127][  0]LogD3D11RHI: Array index from any shader is supported
[2020.07.04-17.57.05:151][  0]LogD3D11RHI: GPU Timing Frequency: 1000.000000 (Debug: 2 1)
[2020.07.04-17.57.05:616][  0]LogTargetPlatformManager: Display: Loaded TargetPlatform 'AllDesktop'
[2020.07.04-17.57.05:648][  0]LogTargetPlatformManager: Display: Loaded TargetPlatform 'Android'
[2020.07.04-17.57.05:648][  0]LogTargetPlatformManager: Display: Loaded TargetPlatform 'Android_ASTC'
[2020.07.04-17.57.05:648][  0]LogTargetPlatformManager: Display: Loaded TargetPlatform 'Android_DXT'
[2020.07.04-17.57.05:648][  0]LogTargetPlatformManager: Display: Loaded TargetPlatform 'Android_ETC2'
[2020.07.04-17.57.05:648][  0]LogTargetPlatformManager: Display: Loaded TargetPlatform 'AndroidClient'
[2020.07.04-17.57.05:648][  0]LogTargetPlatformManager: Display: Loaded TargetPlatform 'Android_ASTCClient'
[2020.07.04-17.57.05:648][  0]LogTargetPlatformManager: Display: Loaded TargetPlatform 'Android_DXTClient'
[2020.07.04-17.57.05:648][  0]LogTargetPlatformManager: Display: Loaded TargetPlatform 'Android_ETC2Client'
[2020.07.04-17.57.05:648][  0]LogTargetPlatformManager: Display: Loaded TargetPlatform 'Android_Multi'
[2020.07.04-17.57.05:648][  0]LogTargetPlatformManager: Display: Loaded TargetPlatform 'Android_MultiClient'
[2020.07.04-17.57.05:688][  0]LogTargetPlatformManager: Display: Loaded TargetPlatform 'IOSClient'
[2020.07.04-17.57.05:688][  0]LogTargetPlatformManager: Display: Loaded TargetPlatform 'IOS'
[2020.07.04-17.57.05:704][  0]LogTargetPlatformManager: Display: Loaded TargetPlatform 'Linux'
[2020.07.04-17.57.05:717][  0]LogTargetPlatformManager: Display: Loaded TargetPlatform 'LinuxNoEditor'
[2020.07.04-17.57.05:732][  0]LogTargetPlatformManager: Display: Loaded TargetPlatform 'LinuxClient'
[2020.07.04-17.57.05:746][  0]LogTargetPlatformManager: Display: Loaded TargetPlatform 'LinuxServer'
[2020.07.04-17.57.05:760][  0]LogTargetPlatformManager: Display: Loaded TargetPlatform 'LinuxAArch64NoEditor'
[2020.07.04-17.57.05:779][  0]LogTargetPlatformManager: Display: Loaded TargetPlatform 'LinuxAArch64Client'
[2020.07.04-17.57.05:795][  0]LogTargetPlatformManager: Display: Loaded TargetPlatform 'LinuxAArch64Server'
[2020.07.04-17.57.05:847][  0]LogTargetPlatformManager: Display: Loaded TargetPlatform 'Lumin'
[2020.07.04-17.57.05:847][  0]LogTargetPlatformManager: Display: Loaded TargetPlatform 'LuminClient'
[2020.07.04-17.57.05:877][  0]LogTargetPlatformManager: Display: Loaded TargetPlatform 'TVOSClient'
[2020.07.04-17.57.05:877][  0]LogTargetPlatformManager: Display: Loaded TargetPlatform 'TVOS'
[2020.07.04-17.57.05:891][  0]LogTargetPlatformManager: Display: Loaded TargetPlatform 'WindowsNoEditor'
[2020.07.04-17.57.05:905][  0]LogTargetPlatformManager: Display: Loaded TargetPlatform 'Windows'
[2020.07.04-17.57.05:918][  0]LogTargetPlatformManager: Display: Loaded TargetPlatform 'WindowsClient'
[2020.07.04-17.57.05:932][  0]LogTargetPlatformManager: Display: Loaded TargetPlatform 'WindowsServer'
[2020.07.04-17.57.05:932][  0]LogTargetPlatformManager: Display: Building Assets For Windows
[2020.07.04-17.57.05:942][  0]LogAudioDebug: Display: Lib vorbis DLL was dynamically loaded.
[2020.07.04-17.57.06:023][  0]LogShaderCompilers: Guid format shader working directory is -52 characters bigger than the processId version (../../../../Testing Unrealengine/MY FINAL UNREAL ENGINE PROJECT/UnrealEngine_Trunesh/pinball_Trunesh/Intermediate/Shaders/WorkingDirectory/14260/).
[2020.07.04-17.57.06:023][  0]LogShaderCompilers: Cleaned the shader compiler working directory 'C:/Users/Karunesh/AppData/Local/Temp/UnrealShaderWorkingDir/F8D3C3BE4F150B35328957A9FC2F6A24/'.
[2020.07.04-17.57.06:024][  0]LogXGEController: Cannot use XGE Controller as Incredibuild is not installed on this machine.
[2020.07.04-17.57.06:024][  0]LogShaderCompilers: Cannot use XGE Shader Compiler as Incredibuild is not installed on this machine.
[2020.07.04-17.57.06:024][  0]LogShaderCompilers: Display: Using Local Shader Compiler.
[2020.07.04-17.57.07:295][  0]LogDerivedDataCache: Display: Max Cache Size: 512 MB
[2020.07.04-17.57.07:370][  0]LogDerivedDataCache: Loaded boot cache 0.08s 75MB C:/Users/Karunesh/AppData/Local/UnrealEngine/4.25/DerivedDataCache/Boot.ddc.
[2020.07.04-17.57.07:370][  0]LogDerivedDataCache: Display: Loaded Boot cache: C:/Users/Karunesh/AppData/Local/UnrealEngine/4.25/DerivedDataCache/Boot.ddc
[2020.07.04-17.57.07:383][  0]LogDerivedDataCache: FDerivedDataBackendGraph:  Pak pak cache file ../../../../Testing Unrealengine/MY FINAL UNREAL ENGINE PROJECT/UnrealEngine_Trunesh/pinball_Trunesh/DerivedDataCache/DDC.ddp not found, will not use a pak cache.
[2020.07.04-17.57.07:384][  0]LogDerivedDataCache: Unable to find inner node Pak for hierarchical cache Hierarchy.
[2020.07.04-17.57.07:384][  0]LogDerivedDataCache: FDerivedDataBackendGraph:  CompressedPak pak cache file ../../../../Testing Unrealengine/MY FINAL UNREAL ENGINE PROJECT/UnrealEngine_Trunesh/pinball_Trunesh/DerivedDataCache/Compressed.ddp not found, will not use a pak cache.
[2020.07.04-17.57.07:384][  0]LogDerivedDataCache: Unable to find inner node CompressedPak for hierarchical cache Hierarchy.
[2020.07.04-17.57.07:401][  0]LogDerivedDataCache: Display: Pak cache opened for reading ../../../Engine/DerivedDataCache/Compressed.ddp.
[2020.07.04-17.57.07:401][  0]LogDerivedDataCache: FDerivedDataBackendGraph:  EnterprisePak pak cache file ../../../Enterprise/DerivedDataCache/Compressed.ddp not found, will not use a pak cache.
[2020.07.04-17.57.07:401][  0]LogDerivedDataCache: Unable to find inner node EnterprisePak for hierarchical cache Hierarchy.
[2020.07.04-17.57.07:403][  0]LogDerivedDataCache: Using Local data cache path C:/Users/Karunesh/AppData/Local/UnrealEngine/Common/DerivedDataCache: Writable
[2020.07.04-17.57.07:403][  0]LogDerivedDataCache: Shared data cache path not found in *engine.ini, will not use an Shared cache.
[2020.07.04-17.57.07:403][  0]LogDerivedDataCache: Unable to find inner node Shared for hierarchical cache Hierarchy.
[2020.07.04-17.57.07:487][  0]LogSlate: Using FreeType 2.10.0
[2020.07.04-17.57.07:488][  0]LogSlate: SlateFontServices - WITH_FREETYPE: 1, WITH_HARFBUZZ: 1
[2020.07.04-17.57.07:525][  0]LogAssetRegistry: FAssetRegistry took 0.0037 seconds to start up
[2020.07.04-17.57.07:879][  0]LogInit: Selected Device Profile: [Windows]
[2020.07.04-17.57.08:057][  0]LogMeshReduction: Using QuadricMeshReduction for automatic static mesh reduction
[2020.07.04-17.57.08:057][  0]LogMeshReduction: Using SimplygonMeshReduction for automatic skeletal mesh reduction
[2020.07.04-17.57.08:057][  0]LogMeshReduction: Using ProxyLODMeshReduction for automatic mesh merging
[2020.07.04-17.57.08:057][  0]LogMeshReduction: No distributed automatic mesh merging module available
[2020.07.04-17.57.08:057][  0]LogMeshMerging: No distributed automatic mesh merging module available
[2020.07.04-17.57.08:080][  0]LogNetVersion: pinball_Trunesh 1.0.0, NetCL: 13144385, EngineNetVer: 14, GameNetVer: 0 (Checksum: 4184778678)
[2020.07.04-17.57.08:761][  0]LogAISub: UAISubsystem::UAISubsystem AISubsystem (00000121B94F53C0), frame # 0
[2020.07.04-17.57.08:761][  0]LogAISub: UAISubsystem::UAISubsystem AIPerceptionSystem (00000121BDA4AAC0), frame # 0
[2020.07.04-17.57.08:763][  0]LogAISub: UAISubsystem::UAISubsystem EnvQueryManager (00000121B94AC800), frame # 0
[2020.07.04-17.57.08:925][  0]LogPackageLocalizationCache: Processed 19 localized package path(s) for 1 prioritized culture(s) in 0.152972 seconds
[2020.07.04-17.57.08:932][  0]LogUObjectArray: 15917 objects as part of root set at end of initial load.
[2020.07.04-17.57.08:932][  0]LogUObjectAllocator: 3965568 out of 0 bytes used by permanent object pool.
[2020.07.04-17.57.08:932][  0]LogUObjectArray: CloseDisregardForGC: 0/0 objects in disregard for GC pool
[2020.07.04-17.57.09:425][  0]LogTcpMessaging: Initializing TcpMessaging bridge
[2020.07.04-17.57.09:431][  0]LogUdpMessaging: Initializing bridge on interface 0.0.0.0:0 to multicast group 230.0.0.1:6666.
[2020.07.04-17.57.09:540][  0]SourceControl: Source control is disabled
[2020.07.04-17.57.09:540][  0]SourceControl: Source control is disabled
[2020.07.04-17.57.09:544][  0]SourceControl: Source control is disabled
[2020.07.04-17.57.09:548][  0]SourceControl: Source control is disabled
[2020.07.04-17.57.09:560][  0]SourceControl: Source control is disabled
[2020.07.04-17.57.09:904][  0]LogAndroidPermission: UAndroidPermissionCallbackProxy::GetInstance
[2020.07.04-17.57.09:933][  0]LogAudioCaptureCore: Display: No Audio Capture implementations found. Audio input will be silent.
[2020.07.04-17.57.09:933][  0]LogAudioCaptureCore: Display: No Audio Capture implementations found. Audio input will be silent.
[2020.07.04-17.57.10:006][  0]LogOcInput: OculusInput pre-init called
[2020.07.04-17.57.10:021][  0]LogWindows: Failed to load 'OVRPlugin.dll' (GetLastError=126)
[2020.07.04-17.57.10:021][  0]LogWindows: File 'OVRPlugin.dll' does not exist
[2020.07.04-17.57.10:118][  0]LogEngine: Initializing Engine...
[2020.07.04-17.57.10:121][  0]LogHMD: Failed to initialize OpenVR with code 110
[2020.07.04-17.57.10:121][  0]LogMagicLeap: Warning: VR disabled because ZI is not enabled.  To enable, in the editor, Edit -> Project Settings -> Plugins -> Magic Leap Plugin -> Enable Zero Iteration
[2020.07.04-17.57.10:123][  0]LogStats: UGameplayTagsManager::InitializeManager -  0.000 s
[2020.07.04-17.57.10:312][  0]LogInit: Initializing FReadOnlyCVARCache
[2020.07.04-17.57.10:322][  0]LogAIModule: Creating AISystem for world Untitled
[2020.07.04-17.57.10:322][  0]LogAISub: UAISubsystem::UAISubsystem EnvQueryManager (00000121C1175C00), frame # 0
[2020.07.04-17.57.10:322][  0]LogAISub: UAISubsystem::UAISubsystem AIPerceptionSystem (00000121C11965C0), frame # 0
[2020.07.04-17.57.10:346][  0]LogAudioMixer: Display: Audio Mixer Platform Settings:
[2020.07.04-17.57.10:346][  0]LogAudioMixer: Display: 	Sample Rate:						  48000
[2020.07.04-17.57.10:346][  0]LogAudioMixer: Display: 	Callback Buffer Frame Size Requested: 1024
[2020.07.04-17.57.10:346][  0]LogAudioMixer: Display: 	Callback Buffer Frame Size To Use:	  1024
[2020.07.04-17.57.10:346][  0]LogAudioMixer: Display: 	Number of buffers to queue:			  2
[2020.07.04-17.57.10:346][  0]LogAudioMixer: Display: 	Max Channels (voices):				  32
[2020.07.04-17.57.10:346][  0]LogAudioMixer: Display: 	Number of Async Source Workers:		  0
[2020.07.04-17.57.10:346][  0]LogAudio: Display: AudioDevice MaxSources: 32
[2020.07.04-17.57.10:347][  0]LogAudio: Display: Using built-in audio occlusion.
[2020.07.04-17.57.10:347][  0]LogAudioMixer: Display: Initializing audio mixer.
[2020.07.04-17.57.10:359][  0]LogAudioMixer: Display: 0: FrontLeft
[2020.07.04-17.57.10:359][  0]LogAudioMixer: Display: 1: FrontRight
[2020.07.04-17.57.10:546][  0]LogAudioMixer: Display: Using Audio Device Speakers (Realtek High Definition Audio)
[2020.07.04-17.57.10:552][  0]LogAudioMixer: Display: Initializing Sound Submixes...
[2020.07.04-17.57.10:555][  0]LogAudioMixer: Display: Creating Master Submix 'MasterSubmixDefault'
[2020.07.04-17.57.10:555][  0]LogAudioMixer: Display: Creating Master Submix 'MasterReverbSubmixDefault'
[2020.07.04-17.57.10:556][  0]LogAudioMixer: Display: Creating Master Submix 'MasterEQSubmixDefault'
[2020.07.04-17.57.10:557][  0]LogInit: FAudioDevice initialized.
[2020.07.04-17.57.10:558][  0]LogNetVersion: Set ProjectVersion to 1.0.0.0. Version Checksum will be recalculated on next use.
[2020.07.04-17.57.10:721][  0]LogDerivedDataCache: Saved boot cache 0.16s 75MB C:/Users/Karunesh/AppData/Local/UnrealEngine/4.25/DerivedDataCache/Boot.ddc.
[2020.07.04-17.57.10:727][  0]LogInit: Texture streaming: Enabled
[2020.07.04-17.57.10:749][  0]LogEngineSessionManager: EngineSessionManager initialized
[2020.07.04-17.57.10:749][  0]LogEditorSessionSummary: Verbose: Initializing EditorSessionSummaryWriter for editor session tracking
[2020.07.04-17.57.10:755][  0]LogEditorSessionSummary: EditorSessionSummaryWriter initialized
[2020.07.04-17.57.10:857][  0]LogInit: Transaction tracking system initialized
[2020.07.04-17.57.10:886][  0]BlueprintLog: New page: Editor Load
[2020.07.04-17.57.10:979][  0]LocalizationService: Localization service is disabled
[2020.07.04-17.57.11:229][  0]LogCook: Display: Max memory allowance for cook 16384mb min free memory 0mb
[2020.07.04-17.57.11:229][  0]LogCook: Display: Mobile HDR setting 1
[2020.07.04-17.57.11:278][  0]LogFileCache: Scanning file cache for directory 'D:/Testing Unrealengine/MY FINAL UNREAL ENGINE PROJECT/UnrealEngine_Trunesh/pinball_Trunesh/Content/' took 0.00s
[2020.07.04-17.57.11:278][  0]LogLinker: Warning: Failed to load '/Engine/BasicShapes/Cube': Can't find file.
[2020.07.04-17.57.11:278][  0]LogLinker: Warning: Failed to load '/Engine/BasicShapes/Cube': Can't find file.
[2020.07.04-17.57.11:278][  0]LogUObjectGlobals: Warning: Failed to find object 'StaticMesh /Engine/BasicShapes/Cube.Cube'
[2020.07.04-17.57.11:754][  0]SourceControl: Source control is disabled
[2020.07.04-17.57.11:754][  0]LogUnrealEdMisc: Loading editor; pre map load, took 11.565
[2020.07.04-17.57.11:754][  0]Cmd: MAP LOAD FILE="../../../Engine/Content/Maps/Templates/Template_Default.umap" TEMPLATE=1 SHOWPROGRESS=1 FEATURELEVEL=3
[2020.07.04-17.57.11:755][  0]LightingResults: New page: Lighting Build
[2020.07.04-17.57.11:755][  0]LogWorld: UWorld::CleanupWorld for Untitled, bSessionEnded=true, bCleanupResources=true
[2020.07.04-17.57.11:756][  0]LogSlate: InvalidateAllWidgets triggered.  All widgets were invalidated
[2020.07.04-17.57.11:756][  0]MapCheck: New page: Map Check
[2020.07.04-17.57.11:756][  0]LightingResults: New page: Lighting Build
[2020.07.04-17.57.11:771][  0]LogAISub: UAISubsystem::~UAISubsystem EnvQueryManager (00000121C1175C00), frame # 0
[2020.07.04-17.57.11:771][  0]LogAISub: UAISubsystem::~UAISubsystem AIPerceptionSystem (00000121C11965C0), frame # 0
[2020.07.04-17.57.11:772][  0]LogUObjectHash: Compacting FUObjectHashTables data took   0.99ms
[2020.07.04-17.57.11:873][  0]LogAIModule: Creating AISystem for world Untitled_1
[2020.07.04-17.57.11:873][  0]LogAISub: UAISubsystem::UAISubsystem EnvQueryManager (00000121B122BE00), frame # 0
[2020.07.04-17.57.11:873][  0]LogAISub: UAISubsystem::UAISubsystem AIPerceptionSystem (00000121B1371BC0), frame # 0
[2020.07.04-17.57.11:878][  0]LogEditorServer: Finished looking for orphan Actors (0.000 secs)
[2020.07.04-17.57.11:895][  0]LogUObjectHash: Compacting FUObjectHashTables data took   1.79ms
[2020.07.04-17.57.11:896][  0]Cmd: MAP CHECKDEP NOCLEARLOG
[2020.07.04-17.57.11:896][  0]MapCheck: Map check complete: 0 Error(s), 0 Warning(s), took 0.344ms to complete.
[2020.07.04-17.57.11:896][  0]LogFileHelpers: Loading map 'Template_Default' took 0.142
[2020.07.04-17.57.11:900][  0]LogUnrealEdMisc: Total Editor Startup Time, took 11.711
[2020.07.04-17.57.12:604][  0]LogSlate: Updating window title bar state: overlay mode, drag disabled, window buttons hidden, title bar hidden
[2020.07.04-17.57.12:616][  0]LogSlate: Updating window title bar state: overlay mode, drag disabled, window buttons hidden, title bar hidden
[2020.07.04-17.57.12:626][  0]LogSlate: Updating window title bar state: overlay mode, drag disabled, window buttons hidden, title bar hidden
[2020.07.04-17.57.12:637][  0]LogSlate: Updating window title bar state: overlay mode, drag disabled, window buttons hidden, title bar hidden
[2020.07.04-17.57.12:680][  0]LogCollectionManager: Loaded 0 collections in 0.001790 seconds
[2020.07.04-17.57.12:793][  0]LogFileCache: Scanning file cache for directory 'D:/Testing Unrealengine/MY FINAL UNREAL ENGINE PROJECT/UnrealEngine_Trunesh/pinball_Trunesh/Saved/Collections/' took 0.00s
[2020.07.04-17.57.12:794][  0]LogFileCache: Scanning file cache for directory 'D:/Testing Unrealengine/MY FINAL UNREAL ENGINE PROJECT/UnrealEngine_Trunesh/pinball_Trunesh/Content/Developers/Karunesh/Collections/' took 0.00s
[2020.07.04-17.57.12:794][  0]LogFileCache: Scanning file cache for directory 'D:/Testing Unrealengine/MY FINAL UNREAL ENGINE PROJECT/UnrealEngine_Trunesh/pinball_Trunesh/Content/Collections/' took 0.00s
[2020.07.04-17.57.12:794][  0]LogContentBrowser: Native class hierarchy populated in 0.0161 seconds. Added 3427 classes and 821 folders.
[2020.07.04-17.57.12:887][  0]LogContentBrowser: Native class hierarchy updated for 'WidgetCarousel' in 0.0004 seconds. Added 0 classes and 0 folders.
[2020.07.04-17.57.14:063][  0]LogContentBrowser: Native class hierarchy updated for 'AddContentDialog' in 0.0004 seconds. Added 0 classes and 0 folders.
[2020.07.04-17.57.14:106][  0]LogContentBrowser: Native class hierarchy updated for 'SceneOutliner' in 0.0005 seconds. Added 2 classes and 0 folders.
[2020.07.04-17.57.14:544][  0]LogSlate: Took 0.000285 seconds to synchronously load lazily loaded font '../../../Engine/Content/Slate/Fonts/Roboto-Regular.ttf' (155K)
[2020.07.04-17.57.14:559][  0]LogSlate: Took 0.000194 seconds to synchronously load lazily loaded font '../../../Engine/Content/Slate/Fonts/Roboto-Bold.ttf' (160K)
[2020.07.04-17.57.14:598][  0]LogSlate: Took 0.014557 seconds to synchronously load lazily loaded font '../../../Engine/Content/Editor/Slate/Fonts/FontAwesome.ttf' (139K)
[2020.07.04-17.57.15:109][  0]LogRenderer: Reallocating scene render targets to support 1112x652 Format 10 NumSamples 1 (Frame:1).
[2020.07.04-17.57.15:744][  0]LogContentBrowser: Native class hierarchy updated for 'HierarchicalLODOutliner' in 0.0004 seconds. Added 0 classes and 0 folders.
[2020.07.04-17.57.15:744][  0]LogLoad: (Engine Initialization) Total time: 15.56 seconds
[2020.07.04-17.57.15:744][  0]LogLoad: (Engine Initialization) Total Blueprint compile time: 0.00 seconds
[2020.07.04-17.57.15:816][  0]LogAssetRegistry: Asset discovery search completed in 8.2919 seconds
[2020.07.04-17.57.15:822][  0]LogCollectionManager: Fixed up redirectors for 0 collections in 0.000003 seconds (updated 0 objects)
[2020.07.04-17.57.15:846][  0]LogContentStreaming: Texture pool size now 1000 MB
[2020.07.04-17.57.16:166][  0]LogSlate: Took 0.056162 seconds to synchronously load lazily loaded font '../../../Engine/Content/Slate/Fonts/Roboto-Light.ttf' (167K)
[2020.07.04-17.57.17:321][  3]LogSlate: Took 0.000203 seconds to synchronously load lazily loaded font '../../../Engine/Content/Slate/Fonts/Roboto-Light.ttf' (167K)
[2020.07.04-17.57.21:693][197]LogUObjectHash: Compacting FUObjectHashTables data took   1.34ms
[2020.07.04-17.57.21:698][197]Cmd: MAP LOAD FILE="../../../../Testing Unrealengine/MY FINAL UNREAL ENGINE PROJECT/UnrealEngine_Trunesh/pinball_Trunesh/Content/Pinball_Trunesh.umap" TEMPLATE=0 SHOWPROGRESS=1 FEATURELEVEL=3
[2020.07.04-17.57.21:769][197]LightingResults: New page: Lighting Build
[2020.07.04-17.57.21:769][197]LoadErrors: New page: Loading map: Pinball_Trunesh.umap
[2020.07.04-17.57.21:769][197]LogWorld: UWorld::CleanupWorld for Untitled_1, bSessionEnded=true, bCleanupResources=true
[2020.07.04-17.57.21:770][197]LogSlate: InvalidateAllWidgets triggered.  All widgets were invalidated
[2020.07.04-17.57.21:770][197]MapCheck: New page: Map Check
[2020.07.04-17.57.21:770][197]LightingResults: New page: Lighting Build
[2020.07.04-17.57.21:786][197]LogAISub: UAISubsystem::~UAISubsystem EnvQueryManager (00000121B122BE00), frame # 197
[2020.07.04-17.57.21:786][197]LogAISub: UAISubsystem::~UAISubsystem AIPerceptionSystem (00000121B1371BC0), frame # 197
[2020.07.04-17.57.21:787][197]LogUObjectHash: Compacting FUObjectHashTables data took   0.89ms
[2020.07.04-17.57.23:391][197]LogLinker: Warning: While loading '../../../../Testing Unrealengine/MY FINAL UNREAL ENGINE PROJECT/UnrealEngine_Trunesh/pinball_Trunesh/Content/assets/SM_TableFrame.uasset' failed to load '/Game/assets/M_Metal_Steel_Inst': Can't find file.
[2020.07.04-17.57.23:392][197]LogLinker: Warning: While loading '../../../../Testing Unrealengine/MY FINAL UNREAL ENGINE PROJECT/UnrealEngine_Trunesh/pinball_Trunesh/Content/assets/SM_TableFrame.uasset' failed to load '/Game/assets/M_Metal_Steel_Inst': Can't find file.
[2020.07.04-17.57.23:392][197]LogLinker: Warning: While loading '../../../../Testing Unrealengine/MY FINAL UNREAL ENGINE PROJECT/UnrealEngine_Trunesh/pinball_Trunesh/Content/assets/SM_TableFrame.uasset' failed to load '/Game/assets/M_Wood_Oak_Inst': Can't find file.
[2020.07.04-17.57.23:392][197]LogLinker: Warning: While loading '../../../../Testing Unrealengine/MY FINAL UNREAL ENGINE PROJECT/UnrealEngine_Trunesh/pinball_Trunesh/Content/assets/SM_TableFrame.uasset' failed to load '/Game/assets/M_Wood_Oak_Inst': Can't find file.
[2020.07.04-17.57.23:399][197]LogLinker: Warning: While loading '../../../../Testing Unrealengine/MY FINAL UNREAL ENGINE PROJECT/UnrealEngine_Trunesh/pinball_Trunesh/Content/assets/SM_TableFrame.uasset' failed to load '/Game/assets/M_Metal_Steel_Inst': Can't find file.
[2020.07.04-17.57.23:399][197]LogLinker: Warning: While loading '../../../../Testing Unrealengine/MY FINAL UNREAL ENGINE PROJECT/UnrealEngine_Trunesh/pinball_Trunesh/Content/assets/SM_TableFrame.uasset' failed to load '/Game/assets/M_Metal_Steel_Inst': Can't find file.
[2020.07.04-17.57.23:399][197]LogLinker: Warning: While loading '../../../../Testing Unrealengine/MY FINAL UNREAL ENGINE PROJECT/UnrealEngine_Trunesh/pinball_Trunesh/Content/assets/SM_TableFrame.uasset' failed to load '/Game/assets/M_Wood_Oak_Inst': Can't find file.
[2020.07.04-17.57.23:399][197]LogLinker: Warning: While loading '../../../../Testing Unrealengine/MY FINAL UNREAL ENGINE PROJECT/UnrealEngine_Trunesh/pinball_Trunesh/Content/assets/SM_TableFrame.uasset' failed to load '/Game/assets/M_Wood_Oak_Inst': Can't find file.
[2020.07.04-17.57.23:591][197]LogLinker: Warning: While loading '../../../../Testing Unrealengine/MY FINAL UNREAL ENGINE PROJECT/UnrealEngine_Trunesh/pinball_Trunesh/Content/assets/SM_TableFrame.uasset' failed to load '/Game/assets/M_Wood_Oak_Inst': Can't find file.
[2020.07.04-17.57.23:591][197]LoadErrors: Failed to load /Game/assets/M_Wood_Oak_Inst.M_Wood_Oak_Inst Referenced by SM_TableFrame
[2020.07.04-17.57.23:591][197]LogLinker: Warning: While loading '../../../../Testing Unrealengine/MY FINAL UNREAL ENGINE PROJECT/UnrealEngine_Trunesh/pinball_Trunesh/Content/assets/SM_TableFrame.uasset' failed to load '/Game/assets/M_Wood_Oak_Inst': Can't find file.
[2020.07.04-17.57.23:591][197]LogLinker: Warning: While loading '../../../../Testing Unrealengine/MY FINAL UNREAL ENGINE PROJECT/UnrealEngine_Trunesh/pinball_Trunesh/Content/assets/SM_TableFrame.uasset' failed to load '/Game/assets/M_Metal_Steel_Inst': Can't find file.
[2020.07.04-17.57.23:591][197]LoadErrors: Failed to load /Game/assets/M_Metal_Steel_Inst.M_Metal_Steel_Inst Referenced by SM_TableFrame
[2020.07.04-17.57.23:592][197]LogLinker: Warning: While loading '../../../../Testing Unrealengine/MY FINAL UNREAL ENGINE PROJECT/UnrealEngine_Trunesh/pinball_Trunesh/Content/assets/SM_TableFrame.uasset' failed to load '/Game/assets/M_Metal_Steel_Inst': Can't find file.
[2020.07.04-17.57.23:592][197]LogLinker: Warning: While loading '../../../../Testing Unrealengine/MY FINAL UNREAL ENGINE PROJECT/UnrealEngine_Trunesh/pinball_Trunesh/Content/assets/SM_TableFrame.uasset' failed to load '/Game/assets/M_Wood_Oak_Inst': Can't find file.
[2020.07.04-17.57.23:592][197]LogLinker: Warning: While loading '../../../../Testing Unrealengine/MY FINAL UNREAL ENGINE PROJECT/UnrealEngine_Trunesh/pinball_Trunesh/Content/assets/SM_TableFrame.uasset' failed to load '/Game/assets/M_Wood_Oak_Inst': Can't find file.
[2020.07.04-17.57.23:593][197]LogLinker: Warning: While loading '../../../../Testing Unrealengine/MY FINAL UNREAL ENGINE PROJECT/UnrealEngine_Trunesh/pinball_Trunesh/Content/assets/SM_TableFrame.uasset' failed to load '/Game/assets/M_Metal_Steel_Inst': Can't find file.
[2020.07.04-17.57.23:593][197]LogLinker: Warning: While loading '../../../../Testing Unrealengine/MY FINAL UNREAL ENGINE PROJECT/UnrealEngine_Trunesh/pinball_Trunesh/Content/assets/SM_TableFrame.uasset' failed to load '/Game/assets/M_Metal_Steel_Inst': Can't find file.
[2020.07.04-17.57.24:027][197]LogAIModule: Creating AISystem for world Pinball_Trunesh
[2020.07.04-17.57.24:027][197]LogAISub: UAISubsystem::UAISubsystem EnvQueryManager (00000121E1E50C00), frame # 197
[2020.07.04-17.57.24:027][197]LogAISub: UAISubsystem::UAISubsystem AIPerceptionSystem (00000121E1E9E840), frame # 197
[2020.07.04-17.57.24:223][197]LogEditorServer: Finished looking for orphan Actors (0.000 secs)
[2020.07.04-17.57.24:362][197]LogUObjectHash: Compacting FUObjectHashTables data took   1.57ms
[2020.07.04-17.57.24:438][197]Cmd: MAP CHECKDEP NOCLEARLOG
[2020.07.04-17.57.24:439][197]MapCheck: Map check complete: 0 Error(s), 0 Warning(s), took 0.51ms to complete.
[2020.07.04-17.57.24:439][197]LogFileHelpers: Loading map 'Pinball_Trunesh' took 2.740
[2020.07.04-17.57.24:440][197]LogSlate: Window 'Open Level' being destroyed
[2020.07.04-17.57.24:630][197]LogSlate: Took 0.047986 seconds to synchronously load lazily loaded font '../../../Engine/Content/Slate/Fonts/DroidSansMono.ttf' (77K)
[2020.07.04-17.57.25:842][251]LogSlate: Window 'Message Log' being destroyed
[2020.07.04-17.57.25:875][251]LogSlate: Window 'Message Log' being destroyed
[2020.07.04-17.57.33:032][609]LogSlate: Took 0.020838 seconds to synchronously load lazily loaded font '../../../Engine/Content/Slate/Fonts/Roboto-Italic.ttf' (157K)
[2020.07.04-17.57.47:443][229]LogTemp: Repeating last play command: New Editor Window (PIE)
[2020.07.04-17.57.47:624][229]LogPlayLevel: PlayLevel: No blueprints needed recompiling
[2020.07.04-17.57.47:638][229]PIE: New page: PIE session: Pinball_Trunesh (Jul 5, 2020, 4:57:47 AM)
[2020.07.04-17.57.47:647][229]LogOnline: OSS: Creating online subsystem instance for: NULL
[2020.07.04-17.57.47:662][229]LogOnline: OSS: TryLoadSubsystemAndSetDefault: Loaded subsystem for module [NULL]
[2020.07.04-17.57.47:662][229]LogPlayLevel: Creating play world package: /Game/UEDPIE_0_Pinball_Trunesh
[2020.07.04-17.57.47:744][229]LogPlayLevel: PIE: StaticDuplicateObject took: (0.082381s)
[2020.07.04-17.57.47:746][229]LogAIModule: Creating AISystem for world Pinball_Trunesh
[2020.07.04-17.57.47:746][229]LogAISub: UAISubsystem::UAISubsystem EnvQueryManager (000001221C5C2000), frame # 1229
[2020.07.04-17.57.47:746][229]LogAISub: UAISubsystem::UAISubsystem AIPerceptionSystem (00000121B123B380), frame # 1229
[2020.07.04-17.57.47:747][229]LogPlayLevel: PIE: World Init took: (0.002204s)
[2020.07.04-17.57.47:747][229]LogPlayLevel: PIE: Created PIE world by copying editor world from /Game/Pinball_Trunesh.Pinball_Trunesh to /Game/UEDPIE_0_Pinball_Trunesh.Pinball_Trunesh (0.084790s)
[2020.07.04-17.57.47:762][229]LogUObjectHash: Compacting FUObjectHashTables data took   0.92ms
[2020.07.04-17.57.47:764][229]LogAudioMixer: Display: Audio Mixer Platform Settings:
[2020.07.04-17.57.47:764][229]LogAudioMixer: Display: 	Sample Rate:						  48000
[2020.07.04-17.57.47:764][229]LogAudioMixer: Display: 	Callback Buffer Frame Size Requested: 1024
[2020.07.04-17.57.47:764][229]LogAudioMixer: Display: 	Callback Buffer Frame Size To Use:	  1024
[2020.07.04-17.57.47:765][229]LogAudioMixer: Display: 	Number of buffers to queue:			  2
[2020.07.04-17.57.47:765][229]LogAudioMixer: Display: 	Max Channels (voices):				  32
[2020.07.04-17.57.47:765][229]LogAudioMixer: Display: 	Number of Async Source Workers:		  0
[2020.07.04-17.57.47:765][229]LogAudio: Display: AudioDevice MaxSources: 32
[2020.07.04-17.57.47:765][229]LogAudio: Display: Using built-in audio occlusion.
[2020.07.04-17.57.47:765][229]LogAudioMixer: Display: Initializing audio mixer.
[2020.07.04-17.57.47:768][229]LogAudioMixer: Display: 0: FrontLeft
[2020.07.04-17.57.47:769][229]LogAudioMixer: Display: 1: FrontRight
[2020.07.04-17.57.47:805][229]LogAudioMixer: Display: Using Audio Device Speakers (Realtek High Definition Audio)
[2020.07.04-17.57.47:805][229]LogAudioMixer: Display: Initializing Sound Submixes...
[2020.07.04-17.57.47:805][229]LogAudioMixer: Display: Creating Master Submix 'MasterSubmixDefault'
[2020.07.04-17.57.47:805][229]LogAudioMixer: Display: Creating Master Submix 'MasterReverbSubmixDefault'
[2020.07.04-17.57.47:806][229]LogAudioMixer: Display: Creating Master Submix 'MasterEQSubmixDefault'
[2020.07.04-17.57.47:827][229]LogInit: FAudioDevice initialized.
[2020.07.04-17.57.47:873][229]LogSlate: Updating window title bar state: overlay mode, drag disabled, window buttons hidden, title bar hidden
[2020.07.04-17.57.47:874][229]LogLoad: Game class is 'PinBallGamemode_C'
[2020.07.04-17.57.47:901][229]LogWorld: Bringing World /Game/UEDPIE_0_Pinball_Trunesh.Pinball_Trunesh up for play (max tick rate 60) at 2020.07.04-23.27.47
[2020.07.04-17.57.47:907][229]LogWorld: Bringing up level for play took: 0.015411
[2020.07.04-17.57.47:907][229]LogOnline: OSS: Creating online subsystem instance for: :Context_11
[2020.07.04-17.57.47:925][229]LogContentBrowser: Native class hierarchy updated for 'MovieSceneCapture' in 0.0006 seconds. Added 20 classes and 0 folders.
[2020.07.04-17.57.48:008][229]PIE: Server logged in
[2020.07.04-17.57.48:010][229]PIE: Play in editor total start time 0.388 seconds.
[2020.07.04-17.57.48:169][230]LogRenderer: Reallocating scene render targets to support 1280x720 Format 10 NumSamples 1 (Frame:1).
[2020.07.04-17.57.48:169][230]LogSlate: Updating window title bar state: overlay mode, drag disabled, window buttons hidden, title bar hidden
[2020.07.04-17.57.49:548][287]LogSlate: Updating window title bar state: overlay mode, drag disabled, window buttons hidden, title bar hidden
[2020.07.04-17.57.59:719][856]LogSlate: Updating window title bar state: overlay mode, drag disabled, window buttons hidden, title bar hidden
[2020.07.04-17.57.59:719][856]LogWorld: BeginTearingDown for /Game/UEDPIE_0_Pinball_Trunesh
[2020.07.04-17.57.59:719][856]LogSlate: Window 'pinball_Trunesh Preview [NetMode: Standalone] (64-bit/Windows) ' being destroyed
[2020.07.04-17.57.59:731][856]LogWorld: UWorld::CleanupWorld for Pinball_Trunesh, bSessionEnded=true, bCleanupResources=true
[2020.07.04-17.57.59:732][856]LogSlate: InvalidateAllWidgets triggered.  All widgets were invalidated
[2020.07.04-17.57.59:745][856]LogPlayLevel: Display: Shutting down PIE online subsystems
[2020.07.04-17.57.59:747][856]LogSlate: InvalidateAllWidgets triggered.  All widgets were invalidated
[2020.07.04-17.57.59:795][856]LogAISub: UAISubsystem::~UAISubsystem AIPerceptionSystem (00000121B123B380), frame # 1856
[2020.07.04-17.57.59:795][856]LogAISub: UAISubsystem::~UAISubsystem EnvQueryManager (000001221C5C2000), frame # 1856
[2020.07.04-17.57.59:797][856]LogUObjectHash: Compacting FUObjectHashTables data took   1.03ms
[2020.07.04-17.57.59:920][857]LogPlayLevel: Display: Destroying online subsystem :Context_11
[2020.07.04-17.58.30:075][648]LogEditorViewport: Clicking on Actor (LMB): CameraActor (CameraActor)
[2020.07.04-17.58.57:928][916]LogTemp: Repeating last play command: New Editor Window (PIE)
[2020.07.04-17.58.57:954][916]LogPlayLevel: PlayLevel: No blueprints needed recompiling
[2020.07.04-17.58.57:955][916]PIE: New page: PIE session: Pinball_Trunesh (Jul 5, 2020, 4:58:57 AM)
[2020.07.04-17.58.57:955][916]LogPlayLevel: Creating play world package: /Game/UEDPIE_0_Pinball_Trunesh
[2020.07.04-17.58.58:005][916]LogPlayLevel: PIE: StaticDuplicateObject took: (0.050327s)
[2020.07.04-17.58.58:007][916]LogAIModule: Creating AISystem for world Pinball_Trunesh
[2020.07.04-17.58.58:007][916]LogAISub: UAISubsystem::UAISubsystem EnvQueryManager (00000121D6F48E00), frame # 4916
[2020.07.04-17.58.58:007][916]LogAISub: UAISubsystem::UAISubsystem AIPerceptionSystem (00000121AAF582C0), frame # 4916
[2020.07.04-17.58.58:007][916]LogPlayLevel: PIE: World Init took: (0.001666s)
[2020.07.04-17.58.58:007][916]LogPlayLevel: PIE: Created PIE world by copying editor world from /Game/Pinball_Trunesh.Pinball_Trunesh to /Game/UEDPIE_0_Pinball_Trunesh.Pinball_Trunesh (0.052167s)
[2020.07.04-17.58.58:023][916]LogUObjectHash: Compacting FUObjectHashTables data took   1.09ms
[2020.07.04-17.58.58:025][916]LogAudioMixer: Display: Audio Mixer Platform Settings:
[2020.07.04-17.58.58:025][916]LogAudioMixer: Display: 	Sample Rate:						  48000
[2020.07.04-17.58.58:025][916]LogAudioMixer: Display: 	Callback Buffer Frame Size Requested: 1024
[2020.07.04-17.58.58:025][916]LogAudioMixer: Display: 	Callback Buffer Frame Size To Use:	  1024
[2020.07.04-17.58.58:025][916]LogAudioMixer: Display: 	Number of buffers to queue:			  2
[2020.07.04-17.58.58:025][916]LogAudioMixer: Display: 	Max Channels (voices):				  32
[2020.07.04-17.58.58:025][916]LogAudioMixer: Display: 	Number of Async Source Workers:		  0
[2020.07.04-17.58.58:025][916]LogAudio: Display: AudioDevice MaxSources: 32
[2020.07.04-17.58.58:026][916]LogAudio: Display: Using built-in audio occlusion.
[2020.07.04-17.58.58:026][916]LogAudioMixer: Display: Initializing audio mixer.
[2020.07.04-17.58.58:028][916]LogAudioMixer: Display: 0: FrontLeft
[2020.07.04-17.58.58:028][916]LogAudioMixer: Display: 1: FrontRight
[2020.07.04-17.58.58:057][916]LogAudioMixer: Display: Using Audio Device Speakers (Realtek High Definition Audio)
[2020.07.04-17.58.58:057][916]LogAudioMixer: Display: Initializing Sound Submixes...
[2020.07.04-17.58.58:057][916]LogAudioMixer: Display: Creating Master Submix 'MasterSubmixDefault'
[2020.07.04-17.58.58:057][916]LogAudioMixer: Display: Creating Master Submix 'MasterReverbSubmixDefault'
[2020.07.04-17.58.58:058][916]LogAudioMixer: Display: Creating Master Submix 'MasterEQSubmixDefault'
[2020.07.04-17.58.58:079][916]LogInit: FAudioDevice initialized.
[2020.07.04-17.58.58:130][916]LogSlate: Updating window title bar state: overlay mode, drag disabled, window buttons hidden, title bar hidden
[2020.07.04-17.58.58:131][916]LogLoad: Game class is 'PinBallGamemode_C'
[2020.07.04-17.58.58:140][916]LogWorld: Bringing World /Game/UEDPIE_0_Pinball_Trunesh.Pinball_Trunesh up for play (max tick rate 60) at 2020.07.04-23.28.58
[2020.07.04-17.58.58:141][916]LogWorld: Bringing up level for play took: 0.009375
[2020.07.04-17.58.58:141][916]LogOnline: OSS: Creating online subsystem instance for: :Context_12
[2020.07.04-17.58.58:148][916]PIE: Server logged in
[2020.07.04-17.58.58:150][916]PIE: Play in editor total start time 0.198 seconds.
[2020.07.04-17.58.58:260][917]LogSlate: Updating window title bar state: overlay mode, drag disabled, window buttons hidden, title bar hidden
[2020.07.04-17.58.59:182][960]LogSlate: Updating window title bar state: overlay mode, drag disabled, window buttons hidden, title bar hidden
[2020.07.04-17.59.03:398][191]LogSlate: Updating window title bar state: overlay mode, drag disabled, window buttons hidden, title bar hidden
[2020.07.04-17.59.03:398][191]LogWorld: BeginTearingDown for /Game/UEDPIE_0_Pinball_Trunesh
[2020.07.04-17.59.03:399][191]LogSlate: Window 'pinball_Trunesh Preview [NetMode: Standalone] (64-bit/Windows) ' being destroyed
[2020.07.04-17.59.03:404][191]LogWorld: UWorld::CleanupWorld for Pinball_Trunesh, bSessionEnded=true, bCleanupResources=true
[2020.07.04-17.59.03:406][191]LogSlate: InvalidateAllWidgets triggered.  All widgets were invalidated
[2020.07.04-17.59.03:414][191]LogPlayLevel: Display: Shutting down PIE online subsystems
[2020.07.04-17.59.03:416][191]LogSlate: InvalidateAllWidgets triggered.  All widgets were invalidated
[2020.07.04-17.59.03:466][191]LogAISub: UAISubsystem::~UAISubsystem AIPerceptionSystem (00000121AAF582C0), frame # 5191
[2020.07.04-17.59.03:466][191]LogAISub: UAISubsystem::~UAISubsystem EnvQueryManager (00000121D6F48E00), frame # 5191
[2020.07.04-17.59.03:470][191]LogUObjectHash: Compacting FUObjectHashTables data took   3.22ms
[2020.07.04-17.59.03:533][192]LogPlayLevel: Display: Destroying online subsystem :Context_12
[2020.07.04-17.59.04:670][245]LogTemp: Repeating last play command: New Editor Window (PIE)
[2020.07.04-17.59.04:698][245]LogPlayLevel: PlayLevel: No blueprints needed recompiling
[2020.07.04-17.59.04:698][245]PIE: New page: PIE session: Pinball_Trunesh (Jul 5, 2020, 4:59:04 AM)
[2020.07.04-17.59.04:698][245]LogPlayLevel: Creating play world package: /Game/UEDPIE_0_Pinball_Trunesh
[2020.07.04-17.59.04:748][245]LogPlayLevel: PIE: StaticDuplicateObject took: (0.050343s)
[2020.07.04-17.59.04:749][245]LogAIModule: Creating AISystem for world Pinball_Trunesh
[2020.07.04-17.59.04:749][245]LogAISub: UAISubsystem::UAISubsystem EnvQueryManager (00000121E1B71E00), frame # 5245
[2020.07.04-17.59.04:749][245]LogAISub: UAISubsystem::UAISubsystem AIPerceptionSystem (00000121E1D8FC40), frame # 5245
[2020.07.04-17.59.04:749][245]LogPlayLevel: PIE: World Init took: (0.001683s)
[2020.07.04-17.59.04:749][245]LogPlayLevel: PIE: Created PIE world by copying editor world from /Game/Pinball_Trunesh.Pinball_Trunesh to /Game/UEDPIE_0_Pinball_Trunesh.Pinball_Trunesh (0.052227s)
[2020.07.04-17.59.04:765][245]LogUObjectHash: Compacting FUObjectHashTables data took   1.03ms
[2020.07.04-17.59.04:766][245]LogAudioMixer: Display: Audio Mixer Platform Settings:
[2020.07.04-17.59.04:766][245]LogAudioMixer: Display: 	Sample Rate:						  48000
[2020.07.04-17.59.04:766][245]LogAudioMixer: Display: 	Callback Buffer Frame Size Requested: 1024
[2020.07.04-17.59.04:766][245]LogAudioMixer: Display: 	Callback Buffer Frame Size To Use:	  1024
[2020.07.04-17.59.04:766][245]LogAudioMixer: Display: 	Number of buffers to queue:			  2
[2020.07.04-17.59.04:766][245]LogAudioMixer: Display: 	Max Channels (voices):				  32
[2020.07.04-17.59.04:766][245]LogAudioMixer: Display: 	Number of Async Source Workers:		  0
[2020.07.04-17.59.04:766][245]LogAudio: Display: AudioDevice MaxSources: 32
[2020.07.04-17.59.04:767][245]LogAudio: Display: Using built-in audio occlusion.
[2020.07.04-17.59.04:767][245]LogAudioMixer: Display: Initializing audio mixer.
[2020.07.04-17.59.04:769][245]LogAudioMixer: Display: 0: FrontLeft
[2020.07.04-17.59.04:769][245]LogAudioMixer: Display: 1: FrontRight
[2020.07.04-17.59.04:797][245]LogAudioMixer: Display: Using Audio Device Speakers (Realtek High Definition Audio)
[2020.07.04-17.59.04:797][245]LogAudioMixer: Display: Initializing Sound Submixes...
[2020.07.04-17.59.04:797][245]LogAudioMixer: Display: Creating Master Submix 'MasterSubmixDefault'
[2020.07.04-17.59.04:797][245]LogAudioMixer: Display: Creating Master Submix 'MasterReverbSubmixDefault'
[2020.07.04-17.59.04:797][245]LogAudioMixer: Display: Creating Master Submix 'MasterEQSubmixDefault'
[2020.07.04-17.59.04:819][245]LogInit: FAudioDevice initialized.
[2020.07.04-17.59.04:856][245]LogSlate: Updating window title bar state: overlay mode, drag disabled, window buttons hidden, title bar hidden
[2020.07.04-17.59.04:856][245]LogLoad: Game class is 'PinBallGamemode_C'
[2020.07.04-17.59.04:864][245]LogWorld: Bringing World /Game/UEDPIE_0_Pinball_Trunesh.Pinball_Trunesh up for play (max tick rate 60) at 2020.07.04-23.29.04
[2020.07.04-17.59.04:865][245]LogWorld: Bringing up level for play took: 0.007522
[2020.07.04-17.59.04:865][245]LogOnline: OSS: Creating online subsystem instance for: :Context_13
[2020.07.04-17.59.04:874][245]PIE: Server logged in
[2020.07.04-17.59.04:875][245]PIE: Play in editor total start time 0.18 seconds.
[2020.07.04-17.59.04:980][246]LogSlate: Updating window title bar state: overlay mode, drag disabled, window buttons hidden, title bar hidden
[2020.07.04-17.59.05:526][274]LogSlate: Updating window title bar state: overlay mode, drag disabled, window buttons hidden, title bar hidden
[2020.07.04-17.59.11:368][621]LogSlate: Updating window title bar state: overlay mode, drag disabled, window buttons hidden, title bar hidden
[2020.07.04-17.59.11:368][621]LogWorld: BeginTearingDown for /Game/UEDPIE_0_Pinball_Trunesh
[2020.07.04-17.59.11:368][621]LogSlate: Window 'pinball_Trunesh Preview [NetMode: Standalone] (64-bit/Windows) ' being destroyed
[2020.07.04-17.59.11:372][621]LogWorld: UWorld::CleanupWorld for Pinball_Trunesh, bSessionEnded=true, bCleanupResources=true
[2020.07.04-17.59.11:374][621]LogSlate: InvalidateAllWidgets triggered.  All widgets were invalidated
[2020.07.04-17.59.11:387][621]LogPlayLevel: Display: Shutting down PIE online subsystems
[2020.07.04-17.59.11:389][621]LogSlate: InvalidateAllWidgets triggered.  All widgets were invalidated
[2020.07.04-17.59.11:436][621]LogAISub: UAISubsystem::~UAISubsystem AIPerceptionSystem (00000121E1D8FC40), frame # 5621
[2020.07.04-17.59.11:436][621]LogAISub: UAISubsystem::~UAISubsystem EnvQueryManager (00000121E1B71E00), frame # 5621
[2020.07.04-17.59.11:438][621]LogUObjectHash: Compacting FUObjectHashTables data took   0.95ms
[2020.07.04-17.59.11:476][622]LogPlayLevel: Display: Destroying online subsystem :Context_13
[2020.07.04-17.59.15:141][819]LogUObjectHash: Compacting FUObjectHashTables data took   0.99ms
[2020.07.04-17.59.15:645][819]LogSavePackage: Moving '../../../../Testing Unrealengine/MY FINAL UNREAL ENGINE PROJECT/UnrealEngine_Trunesh/pinball_Trunesh/Saved/Pinball_Trunesh744E1B27443BD12A930548895BD1F324.tmp' to '../../../../Testing Unrealengine/MY FINAL UNREAL ENGINE PROJECT/UnrealEngine_Trunesh/pinball_Trunesh/Content/Pinball_Trunesh.umap'
[2020.07.04-17.59.15:810][819]LogSavePackage: Moving '../../../../Testing Unrealengine/MY FINAL UNREAL ENGINE PROJECT/UnrealEngine_Trunesh/pinball_Trunesh/Saved/Pinball_Trunesh_BuiltDataD9B9A5C147329325A7004BB482227641.tmp' to '../../../../Testing Unrealengine/MY FINAL UNREAL ENGINE PROJECT/UnrealEngine_Trunesh/pinball_Trunesh/Content/Pinball_Trunesh_BuiltData.uasset'
[2020.07.04-17.59.15:828][819]AssetCheck: New page: Asset Save: multiple assets
[2020.07.04-17.59.15:828][819]LogContentValidation: Display: Validating World /Game/Pinball_Trunesh.Pinball_Trunesh
[2020.07.04-17.59.15:828][819]LogContentValidation: Display: Validating MapBuildDataRegistry /Game/Pinball_Trunesh_BuiltData.Pinball_Trunesh_BuiltData
